<?xml version="1.0" encoding="UTF-8"?>
<robot generator="Robot 3.2.1 (Python 3.9.6 on win32)" generated="20210905 16:05:28.736" rpa="false">
<suite id="s1" name="TC02 Valid Review" source="E:\Robinson HW\Test\TC02_Valid_Review.robot">
<test id="s1-t1" name="Test Case 2">
<kw name="Open browser to page" library="CommonFunctions" type="setup">
<arguments>
<arg>${url}</arg>
<arg>${implicit_timeout}</arg>
</arguments>
<kw name="Evaluate" library="BuiltIn">
<doc>Evaluates the given expression in Python and returns the result.</doc>
<arguments>
<arg>sys.modules['selenium.webdriver'].ChromeOptions()</arg>
<arg>sys</arg>
</arguments>
<assign>
<var>${options}</var>
</assign>
<msg timestamp="20210905 16:05:29.364" level="INFO">${options} = &lt;selenium.webdriver.chrome.options.Options object at 0x000002780B390D00&gt;</msg>
<status status="PASS" starttime="20210905 16:05:29.364" endtime="20210905 16:05:29.364"></status>
</kw>
<kw name="Create Dictionary" library="BuiltIn">
<doc>Creates and returns a dictionary based on the given ``items``.</doc>
<arguments>
<arg>"fasp"=True</arg>
</arguments>
<assign>
<var>${exclude}</var>
</assign>
<msg timestamp="20210905 16:05:29.364" level="INFO">${exclude} = {'"fasp"': 'True'}</msg>
<status status="PASS" starttime="20210905 16:05:29.364" endtime="20210905 16:05:29.365"></status>
</kw>
<kw name="Create Dictionary" library="BuiltIn">
<doc>Creates and returns a dictionary based on the given ``items``.</doc>
<arguments>
<arg>protocol_handler.excluded_schemes=${exclude}</arg>
</arguments>
<assign>
<var>${prefs}</var>
</assign>
<msg timestamp="20210905 16:05:29.365" level="INFO">${prefs} = {'protocol_handler.excluded_schemes': {'"fasp"': 'True'}}</msg>
<status status="PASS" starttime="20210905 16:05:29.365" endtime="20210905 16:05:29.365"></status>
</kw>
<kw name="Call Method" library="BuiltIn">
<doc>Calls the named method of the given object with the provided arguments.</doc>
<arguments>
<arg>${options}</arg>
<arg>add_argument</arg>
<arg>--disable-infobars</arg>
</arguments>
<status status="PASS" starttime="20210905 16:05:29.365" endtime="20210905 16:05:29.365"></status>
</kw>
<kw name="Call Method" library="BuiltIn">
<doc>Calls the named method of the given object with the provided arguments.</doc>
<arguments>
<arg>${options}</arg>
<arg>add_argument</arg>
<arg>--disable-notifications</arg>
</arguments>
<status status="PASS" starttime="20210905 16:05:29.365" endtime="20210905 16:05:29.366"></status>
</kw>
<kw name="Call Method" library="BuiltIn">
<doc>Calls the named method of the given object with the provided arguments.</doc>
<arguments>
<arg>${options}</arg>
<arg>add_experimental_option</arg>
<arg>prefs</arg>
<arg>${prefs}</arg>
</arguments>
<status status="PASS" starttime="20210905 16:05:29.366" endtime="20210905 16:05:29.366"></status>
</kw>
<kw name="Create Webdriver" library="SeleniumLibrary">
<doc>Creates an instance of Selenium WebDriver.</doc>
<arguments>
<arg>Chrome</arg>
<arg>chrome_options=${options}</arg>
</arguments>
<msg timestamp="20210905 16:05:29.366" level="INFO">Creating an instance of the Chrome WebDriver.</msg>
<status status="PASS" starttime="20210905 16:05:29.366" endtime="20210905 16:05:30.435"></status>
</kw>
<kw name="Maximize Browser Window" library="SeleniumLibrary">
<doc>Maximizes current browser window.</doc>
<status status="PASS" starttime="20210905 16:05:30.436" endtime="20210905 16:05:30.559"></status>
</kw>
<kw name="Set Selenium Speed" library="SeleniumLibrary">
<doc>Sets the delay that is waited after each Selenium command.</doc>
<arguments>
<arg>${speed}</arg>
</arguments>
<status status="PASS" starttime="20210905 16:05:30.559" endtime="20210905 16:05:30.560"></status>
</kw>
<kw name="Go To" library="SeleniumLibrary">
<doc>Navigates the current browser window to the provided ``url``.</doc>
<arguments>
<arg>${url}</arg>
</arguments>
<msg timestamp="20210905 16:05:30.560" level="INFO">Opening url 'https://www.robinson.co.th/en'</msg>
<status status="PASS" starttime="20210905 16:05:30.560" endtime="20210905 16:05:36.168"></status>
</kw>
<status status="PASS" starttime="20210905 16:05:29.352" endtime="20210905 16:05:36.168"></status>
</kw>
<kw name="Test Case 2">
<arguments>
<arg>https://www.robinson.co.th/en/bioderma-sensibio-h20-triple-pack-cds20035013</arg>
<arg>BIODERMA</arg>
<arg>Sensibio H20 Triple Pack</arg>
<arg>CDS20035013</arg>
<arg>฿1,700</arg>
<arg>฿2,290</arg>
<arg>฿1,700</arg>
<arg>5</arg>
<arg>adam</arg>
<arg>adam@mail.com</arg>
<arg>awesome</arg>
<arg>Uthai Thani</arg>
<arg>Product is Awesome</arg>
</arguments>
<kw name="Go To" library="SeleniumLibrary">
<doc>Navigates the current browser window to the provided ``url``.</doc>
<arguments>
<arg>${product_details_url}</arg>
</arguments>
<msg timestamp="20210905 16:05:36.171" level="INFO">Opening url 'https://www.robinson.co.th/en/bioderma-sensibio-h20-triple-pack-cds20035013'</msg>
<status status="PASS" starttime="20210905 16:05:36.171" endtime="20210905 16:05:41.855"></status>
</kw>
<kw name="Verify Product Detail Page Information" library="productDetailsPage">
<arguments>
<arg>${brand_name}</arg>
<arg>${product_name}</arg>
<arg>${productID}</arg>
<arg>${product_discount_price}</arg>
<arg>${product_old_price}</arg>
</arguments>
<kw name="Set Selenium Speed" library="SeleniumLibrary">
<doc>Sets the delay that is waited after each Selenium command.</doc>
<arguments>
<arg>1</arg>
</arguments>
<status status="PASS" starttime="20210905 16:05:41.857" endtime="20210905 16:05:41.857"></status>
</kw>
<kw name="Verify Product Navigator Exists" library="productDetailsPage">
<kw name="Element Should Be Visible" library="SeleniumLibrary">
<doc>Verifies that the element identified by ``locator`` is visible.</doc>
<arguments>
<arg>${nav_productDetails}</arg>
</arguments>
<msg timestamp="20210905 16:05:43.908" level="INFO">Element 'xpath://div[@id="ProductDetailPage"]/div[@data-testid="breadcrumb"]' is displayed.</msg>
<status status="PASS" starttime="20210905 16:05:41.858" endtime="20210905 16:05:43.908"></status>
</kw>
<status status="PASS" starttime="20210905 16:05:41.858" endtime="20210905 16:05:43.908"></status>
</kw>
<kw name="Verify Brand Name Exists" library="productDetailsPage">
<arguments>
<arg>${brand_name}</arg>
</arguments>
<kw name="Element Should Be Visible" library="SeleniumLibrary">
<doc>Verifies that the element identified by ``locator`` is visible.</doc>
<arguments>
<arg>${label_brandName}</arg>
</arguments>
<msg timestamp="20210905 16:05:45.955" level="INFO">Element 'xpath://a[@data-testid="brandname-link"]' is displayed.</msg>
<status status="PASS" starttime="20210905 16:05:43.909" endtime="20210905 16:05:45.955"></status>
</kw>
<kw name="Get Text" library="SeleniumLibrary">
<doc>Returns the text value of the element identified by ``locator``.</doc>
<arguments>
<arg>${label_brandName}</arg>
</arguments>
<assign>
<var>${textBrandName}</var>
</assign>
<msg timestamp="20210905 16:05:47.992" level="INFO">${textBrandName} = BIODERMA</msg>
<status status="PASS" starttime="20210905 16:05:45.955" endtime="20210905 16:05:47.992"></status>
</kw>
<kw name="Should Be Equal As Strings" library="BuiltIn">
<doc>Fails if objects are unequal after converting them to strings.</doc>
<arguments>
<arg>${textBrandName}</arg>
<arg>${brandName}</arg>
</arguments>
<status status="PASS" starttime="20210905 16:05:47.992" endtime="20210905 16:05:47.993"></status>
</kw>
<status status="PASS" starttime="20210905 16:05:43.909" endtime="20210905 16:05:47.993"></status>
</kw>
<kw name="Verify Product Name Exists" library="productDetailsPage">
<arguments>
<arg>${product_name}</arg>
</arguments>
<kw name="Element Should Be Visible" library="SeleniumLibrary">
<doc>Verifies that the element identified by ``locator`` is visible.</doc>
<arguments>
<arg>${label_productName}</arg>
</arguments>
<msg timestamp="20210905 16:05:50.031" level="INFO">Element 'xpath://div[contains(@id, "inf-viewProduct")]' is displayed.</msg>
<status status="PASS" starttime="20210905 16:05:47.994" endtime="20210905 16:05:50.031"></status>
</kw>
<kw name="Get Text" library="SeleniumLibrary">
<doc>Returns the text value of the element identified by ``locator``.</doc>
<arguments>
<arg>${label_productName}</arg>
</arguments>
<assign>
<var>${textProductName}</var>
</assign>
<msg timestamp="20210905 16:05:52.063" level="INFO">${textProductName} = Sensibio H20 Triple Pack</msg>
<status status="PASS" starttime="20210905 16:05:50.031" endtime="20210905 16:05:52.063"></status>
</kw>
<kw name="Should Be Equal As Strings" library="BuiltIn">
<doc>Fails if objects are unequal after converting them to strings.</doc>
<arguments>
<arg>${textProductName}</arg>
<arg>${productName}</arg>
</arguments>
<status status="PASS" starttime="20210905 16:05:52.063" endtime="20210905 16:05:52.063"></status>
</kw>
<status status="PASS" starttime="20210905 16:05:47.994" endtime="20210905 16:05:52.063"></status>
</kw>
<kw name="Verify Product Discount Price Exists" library="productDetailsPage">
<arguments>
<arg>${product_discount_price}</arg>
</arguments>
<kw name="Element Should Be Visible" library="SeleniumLibrary">
<doc>Verifies that the element identified by ``locator`` is visible.</doc>
<arguments>
<arg>${label_product_discount_price}</arg>
</arguments>
<msg timestamp="20210905 16:05:54.093" level="INFO">Element 'xpath://div[@data-testid="price-sell"]' is displayed.</msg>
<status status="PASS" starttime="20210905 16:05:52.064" endtime="20210905 16:05:54.093"></status>
</kw>
<kw name="Get Text" library="SeleniumLibrary">
<doc>Returns the text value of the element identified by ``locator``.</doc>
<arguments>
<arg>${label_product_discount_price}</arg>
</arguments>
<assign>
<var>${price}</var>
</assign>
<msg timestamp="20210905 16:05:56.133" level="INFO">${price} = ฿1,700</msg>
<status status="PASS" starttime="20210905 16:05:54.093" endtime="20210905 16:05:56.133"></status>
</kw>
<kw name="Should Be Equal As Strings" library="BuiltIn">
<doc>Fails if objects are unequal after converting them to strings.</doc>
<arguments>
<arg>${price}</arg>
<arg>${displayed_price}</arg>
</arguments>
<status status="PASS" starttime="20210905 16:05:56.133" endtime="20210905 16:05:56.134"></status>
</kw>
<status status="PASS" starttime="20210905 16:05:52.064" endtime="20210905 16:05:56.134"></status>
</kw>
<kw name="Verify Product Old Price Exists" library="productDetailsPage">
<arguments>
<arg>${product_old_price}</arg>
</arguments>
<kw name="Element Should Be Visible" library="SeleniumLibrary">
<doc>Verifies that the element identified by ``locator`` is visible.</doc>
<arguments>
<arg>${label_product_old_price}</arg>
</arguments>
<msg timestamp="20210905 16:05:58.175" level="INFO">Element 'xpath://div[contains(@id, "inf-viewPriceSave-")]' is displayed.</msg>
<status status="PASS" starttime="20210905 16:05:56.136" endtime="20210905 16:05:58.175"></status>
</kw>
<kw name="Get Text" library="SeleniumLibrary">
<doc>Returns the text value of the element identified by ``locator``.</doc>
<arguments>
<arg>${label_product_old_price}</arg>
</arguments>
<assign>
<var>${price}</var>
</assign>
<msg timestamp="20210905 16:06:00.206" level="INFO">${price} = ฿2,290</msg>
<status status="PASS" starttime="20210905 16:05:58.175" endtime="20210905 16:06:00.206"></status>
</kw>
<kw name="Should Be Equal As Strings" library="BuiltIn">
<doc>Fails if objects are unequal after converting them to strings.</doc>
<arguments>
<arg>${price}</arg>
<arg>${displayed_price}</arg>
</arguments>
<status status="PASS" starttime="20210905 16:06:00.206" endtime="20210905 16:06:00.207"></status>
</kw>
<status status="PASS" starttime="20210905 16:05:56.135" endtime="20210905 16:06:00.208"></status>
</kw>
<kw name="Verify Product Image Exists" library="productDetailsPage">
<arguments>
<arg>${product_name}</arg>
</arguments>
<kw name="Format String" library="String">
<doc>Formats a ``template`` using the given ``positional`` and ``named`` arguments.</doc>
<arguments>
<arg>${img_productImage}</arg>
<arg>productName=${productName}</arg>
</arguments>
<assign>
<var>${img_productImage}</var>
</assign>
<msg timestamp="20210905 16:06:00.210" level="INFO">${img_productImage} = xpath://img[@alt="Sensibio H20 Triple Pack"]</msg>
<status status="PASS" starttime="20210905 16:06:00.209" endtime="20210905 16:06:00.210"></status>
</kw>
<kw name="Element Should Be Visible" library="SeleniumLibrary">
<doc>Verifies that the element identified by ``locator`` is visible.</doc>
<arguments>
<arg>${img_productImage}</arg>
</arguments>
<msg timestamp="20210905 16:06:02.250" level="INFO">Element 'xpath://img[@alt="Sensibio H20 Triple Pack"]' is displayed.</msg>
<status status="PASS" starttime="20210905 16:06:00.210" endtime="20210905 16:06:02.250"></status>
</kw>
<status status="PASS" starttime="20210905 16:06:00.208" endtime="20210905 16:06:02.250"></status>
</kw>
<kw name="Verify Quantity Drop Down Exists" library="productDetailsPage">
<kw name="Element Should Be Visible" library="SeleniumLibrary">
<doc>Verifies that the element identified by ``locator`` is visible.</doc>
<arguments>
<arg>${dropdown_quantity}</arg>
</arguments>
<msg timestamp="20210905 16:06:04.289" level="INFO">Element 'xpath://div[contains(@id, "sel-addQty-")]/..' is displayed.</msg>
<status status="PASS" starttime="20210905 16:06:02.251" endtime="20210905 16:06:04.289"></status>
</kw>
<status status="PASS" starttime="20210905 16:06:02.251" endtime="20210905 16:06:04.289"></status>
</kw>
<kw name="Verify Add To Bag Button Exists" library="productDetailsPage">
<arguments>
<arg>${productID}</arg>
</arguments>
<kw name="Format String" library="String">
<doc>Formats a ``template`` using the given ``positional`` and ``named`` arguments.</doc>
<arguments>
<arg>${btn_addToBag}</arg>
<arg>productID=${productID}</arg>
</arguments>
<assign>
<var>${btn_addToBag}</var>
</assign>
<msg timestamp="20210905 16:06:04.292" level="INFO">${btn_addToBag} = xpath://div[@id="btn-addCart-CDS20035013"]</msg>
<status status="PASS" starttime="20210905 16:06:04.291" endtime="20210905 16:06:04.292"></status>
</kw>
<kw name="Element Should Be Visible" library="SeleniumLibrary">
<doc>Verifies that the element identified by ``locator`` is visible.</doc>
<arguments>
<arg>${btn_addToBag}</arg>
</arguments>
<msg timestamp="20210905 16:06:06.329" level="INFO">Element 'xpath://div[@id="btn-addCart-CDS20035013"]' is displayed.</msg>
<status status="PASS" starttime="20210905 16:06:04.292" endtime="20210905 16:06:06.329"></status>
</kw>
<status status="PASS" starttime="20210905 16:06:04.290" endtime="20210905 16:06:06.329"></status>
</kw>
<kw name="Verify Add To Wish List Button Exists" library="productDetailsPage">
<kw name="Element Should Be Visible" library="SeleniumLibrary">
<doc>Verifies that the element identified by ``locator`` is visible.</doc>
<arguments>
<arg>${btn_addToWishList}</arg>
</arguments>
<msg timestamp="20210905 16:06:08.368" level="INFO">Element 'xpath://div[@data-testid="inf-viewAddToWishlistV2View-Container"]/..' is displayed.</msg>
<status status="PASS" starttime="20210905 16:06:06.330" endtime="20210905 16:06:08.368"></status>
</kw>
<status status="PASS" starttime="20210905 16:06:06.329" endtime="20210905 16:06:08.368"></status>
</kw>
<kw name="Verify Product Details Area Exists" library="productDetailsPage">
<kw name="Element Should Be Visible" library="SeleniumLibrary">
<doc>Verifies that the element identified by ``locator`` is visible.</doc>
<arguments>
<arg>${area_product_details}</arg>
</arguments>
<msg timestamp="20210905 16:06:10.406" level="INFO">Element 'xpath://div[@id="tabDetail"]' is displayed.</msg>
<status status="PASS" starttime="20210905 16:06:08.369" endtime="20210905 16:06:10.406"></status>
</kw>
<status status="PASS" starttime="20210905 16:06:08.369" endtime="20210905 16:06:10.406"></status>
</kw>
<kw name="Verify Customer Review Area Exists" library="productDetailsPage">
<kw name="Element Should Be Visible" library="SeleniumLibrary">
<doc>Verifies that the element identified by ``locator`` is visible.</doc>
<arguments>
<arg>${area_customer_review}</arg>
</arguments>
<msg timestamp="20210905 16:06:12.445" level="INFO">Element 'xpath://div[@id="review-section"]' is displayed.</msg>
<status status="PASS" starttime="20210905 16:06:10.407" endtime="20210905 16:06:12.445"></status>
</kw>
<status status="PASS" starttime="20210905 16:06:10.407" endtime="20210905 16:06:12.445"></status>
</kw>
<kw name="Execute Javascript" library="SeleniumLibrary">
<doc>Executes the given JavaScript code with possible arguments.</doc>
<arguments>
<arg>window.scrollTo(0, document.body.scrollHeight)</arg>
</arguments>
<msg timestamp="20210905 16:06:12.446" level="INFO">Executing JavaScript:
window.scrollTo(0, document.body.scrollHeight)
Without any arguments.</msg>
<status status="PASS" starttime="20210905 16:06:12.445" endtime="20210905 16:06:13.507"></status>
</kw>
<kw name="Verify Similar Product Area Exists" library="productDetailsPage">
<kw name="Element Should Be Visible" library="SeleniumLibrary">
<doc>Verifies that the element identified by ``locator`` is visible.</doc>
<arguments>
<arg>${area_similar_product}</arg>
</arguments>
<msg timestamp="20210905 16:06:15.565" level="INFO">Element 'xpath://div[@id="SimilarProduct"]' is displayed.</msg>
<status status="PASS" starttime="20210905 16:06:13.507" endtime="20210905 16:06:15.565"></status>
</kw>
<status status="PASS" starttime="20210905 16:06:13.507" endtime="20210905 16:06:15.565"></status>
</kw>
<kw name="Verify You May Like Area Exists" library="productDetailsPage">
<kw name="Element Should Be Visible" library="SeleniumLibrary">
<doc>Verifies that the element identified by ``locator`` is visible.</doc>
<arguments>
<arg>${area_you_may_like}</arg>
</arguments>
<msg timestamp="20210905 16:06:17.603" level="INFO">Element 'xpath://div[@id="YouMayLike"]' is displayed.</msg>
<status status="PASS" starttime="20210905 16:06:15.566" endtime="20210905 16:06:17.603"></status>
</kw>
<status status="PASS" starttime="20210905 16:06:15.566" endtime="20210905 16:06:17.603"></status>
</kw>
<kw name="Verify Facebook Share Button Exists" library="productDetailsPage">
<arguments>
<arg>${productID}</arg>
</arguments>
<kw name="Format String" library="String">
<doc>Formats a ``template`` using the given ``positional`` and ``named`` arguments.</doc>
<arguments>
<arg>${btn_share_facebook_page}</arg>
<arg>productID=${productID}</arg>
</arguments>
<assign>
<var>${btn_share_facebook_page}</var>
</assign>
<msg timestamp="20210905 16:06:17.605" level="INFO">${btn_share_facebook_page} = xpath://a[@id="lnk-shareProductToFacebook-CDS20035013"]</msg>
<status status="PASS" starttime="20210905 16:06:17.605" endtime="20210905 16:06:17.605"></status>
</kw>
<kw name="Element Should Be Visible" library="SeleniumLibrary">
<doc>Verifies that the element identified by ``locator`` is visible.</doc>
<arguments>
<arg>${btn_share_facebook_page}</arg>
</arguments>
<msg timestamp="20210905 16:06:19.646" level="INFO">Element 'xpath://a[@id="lnk-shareProductToFacebook-CDS20035013"]' is displayed.</msg>
<status status="PASS" starttime="20210905 16:06:17.606" endtime="20210905 16:06:19.646"></status>
</kw>
<status status="PASS" starttime="20210905 16:06:17.604" endtime="20210905 16:06:19.646"></status>
</kw>
<kw name="Verify Twitter Share Button Exists" library="productDetailsPage">
<arguments>
<arg>${productID}</arg>
</arguments>
<kw name="Format String" library="String">
<doc>Formats a ``template`` using the given ``positional`` and ``named`` arguments.</doc>
<arguments>
<arg>${btn_share_twitter_page}</arg>
<arg>productID=${productID}</arg>
</arguments>
<assign>
<var>${btn_share_twitter_page}</var>
</assign>
<msg timestamp="20210905 16:06:19.648" level="INFO">${btn_share_twitter_page} = xpath://a[@id="lnk-shareProductToTwitter-CDS20035013"]</msg>
<status status="PASS" starttime="20210905 16:06:19.647" endtime="20210905 16:06:19.648"></status>
</kw>
<kw name="Element Should Be Visible" library="SeleniumLibrary">
<doc>Verifies that the element identified by ``locator`` is visible.</doc>
<arguments>
<arg>${btn_share_twitter_page}</arg>
</arguments>
<msg timestamp="20210905 16:06:21.685" level="INFO">Element 'xpath://a[@id="lnk-shareProductToTwitter-CDS20035013"]' is displayed.</msg>
<status status="PASS" starttime="20210905 16:06:19.648" endtime="20210905 16:06:21.685"></status>
</kw>
<status status="PASS" starttime="20210905 16:06:19.647" endtime="20210905 16:06:21.685"></status>
</kw>
<kw name="Verify Mail Share Button Exists" library="productDetailsPage">
<arguments>
<arg>${productID}</arg>
</arguments>
<kw name="Format String" library="String">
<doc>Formats a ``template`` using the given ``positional`` and ``named`` arguments.</doc>
<arguments>
<arg>${btn_share_mail_page}</arg>
<arg>productID=${productID}</arg>
</arguments>
<assign>
<var>${btn_share_mail_page}</var>
</assign>
<msg timestamp="20210905 16:06:21.687" level="INFO">${btn_share_mail_page} = xpath://a[@id="lnk-shareProductToEmail-CDS20035013"]</msg>
<status status="PASS" starttime="20210905 16:06:21.686" endtime="20210905 16:06:21.687"></status>
</kw>
<kw name="Element Should Be Visible" library="SeleniumLibrary">
<doc>Verifies that the element identified by ``locator`` is visible.</doc>
<arguments>
<arg>${btn_share_mail_page}</arg>
</arguments>
<msg timestamp="20210905 16:06:23.731" level="INFO">Element 'xpath://a[@id="lnk-shareProductToEmail-CDS20035013"]' is displayed.</msg>
<status status="PASS" starttime="20210905 16:06:21.687" endtime="20210905 16:06:23.731"></status>
</kw>
<status status="PASS" starttime="20210905 16:06:21.686" endtime="20210905 16:06:23.731"></status>
</kw>
<kw name="Verify Line Share Button Exists" library="productDetailsPage">
<arguments>
<arg>${productID}</arg>
</arguments>
<kw name="Format String" library="String">
<doc>Formats a ``template`` using the given ``positional`` and ``named`` arguments.</doc>
<arguments>
<arg>${btn_share_line_page}</arg>
<arg>productID=${productID}</arg>
</arguments>
<assign>
<var>${btn_share_line_page}</var>
</assign>
<msg timestamp="20210905 16:06:23.733" level="INFO">${btn_share_line_page} = xpath://a[@id="lnk-shareProductToLine-CDS20035013"]</msg>
<status status="PASS" starttime="20210905 16:06:23.732" endtime="20210905 16:06:23.733"></status>
</kw>
<kw name="Element Should Be Visible" library="SeleniumLibrary">
<doc>Verifies that the element identified by ``locator`` is visible.</doc>
<arguments>
<arg>${btn_share_line_page}</arg>
</arguments>
<msg timestamp="20210905 16:06:25.770" level="INFO">Element 'xpath://a[@id="lnk-shareProductToLine-CDS20035013"]' is displayed.</msg>
<status status="PASS" starttime="20210905 16:06:23.733" endtime="20210905 16:06:25.770"></status>
</kw>
<status status="PASS" starttime="20210905 16:06:23.732" endtime="20210905 16:06:25.770"></status>
</kw>
<kw name="Set Selenium Speed" library="SeleniumLibrary">
<doc>Sets the delay that is waited after each Selenium command.</doc>
<arguments>
<arg>${implicit_timeout}</arg>
</arguments>
<status status="PASS" starttime="20210905 16:06:25.771" endtime="20210905 16:06:25.771"></status>
</kw>
<status status="PASS" starttime="20210905 16:05:41.855" endtime="20210905 16:06:25.771"></status>
</kw>
<kw name="Click Add A Review Button" library="productDetailsPage">
<kw name="Common Click Element" library="CommonFunctions">
<arguments>
<arg>${btn_add_customer_review}</arg>
</arguments>
<kw name="Wait Until Element Is Visible" library="SeleniumLibrary">
<doc>Waits until the element ``locator`` is visible.</doc>
<arguments>
<arg>${element}</arg>
<arg>${timeout}</arg>
<arg>Element ${element} is not visible</arg>
</arguments>
<status status="PASS" starttime="20210905 16:06:25.773" endtime="20210905 16:06:31.812"></status>
</kw>
<kw name="Scroll Element Into View" library="SeleniumLibrary">
<doc>Scrolls the element identified by ``locator`` into view.</doc>
<arguments>
<arg>${element}</arg>
</arguments>
<status status="PASS" starttime="20210905 16:06:31.812" endtime="20210905 16:06:38.126"></status>
</kw>
<kw name="Click Element" library="SeleniumLibrary">
<doc>Click the element identified by ``locator``.</doc>
<arguments>
<arg>${element}</arg>
</arguments>
<msg timestamp="20210905 16:06:38.127" level="INFO">Clicking element 'xpath://a[@data-testid="button-show-popup"]'.</msg>
<status status="PASS" starttime="20210905 16:06:38.126" endtime="20210905 16:06:44.726"></status>
</kw>
<status status="PASS" starttime="20210905 16:06:25.772" endtime="20210905 16:06:44.726"></status>
</kw>
<status status="PASS" starttime="20210905 16:06:25.772" endtime="20210905 16:06:44.727"></status>
</kw>
<kw name="Verify Customer Review Field Information" library="productDetailsPage">
<arguments>
<arg>${product_name}</arg>
</arguments>
<kw name="Set Selenium Speed" library="SeleniumLibrary">
<doc>Sets the delay that is waited after each Selenium command.</doc>
<arguments>
<arg>1</arg>
</arguments>
<status status="PASS" starttime="20210905 16:06:44.728" endtime="20210905 16:06:44.728"></status>
</kw>
<kw name="Verify You Are Reviewing label" library="productDetailsPage">
<arguments>
<arg>${product_name}</arg>
</arguments>
<kw name="Format String" library="String">
<doc>Formats a ``template`` using the given ``positional`` and ``named`` arguments.</doc>
<arguments>
<arg>${label_you_are_reviewing}</arg>
<arg>productName=${product_name}</arg>
</arguments>
<assign>
<var>${label_you_are_reviewing}</var>
</assign>
<msg timestamp="20210905 16:06:44.730" level="INFO">${label_you_are_reviewing} = xpath://h3[text()="Sensibio H20 Triple Pack"]</msg>
<status status="PASS" starttime="20210905 16:06:44.729" endtime="20210905 16:06:44.730"></status>
</kw>
<kw name="Element Should Be Visible" library="SeleniumLibrary">
<doc>Verifies that the element identified by ``locator`` is visible.</doc>
<arguments>
<arg>${label_you_are_reviewing}</arg>
</arguments>
<msg timestamp="20210905 16:06:46.769" level="INFO">Element 'xpath://h3[text()="Sensibio H20 Triple Pack"]' is displayed.</msg>
<status status="PASS" starttime="20210905 16:06:44.730" endtime="20210905 16:06:46.769"></status>
</kw>
<status status="PASS" starttime="20210905 16:06:44.728" endtime="20210905 16:06:46.769"></status>
</kw>
<kw name="Verify Ratings Container Exists" library="productDetailsPage">
<kw name="Element Should Be Visible" library="SeleniumLibrary">
<doc>Verifies that the element identified by ``locator`` is visible.</doc>
<arguments>
<arg>${label_ratings_container}</arg>
</arguments>
<msg timestamp="20210905 16:06:48.807" level="INFO">Element 'xpath://span[contains(text(), "You are reviewing")]/../../..//div[@data-testid="rating-container"]' is displayed.</msg>
<status status="PASS" starttime="20210905 16:06:46.770" endtime="20210905 16:06:48.807"></status>
</kw>
<status status="PASS" starttime="20210905 16:06:46.770" endtime="20210905 16:06:48.807"></status>
</kw>
<kw name="Verify Input Nickname Exists" library="productDetailsPage">
<kw name="Element Should Be Visible" library="SeleniumLibrary">
<doc>Verifies that the element identified by ``locator`` is visible.</doc>
<arguments>
<arg>${input_nickname}</arg>
</arguments>
<msg timestamp="20210905 16:06:50.849" level="INFO">Element 'xpath://input[@data-testid="field-nickname"]' is displayed.</msg>
<status status="PASS" starttime="20210905 16:06:48.808" endtime="20210905 16:06:50.849"></status>
</kw>
<status status="PASS" starttime="20210905 16:06:48.808" endtime="20210905 16:06:50.849"></status>
</kw>
<kw name="Verify Input Email Exists" library="productDetailsPage">
<kw name="Element Should Be Visible" library="SeleniumLibrary">
<doc>Verifies that the element identified by ``locator`` is visible.</doc>
<arguments>
<arg>${input_email}</arg>
</arguments>
<msg timestamp="20210905 16:06:52.887" level="INFO">Element 'xpath://input[@data-testid="field-email"]' is displayed.</msg>
<status status="PASS" starttime="20210905 16:06:50.850" endtime="20210905 16:06:52.887"></status>
</kw>
<status status="PASS" starttime="20210905 16:06:50.850" endtime="20210905 16:06:52.887"></status>
</kw>
<kw name="Verify Input Review Summary Exists" library="productDetailsPage">
<kw name="Element Should Be Visible" library="SeleniumLibrary">
<doc>Verifies that the element identified by ``locator`` is visible.</doc>
<arguments>
<arg>${input_review_summary}</arg>
</arguments>
<msg timestamp="20210905 16:06:54.924" level="INFO">Element 'xpath://input[@data-testid="field-input-title"]' is displayed.</msg>
<status status="PASS" starttime="20210905 16:06:52.888" endtime="20210905 16:06:54.924"></status>
</kw>
<status status="PASS" starttime="20210905 16:06:52.887" endtime="20210905 16:06:54.924"></status>
</kw>
<kw name="Verify Combobox Regions Exists" library="productDetailsPage">
<kw name="Element Should Be Visible" library="SeleniumLibrary">
<doc>Verifies that the element identified by ``locator`` is visible.</doc>
<arguments>
<arg>${combobox_regions}</arg>
</arguments>
<msg timestamp="20210905 16:06:56.963" level="INFO">Element 'xpath://select[@data-testid="field-regions"]' is displayed.</msg>
<status status="PASS" starttime="20210905 16:06:54.925" endtime="20210905 16:06:56.963"></status>
</kw>
<status status="PASS" starttime="20210905 16:06:54.925" endtime="20210905 16:06:56.964"></status>
</kw>
<kw name="Verify Text Area Review Details Exists" library="productDetailsPage">
<kw name="Element Should Be Visible" library="SeleniumLibrary">
<doc>Verifies that the element identified by ``locator`` is visible.</doc>
<arguments>
<arg>${textarea_review_details}</arg>
</arguments>
<msg timestamp="20210905 16:06:59.003" level="INFO">Element 'xpath://textarea[@data-testid="field-textarea-detail"]' is displayed.</msg>
<status status="PASS" starttime="20210905 16:06:56.965" endtime="20210905 16:06:59.003"></status>
</kw>
<status status="PASS" starttime="20210905 16:06:56.964" endtime="20210905 16:06:59.003"></status>
</kw>
<kw name="Verify Upload Button Exists" library="productDetailsPage">
<kw name="Element Should Be Visible" library="SeleniumLibrary">
<doc>Verifies that the element identified by ``locator`` is visible.</doc>
<arguments>
<arg>${btn_upload}</arg>
</arguments>
<msg timestamp="20210905 16:07:01.040" level="INFO">Element 'xpath://div[contains(@data-testid,"UploadImageButton")]' is displayed.</msg>
<status status="PASS" starttime="20210905 16:06:59.004" endtime="20210905 16:07:01.040"></status>
</kw>
<status status="PASS" starttime="20210905 16:06:59.003" endtime="20210905 16:07:01.040"></status>
</kw>
<kw name="Verify Submit Review Button Exists" library="productDetailsPage">
<kw name="Element Should Be Visible" library="SeleniumLibrary">
<doc>Verifies that the element identified by ``locator`` is visible.</doc>
<arguments>
<arg>${btn_submit_review}</arg>
</arguments>
<msg timestamp="20210905 16:07:03.079" level="INFO">Element 'xpath://button[@data-testid="button-submit"]' is displayed.</msg>
<status status="PASS" starttime="20210905 16:07:01.041" endtime="20210905 16:07:03.079"></status>
</kw>
<status status="PASS" starttime="20210905 16:07:01.041" endtime="20210905 16:07:03.079"></status>
</kw>
<kw name="Verify Cancel Review Button Exists" library="productDetailsPage">
<kw name="Element Should Be Visible" library="SeleniumLibrary">
<doc>Verifies that the element identified by ``locator`` is visible.</doc>
<arguments>
<arg>${btn_cancel_review}</arg>
</arguments>
<msg timestamp="20210905 16:07:05.120" level="INFO">Element 'xpath://div[@data-testid="button-cancel"]' is displayed.</msg>
<status status="PASS" starttime="20210905 16:07:03.080" endtime="20210905 16:07:05.120"></status>
</kw>
<status status="PASS" starttime="20210905 16:07:03.080" endtime="20210905 16:07:05.120"></status>
</kw>
<kw name="Set Selenium Speed" library="SeleniumLibrary">
<doc>Sets the delay that is waited after each Selenium command.</doc>
<arguments>
<arg>${implicit_timeout}</arg>
</arguments>
<status status="PASS" starttime="20210905 16:07:05.120" endtime="20210905 16:07:05.120"></status>
</kw>
<status status="PASS" starttime="20210905 16:06:44.727" endtime="20210905 16:07:05.121"></status>
</kw>
<kw name="Fill All Customer Review Fields, Submit and Verify Thank You Message" library="productDetailsPage">
<arguments>
<arg>${ratings}</arg>
<arg>${nickname}</arg>
<arg>${email}</arg>
<arg>${review_summary}</arg>
<arg>${region}</arg>
<arg>${review_dettails}</arg>
</arguments>
<kw name="Set Selenium Speed" library="SeleniumLibrary">
<doc>Sets the delay that is waited after each Selenium command.</doc>
<arguments>
<arg>1.2</arg>
</arguments>
<status status="PASS" starttime="20210905 16:07:05.121" endtime="20210905 16:07:05.121"></status>
</kw>
<kw name="Format String" library="String">
<doc>Formats a ``template`` using the given ``positional`` and ``named`` arguments.</doc>
<arguments>
<arg>${btn_ratings}</arg>
<arg>ratings=${ratings}</arg>
</arguments>
<assign>
<var>${btn_ratings}</var>
</assign>
<msg timestamp="20210905 16:07:05.122" level="INFO">${btn_ratings} = xpath://span[contains(text(), "You are reviewing")]/../../..//div[@data-testid="rating-container"]/span/span[5]</msg>
<status status="PASS" starttime="20210905 16:07:05.122" endtime="20210905 16:07:05.122"></status>
</kw>
<kw name="Common Click Element" library="CommonFunctions">
<arguments>
<arg>${btn_ratings}</arg>
</arguments>
<kw name="Wait Until Element Is Visible" library="SeleniumLibrary">
<doc>Waits until the element ``locator`` is visible.</doc>
<arguments>
<arg>${element}</arg>
<arg>${timeout}</arg>
<arg>Element ${element} is not visible</arg>
</arguments>
<status status="PASS" starttime="20210905 16:07:05.122" endtime="20210905 16:07:07.551"></status>
</kw>
<kw name="Scroll Element Into View" library="SeleniumLibrary">
<doc>Scrolls the element identified by ``locator`` into view.</doc>
<arguments>
<arg>${element}</arg>
</arguments>
<status status="PASS" starttime="20210905 16:07:07.551" endtime="20210905 16:07:10.242"></status>
</kw>
<kw name="Click Element" library="SeleniumLibrary">
<doc>Click the element identified by ``locator``.</doc>
<arguments>
<arg>${element}</arg>
</arguments>
<msg timestamp="20210905 16:07:10.243" level="INFO">Clicking element 'xpath://span[contains(text(), "You are reviewing")]/../../..//div[@data-testid="rating-container"]/span/span[5]'.</msg>
<status status="PASS" starttime="20210905 16:07:10.242" endtime="20210905 16:07:12.758"></status>
</kw>
<status status="PASS" starttime="20210905 16:07:05.122" endtime="20210905 16:07:12.758"></status>
</kw>
<kw name="Input Text" library="SeleniumLibrary">
<doc>Types the given ``text`` into the text field identified by ``locator``.</doc>
<arguments>
<arg>${input_nickname}</arg>
<arg>${nickname}</arg>
</arguments>
<msg timestamp="20210905 16:07:12.758" level="INFO">Typing text 'adam' into text field 'xpath://input[@data-testid="field-nickname"]'.</msg>
<status status="PASS" starttime="20210905 16:07:12.758" endtime="20210905 16:07:16.508"></status>
</kw>
<kw name="Input Text" library="SeleniumLibrary">
<doc>Types the given ``text`` into the text field identified by ``locator``.</doc>
<arguments>
<arg>${input_email}</arg>
<arg>${email}</arg>
</arguments>
<msg timestamp="20210905 16:07:16.508" level="INFO">Typing text 'adam@mail.com' into text field 'xpath://input[@data-testid="field-email"]'.</msg>
<status status="PASS" starttime="20210905 16:07:16.508" endtime="20210905 16:07:20.260"></status>
</kw>
<kw name="Input Text" library="SeleniumLibrary">
<doc>Types the given ``text`` into the text field identified by ``locator``.</doc>
<arguments>
<arg>${input_review_summary}</arg>
<arg>${review_summary}</arg>
</arguments>
<msg timestamp="20210905 16:07:20.261" level="INFO">Typing text 'awesome' into text field 'xpath://input[@data-testid="field-input-title"]'.</msg>
<status status="PASS" starttime="20210905 16:07:20.260" endtime="20210905 16:07:24.056"></status>
</kw>
<kw name="Select From List By Label" library="SeleniumLibrary">
<doc>Selects options from selection list ``locator`` by ``labels``.</doc>
<arguments>
<arg>${combobox_regions}</arg>
<arg>${region}</arg>
</arguments>
<msg timestamp="20210905 16:07:24.057" level="INFO">Selecting options from selection list 'xpath://select[@data-testid="field-regions"]' by label Uthai Thani.</msg>
<status status="PASS" starttime="20210905 16:07:24.056" endtime="20210905 16:07:32.588"></status>
</kw>
<kw name="Input Text" library="SeleniumLibrary">
<doc>Types the given ``text`` into the text field identified by ``locator``.</doc>
<arguments>
<arg>${textarea_review_details}</arg>
<arg>${review_dettails}</arg>
</arguments>
<msg timestamp="20210905 16:07:32.589" level="INFO">Typing text 'Product is Awesome' into text field 'xpath://textarea[@data-testid="field-textarea-detail"]'.</msg>
<status status="PASS" starttime="20210905 16:07:32.588" endtime="20210905 16:07:36.458"></status>
</kw>
<kw name="Common Click Element" library="CommonFunctions">
<arguments>
<arg>${btn_submit_review}</arg>
</arguments>
<kw name="Wait Until Element Is Visible" library="SeleniumLibrary">
<doc>Waits until the element ``locator`` is visible.</doc>
<arguments>
<arg>${element}</arg>
<arg>${timeout}</arg>
<arg>Element ${element} is not visible</arg>
</arguments>
<status status="PASS" starttime="20210905 16:07:36.459" endtime="20210905 16:07:38.888"></status>
</kw>
<kw name="Scroll Element Into View" library="SeleniumLibrary">
<doc>Scrolls the element identified by ``locator`` into view.</doc>
<arguments>
<arg>${element}</arg>
</arguments>
<status status="PASS" starttime="20210905 16:07:38.888" endtime="20210905 16:07:41.576"></status>
</kw>
<kw name="Click Element" library="SeleniumLibrary">
<doc>Click the element identified by ``locator``.</doc>
<arguments>
<arg>${element}</arg>
</arguments>
<msg timestamp="20210905 16:07:41.577" level="INFO">Clicking element 'xpath://button[@data-testid="button-submit"]'.</msg>
<status status="PASS" starttime="20210905 16:07:41.576" endtime="20210905 16:07:44.093"></status>
</kw>
<status status="PASS" starttime="20210905 16:07:36.458" endtime="20210905 16:07:44.093"></status>
</kw>
<kw name="Element Should Be Visible" library="SeleniumLibrary">
<doc>Verifies that the element identified by ``locator`` is visible.</doc>
<arguments>
<arg>${message_feedback_thank}</arg>
</arguments>
<msg timestamp="20210905 16:07:46.531" level="INFO">Element 'xpath://h3/strong[text()="Thank you for your feedback!"]' is displayed.</msg>
<status status="PASS" starttime="20210905 16:07:44.093" endtime="20210905 16:07:46.531"></status>
</kw>
<kw name="Set Selenium Speed" library="SeleniumLibrary">
<doc>Sets the delay that is waited after each Selenium command.</doc>
<arguments>
<arg>${implicit_timeout}</arg>
</arguments>
<status status="PASS" starttime="20210905 16:07:46.531" endtime="20210905 16:07:46.532"></status>
</kw>
<status status="PASS" starttime="20210905 16:07:05.121" endtime="20210905 16:07:46.532"></status>
</kw>
<status status="PASS" starttime="20210905 16:05:36.169" endtime="20210905 16:07:46.532"></status>
</kw>
<kw name="End Test Case" library="CommonFunctions" type="teardown">
<kw name="Close Browser" library="SeleniumLibrary">
<doc>Closes the current browser.</doc>
<status status="PASS" starttime="20210905 16:07:46.534" endtime="20210905 16:07:51.599"></status>
</kw>
<kw name="Log To Console" library="BuiltIn">
<doc>Logs the given message to the console.</doc>
<arguments>
<arg>Ending</arg>
</arguments>
<status status="PASS" starttime="20210905 16:07:51.599" endtime="20210905 16:07:51.600"></status>
</kw>
<status status="PASS" starttime="20210905 16:07:46.533" endtime="20210905 16:07:51.600"></status>
</kw>
<status status="PASS" starttime="20210905 16:05:29.350" endtime="20210905 16:07:51.601" critical="yes"></status>
</test>
<test id="s1-t2" name="Test Case 2">
<kw name="Open browser to page" library="CommonFunctions" type="setup">
<arguments>
<arg>${url}</arg>
<arg>${implicit_timeout}</arg>
</arguments>
<kw name="Evaluate" library="BuiltIn">
<doc>Evaluates the given expression in Python and returns the result.</doc>
<arguments>
<arg>sys.modules['selenium.webdriver'].ChromeOptions()</arg>
<arg>sys</arg>
</arguments>
<assign>
<var>${options}</var>
</assign>
<msg timestamp="20210905 16:07:51.607" level="INFO">${options} = &lt;selenium.webdriver.chrome.options.Options object at 0x000002780CD340A0&gt;</msg>
<status status="PASS" starttime="20210905 16:07:51.607" endtime="20210905 16:07:51.607"></status>
</kw>
<kw name="Create Dictionary" library="BuiltIn">
<doc>Creates and returns a dictionary based on the given ``items``.</doc>
<arguments>
<arg>"fasp"=True</arg>
</arguments>
<assign>
<var>${exclude}</var>
</assign>
<msg timestamp="20210905 16:07:51.608" level="INFO">${exclude} = {'"fasp"': 'True'}</msg>
<status status="PASS" starttime="20210905 16:07:51.607" endtime="20210905 16:07:51.608"></status>
</kw>
<kw name="Create Dictionary" library="BuiltIn">
<doc>Creates and returns a dictionary based on the given ``items``.</doc>
<arguments>
<arg>protocol_handler.excluded_schemes=${exclude}</arg>
</arguments>
<assign>
<var>${prefs}</var>
</assign>
<msg timestamp="20210905 16:07:51.609" level="INFO">${prefs} = {'protocol_handler.excluded_schemes': {'"fasp"': 'True'}}</msg>
<status status="PASS" starttime="20210905 16:07:51.608" endtime="20210905 16:07:51.609"></status>
</kw>
<kw name="Call Method" library="BuiltIn">
<doc>Calls the named method of the given object with the provided arguments.</doc>
<arguments>
<arg>${options}</arg>
<arg>add_argument</arg>
<arg>--disable-infobars</arg>
</arguments>
<status status="PASS" starttime="20210905 16:07:51.609" endtime="20210905 16:07:51.610"></status>
</kw>
<kw name="Call Method" library="BuiltIn">
<doc>Calls the named method of the given object with the provided arguments.</doc>
<arguments>
<arg>${options}</arg>
<arg>add_argument</arg>
<arg>--disable-notifications</arg>
</arguments>
<status status="PASS" starttime="20210905 16:07:51.610" endtime="20210905 16:07:51.610"></status>
</kw>
<kw name="Call Method" library="BuiltIn">
<doc>Calls the named method of the given object with the provided arguments.</doc>
<arguments>
<arg>${options}</arg>
<arg>add_experimental_option</arg>
<arg>prefs</arg>
<arg>${prefs}</arg>
</arguments>
<status status="PASS" starttime="20210905 16:07:51.610" endtime="20210905 16:07:51.611"></status>
</kw>
<kw name="Create Webdriver" library="SeleniumLibrary">
<doc>Creates an instance of Selenium WebDriver.</doc>
<arguments>
<arg>Chrome</arg>
<arg>chrome_options=${options}</arg>
</arguments>
<msg timestamp="20210905 16:07:51.612" level="INFO">Creating an instance of the Chrome WebDriver.</msg>
<status status="PASS" starttime="20210905 16:07:51.611" endtime="20210905 16:07:52.715"></status>
</kw>
<kw name="Maximize Browser Window" library="SeleniumLibrary">
<doc>Maximizes current browser window.</doc>
<status status="PASS" starttime="20210905 16:07:52.715" endtime="20210905 16:07:52.834"></status>
</kw>
<kw name="Set Selenium Speed" library="SeleniumLibrary">
<doc>Sets the delay that is waited after each Selenium command.</doc>
<arguments>
<arg>${speed}</arg>
</arguments>
<status status="PASS" starttime="20210905 16:07:52.834" endtime="20210905 16:07:52.835"></status>
</kw>
<kw name="Go To" library="SeleniumLibrary">
<doc>Navigates the current browser window to the provided ``url``.</doc>
<arguments>
<arg>${url}</arg>
</arguments>
<msg timestamp="20210905 16:07:52.835" level="INFO">Opening url 'https://www.robinson.co.th/en'</msg>
<status status="PASS" starttime="20210905 16:07:52.835" endtime="20210905 16:07:59.166"></status>
</kw>
<status status="PASS" starttime="20210905 16:07:51.605" endtime="20210905 16:07:59.166"></status>
</kw>
<kw name="Test Case 2">
<arguments>
<arg>https://www.robinson.co.th/en/clarins-cr-sr-serum-30-cds10370209</arg>
<arg>CLARINS</arg>
<arg>CR SR SERUM 30</arg>
<arg>CDS10370209</arg>
<arg>฿6,300</arg>
<arg>฿7,000</arg>
<arg>฿6,300</arg>
<arg>4</arg>
<arg>leonardo</arg>
<arg>leonardo@mail.com</arg>
<arg>good good</arg>
<arg>Surin</arg>
<arg>good good good</arg>
</arguments>
<kw name="Go To" library="SeleniumLibrary">
<doc>Navigates the current browser window to the provided ``url``.</doc>
<arguments>
<arg>${product_details_url}</arg>
</arguments>
<msg timestamp="20210905 16:07:59.169" level="INFO">Opening url 'https://www.robinson.co.th/en/clarins-cr-sr-serum-30-cds10370209'</msg>
<status status="PASS" starttime="20210905 16:07:59.168" endtime="20210905 16:08:03.857"></status>
</kw>
<kw name="Verify Product Detail Page Information" library="productDetailsPage">
<arguments>
<arg>${brand_name}</arg>
<arg>${product_name}</arg>
<arg>${productID}</arg>
<arg>${product_discount_price}</arg>
<arg>${product_old_price}</arg>
</arguments>
<kw name="Set Selenium Speed" library="SeleniumLibrary">
<doc>Sets the delay that is waited after each Selenium command.</doc>
<arguments>
<arg>1</arg>
</arguments>
<status status="PASS" starttime="20210905 16:08:03.859" endtime="20210905 16:08:03.859"></status>
</kw>
<kw name="Verify Product Navigator Exists" library="productDetailsPage">
<kw name="Element Should Be Visible" library="SeleniumLibrary">
<doc>Verifies that the element identified by ``locator`` is visible.</doc>
<arguments>
<arg>${nav_productDetails}</arg>
</arguments>
<msg timestamp="20210905 16:08:05.907" level="INFO">Element 'xpath://div[@id="ProductDetailPage"]/div[@data-testid="breadcrumb"]' is displayed.</msg>
<status status="PASS" starttime="20210905 16:08:03.860" endtime="20210905 16:08:05.907"></status>
</kw>
<status status="PASS" starttime="20210905 16:08:03.859" endtime="20210905 16:08:05.907"></status>
</kw>
<kw name="Verify Brand Name Exists" library="productDetailsPage">
<arguments>
<arg>${brand_name}</arg>
</arguments>
<kw name="Element Should Be Visible" library="SeleniumLibrary">
<doc>Verifies that the element identified by ``locator`` is visible.</doc>
<arguments>
<arg>${label_brandName}</arg>
</arguments>
<msg timestamp="20210905 16:08:07.950" level="INFO">Element 'xpath://a[@data-testid="brandname-link"]' is displayed.</msg>
<status status="PASS" starttime="20210905 16:08:05.908" endtime="20210905 16:08:07.950"></status>
</kw>
<kw name="Get Text" library="SeleniumLibrary">
<doc>Returns the text value of the element identified by ``locator``.</doc>
<arguments>
<arg>${label_brandName}</arg>
</arguments>
<assign>
<var>${textBrandName}</var>
</assign>
<msg timestamp="20210905 16:08:09.987" level="INFO">${textBrandName} = CLARINS</msg>
<status status="PASS" starttime="20210905 16:08:07.950" endtime="20210905 16:08:09.987"></status>
</kw>
<kw name="Should Be Equal As Strings" library="BuiltIn">
<doc>Fails if objects are unequal after converting them to strings.</doc>
<arguments>
<arg>${textBrandName}</arg>
<arg>${brandName}</arg>
</arguments>
<status status="PASS" starttime="20210905 16:08:09.987" endtime="20210905 16:08:09.988"></status>
</kw>
<status status="PASS" starttime="20210905 16:08:05.907" endtime="20210905 16:08:09.988"></status>
</kw>
<kw name="Verify Product Name Exists" library="productDetailsPage">
<arguments>
<arg>${product_name}</arg>
</arguments>
<kw name="Element Should Be Visible" library="SeleniumLibrary">
<doc>Verifies that the element identified by ``locator`` is visible.</doc>
<arguments>
<arg>${label_productName}</arg>
</arguments>
<msg timestamp="20210905 16:08:12.026" level="INFO">Element 'xpath://div[contains(@id, "inf-viewProduct")]' is displayed.</msg>
<status status="PASS" starttime="20210905 16:08:09.989" endtime="20210905 16:08:12.026"></status>
</kw>
<kw name="Get Text" library="SeleniumLibrary">
<doc>Returns the text value of the element identified by ``locator``.</doc>
<arguments>
<arg>${label_productName}</arg>
</arguments>
<assign>
<var>${textProductName}</var>
</assign>
<msg timestamp="20210905 16:08:14.059" level="INFO">${textProductName} = CR SR SERUM 30</msg>
<status status="PASS" starttime="20210905 16:08:12.026" endtime="20210905 16:08:14.059"></status>
</kw>
<kw name="Should Be Equal As Strings" library="BuiltIn">
<doc>Fails if objects are unequal after converting them to strings.</doc>
<arguments>
<arg>${textProductName}</arg>
<arg>${productName}</arg>
</arguments>
<status status="PASS" starttime="20210905 16:08:14.059" endtime="20210905 16:08:14.060"></status>
</kw>
<status status="PASS" starttime="20210905 16:08:09.989" endtime="20210905 16:08:14.060"></status>
</kw>
<kw name="Verify Product Discount Price Exists" library="productDetailsPage">
<arguments>
<arg>${product_discount_price}</arg>
</arguments>
<kw name="Element Should Be Visible" library="SeleniumLibrary">
<doc>Verifies that the element identified by ``locator`` is visible.</doc>
<arguments>
<arg>${label_product_discount_price}</arg>
</arguments>
<msg timestamp="20210905 16:08:16.097" level="INFO">Element 'xpath://div[@data-testid="price-sell"]' is displayed.</msg>
<status status="PASS" starttime="20210905 16:08:14.061" endtime="20210905 16:08:16.097"></status>
</kw>
<kw name="Get Text" library="SeleniumLibrary">
<doc>Returns the text value of the element identified by ``locator``.</doc>
<arguments>
<arg>${label_product_discount_price}</arg>
</arguments>
<assign>
<var>${price}</var>
</assign>
<msg timestamp="20210905 16:08:18.130" level="INFO">${price} = ฿6,300</msg>
<status status="PASS" starttime="20210905 16:08:16.098" endtime="20210905 16:08:18.130"></status>
</kw>
<kw name="Should Be Equal As Strings" library="BuiltIn">
<doc>Fails if objects are unequal after converting them to strings.</doc>
<arguments>
<arg>${price}</arg>
<arg>${displayed_price}</arg>
</arguments>
<status status="PASS" starttime="20210905 16:08:18.131" endtime="20210905 16:08:18.131"></status>
</kw>
<status status="PASS" starttime="20210905 16:08:14.061" endtime="20210905 16:08:18.132"></status>
</kw>
<kw name="Verify Product Old Price Exists" library="productDetailsPage">
<arguments>
<arg>${product_old_price}</arg>
</arguments>
<kw name="Element Should Be Visible" library="SeleniumLibrary">
<doc>Verifies that the element identified by ``locator`` is visible.</doc>
<arguments>
<arg>${label_product_old_price}</arg>
</arguments>
<msg timestamp="20210905 16:08:20.170" level="INFO">Element 'xpath://div[contains(@id, "inf-viewPriceSave-")]' is displayed.</msg>
<status status="PASS" starttime="20210905 16:08:18.133" endtime="20210905 16:08:20.170"></status>
</kw>
<kw name="Get Text" library="SeleniumLibrary">
<doc>Returns the text value of the element identified by ``locator``.</doc>
<arguments>
<arg>${label_product_old_price}</arg>
</arguments>
<assign>
<var>${price}</var>
</assign>
<msg timestamp="20210905 16:08:22.205" level="INFO">${price} = ฿7,000</msg>
<status status="PASS" starttime="20210905 16:08:20.170" endtime="20210905 16:08:22.205"></status>
</kw>
<kw name="Should Be Equal As Strings" library="BuiltIn">
<doc>Fails if objects are unequal after converting them to strings.</doc>
<arguments>
<arg>${price}</arg>
<arg>${displayed_price}</arg>
</arguments>
<status status="PASS" starttime="20210905 16:08:22.205" endtime="20210905 16:08:22.206"></status>
</kw>
<status status="PASS" starttime="20210905 16:08:18.132" endtime="20210905 16:08:22.206"></status>
</kw>
<kw name="Verify Product Image Exists" library="productDetailsPage">
<arguments>
<arg>${product_name}</arg>
</arguments>
<kw name="Format String" library="String">
<doc>Formats a ``template`` using the given ``positional`` and ``named`` arguments.</doc>
<arguments>
<arg>${img_productImage}</arg>
<arg>productName=${productName}</arg>
</arguments>
<assign>
<var>${img_productImage}</var>
</assign>
<msg timestamp="20210905 16:08:22.208" level="INFO">${img_productImage} = xpath://img[@alt="CR SR SERUM 30"]</msg>
<status status="PASS" starttime="20210905 16:08:22.207" endtime="20210905 16:08:22.208"></status>
</kw>
<kw name="Element Should Be Visible" library="SeleniumLibrary">
<doc>Verifies that the element identified by ``locator`` is visible.</doc>
<arguments>
<arg>${img_productImage}</arg>
</arguments>
<msg timestamp="20210905 16:08:24.252" level="INFO">Element 'xpath://img[@alt="CR SR SERUM 30"]' is displayed.</msg>
<status status="PASS" starttime="20210905 16:08:22.208" endtime="20210905 16:08:24.252"></status>
</kw>
<status status="PASS" starttime="20210905 16:08:22.206" endtime="20210905 16:08:24.252"></status>
</kw>
<kw name="Verify Quantity Drop Down Exists" library="productDetailsPage">
<kw name="Element Should Be Visible" library="SeleniumLibrary">
<doc>Verifies that the element identified by ``locator`` is visible.</doc>
<arguments>
<arg>${dropdown_quantity}</arg>
</arguments>
<msg timestamp="20210905 16:08:26.296" level="INFO">Element 'xpath://div[contains(@id, "sel-addQty-")]/..' is displayed.</msg>
<status status="PASS" starttime="20210905 16:08:24.253" endtime="20210905 16:08:26.296"></status>
</kw>
<status status="PASS" starttime="20210905 16:08:24.253" endtime="20210905 16:08:26.296"></status>
</kw>
<kw name="Verify Add To Bag Button Exists" library="productDetailsPage">
<arguments>
<arg>${productID}</arg>
</arguments>
<kw name="Format String" library="String">
<doc>Formats a ``template`` using the given ``positional`` and ``named`` arguments.</doc>
<arguments>
<arg>${btn_addToBag}</arg>
<arg>productID=${productID}</arg>
</arguments>
<assign>
<var>${btn_addToBag}</var>
</assign>
<msg timestamp="20210905 16:08:26.298" level="INFO">${btn_addToBag} = xpath://div[@id="btn-addCart-CDS10370209"]</msg>
<status status="PASS" starttime="20210905 16:08:26.298" endtime="20210905 16:08:26.298"></status>
</kw>
<kw name="Element Should Be Visible" library="SeleniumLibrary">
<doc>Verifies that the element identified by ``locator`` is visible.</doc>
<arguments>
<arg>${btn_addToBag}</arg>
</arguments>
<msg timestamp="20210905 16:08:28.334" level="INFO">Element 'xpath://div[@id="btn-addCart-CDS10370209"]' is displayed.</msg>
<status status="PASS" starttime="20210905 16:08:26.299" endtime="20210905 16:08:28.334"></status>
</kw>
<status status="PASS" starttime="20210905 16:08:26.297" endtime="20210905 16:08:28.334"></status>
</kw>
<kw name="Verify Add To Wish List Button Exists" library="productDetailsPage">
<kw name="Element Should Be Visible" library="SeleniumLibrary">
<doc>Verifies that the element identified by ``locator`` is visible.</doc>
<arguments>
<arg>${btn_addToWishList}</arg>
</arguments>
<msg timestamp="20210905 16:08:30.374" level="INFO">Element 'xpath://div[@data-testid="inf-viewAddToWishlistV2View-Container"]/..' is displayed.</msg>
<status status="PASS" starttime="20210905 16:08:28.335" endtime="20210905 16:08:30.374"></status>
</kw>
<status status="PASS" starttime="20210905 16:08:28.335" endtime="20210905 16:08:30.374"></status>
</kw>
<kw name="Verify Product Details Area Exists" library="productDetailsPage">
<kw name="Element Should Be Visible" library="SeleniumLibrary">
<doc>Verifies that the element identified by ``locator`` is visible.</doc>
<arguments>
<arg>${area_product_details}</arg>
</arguments>
<msg timestamp="20210905 16:08:32.410" level="INFO">Element 'xpath://div[@id="tabDetail"]' is displayed.</msg>
<status status="PASS" starttime="20210905 16:08:30.375" endtime="20210905 16:08:32.410"></status>
</kw>
<status status="PASS" starttime="20210905 16:08:30.374" endtime="20210905 16:08:32.410"></status>
</kw>
<kw name="Verify Customer Review Area Exists" library="productDetailsPage">
<kw name="Element Should Be Visible" library="SeleniumLibrary">
<doc>Verifies that the element identified by ``locator`` is visible.</doc>
<arguments>
<arg>${area_customer_review}</arg>
</arguments>
<msg timestamp="20210905 16:08:34.449" level="INFO">Element 'xpath://div[@id="review-section"]' is displayed.</msg>
<status status="PASS" starttime="20210905 16:08:32.411" endtime="20210905 16:08:34.449"></status>
</kw>
<status status="PASS" starttime="20210905 16:08:32.410" endtime="20210905 16:08:34.449"></status>
</kw>
<kw name="Execute Javascript" library="SeleniumLibrary">
<doc>Executes the given JavaScript code with possible arguments.</doc>
<arguments>
<arg>window.scrollTo(0, document.body.scrollHeight)</arg>
</arguments>
<msg timestamp="20210905 16:08:34.451" level="INFO">Executing JavaScript:
window.scrollTo(0, document.body.scrollHeight)
Without any arguments.</msg>
<status status="PASS" starttime="20210905 16:08:34.450" endtime="20210905 16:08:35.545"></status>
</kw>
<kw name="Verify Similar Product Area Exists" library="productDetailsPage">
<kw name="Element Should Be Visible" library="SeleniumLibrary">
<doc>Verifies that the element identified by ``locator`` is visible.</doc>
<arguments>
<arg>${area_similar_product}</arg>
</arguments>
<msg timestamp="20210905 16:08:37.838" level="INFO">Element 'xpath://div[@id="SimilarProduct"]' is displayed.</msg>
<status status="PASS" starttime="20210905 16:08:35.545" endtime="20210905 16:08:37.838"></status>
</kw>
<status status="PASS" starttime="20210905 16:08:35.545" endtime="20210905 16:08:37.838"></status>
</kw>
<kw name="Verify You May Like Area Exists" library="productDetailsPage">
<kw name="Element Should Be Visible" library="SeleniumLibrary">
<doc>Verifies that the element identified by ``locator`` is visible.</doc>
<arguments>
<arg>${area_you_may_like}</arg>
</arguments>
<msg timestamp="20210905 16:08:39.878" level="INFO">Element 'xpath://div[@id="YouMayLike"]' is displayed.</msg>
<status status="PASS" starttime="20210905 16:08:37.839" endtime="20210905 16:08:39.878"></status>
</kw>
<status status="PASS" starttime="20210905 16:08:37.839" endtime="20210905 16:08:39.878"></status>
</kw>
<kw name="Verify Facebook Share Button Exists" library="productDetailsPage">
<arguments>
<arg>${productID}</arg>
</arguments>
<kw name="Format String" library="String">
<doc>Formats a ``template`` using the given ``positional`` and ``named`` arguments.</doc>
<arguments>
<arg>${btn_share_facebook_page}</arg>
<arg>productID=${productID}</arg>
</arguments>
<assign>
<var>${btn_share_facebook_page}</var>
</assign>
<msg timestamp="20210905 16:08:39.879" level="INFO">${btn_share_facebook_page} = xpath://a[@id="lnk-shareProductToFacebook-CDS10370209"]</msg>
<status status="PASS" starttime="20210905 16:08:39.879" endtime="20210905 16:08:39.879"></status>
</kw>
<kw name="Element Should Be Visible" library="SeleniumLibrary">
<doc>Verifies that the element identified by ``locator`` is visible.</doc>
<arguments>
<arg>${btn_share_facebook_page}</arg>
</arguments>
<msg timestamp="20210905 16:08:41.909" level="INFO">Element 'xpath://a[@id="lnk-shareProductToFacebook-CDS10370209"]' is displayed.</msg>
<status status="PASS" starttime="20210905 16:08:39.879" endtime="20210905 16:08:41.909"></status>
</kw>
<status status="PASS" starttime="20210905 16:08:39.878" endtime="20210905 16:08:41.909"></status>
</kw>
<kw name="Verify Twitter Share Button Exists" library="productDetailsPage">
<arguments>
<arg>${productID}</arg>
</arguments>
<kw name="Format String" library="String">
<doc>Formats a ``template`` using the given ``positional`` and ``named`` arguments.</doc>
<arguments>
<arg>${btn_share_twitter_page}</arg>
<arg>productID=${productID}</arg>
</arguments>
<assign>
<var>${btn_share_twitter_page}</var>
</assign>
<msg timestamp="20210905 16:08:41.911" level="INFO">${btn_share_twitter_page} = xpath://a[@id="lnk-shareProductToTwitter-CDS10370209"]</msg>
<status status="PASS" starttime="20210905 16:08:41.910" endtime="20210905 16:08:41.911"></status>
</kw>
<kw name="Element Should Be Visible" library="SeleniumLibrary">
<doc>Verifies that the element identified by ``locator`` is visible.</doc>
<arguments>
<arg>${btn_share_twitter_page}</arg>
</arguments>
<msg timestamp="20210905 16:08:43.948" level="INFO">Element 'xpath://a[@id="lnk-shareProductToTwitter-CDS10370209"]' is displayed.</msg>
<status status="PASS" starttime="20210905 16:08:41.911" endtime="20210905 16:08:43.948"></status>
</kw>
<status status="PASS" starttime="20210905 16:08:41.910" endtime="20210905 16:08:43.948"></status>
</kw>
<kw name="Verify Mail Share Button Exists" library="productDetailsPage">
<arguments>
<arg>${productID}</arg>
</arguments>
<kw name="Format String" library="String">
<doc>Formats a ``template`` using the given ``positional`` and ``named`` arguments.</doc>
<arguments>
<arg>${btn_share_mail_page}</arg>
<arg>productID=${productID}</arg>
</arguments>
<assign>
<var>${btn_share_mail_page}</var>
</assign>
<msg timestamp="20210905 16:08:43.950" level="INFO">${btn_share_mail_page} = xpath://a[@id="lnk-shareProductToEmail-CDS10370209"]</msg>
<status status="PASS" starttime="20210905 16:08:43.950" endtime="20210905 16:08:43.950"></status>
</kw>
<kw name="Element Should Be Visible" library="SeleniumLibrary">
<doc>Verifies that the element identified by ``locator`` is visible.</doc>
<arguments>
<arg>${btn_share_mail_page}</arg>
</arguments>
<msg timestamp="20210905 16:08:45.989" level="INFO">Element 'xpath://a[@id="lnk-shareProductToEmail-CDS10370209"]' is displayed.</msg>
<status status="PASS" starttime="20210905 16:08:43.951" endtime="20210905 16:08:45.989"></status>
</kw>
<status status="PASS" starttime="20210905 16:08:43.949" endtime="20210905 16:08:45.989"></status>
</kw>
<kw name="Verify Line Share Button Exists" library="productDetailsPage">
<arguments>
<arg>${productID}</arg>
</arguments>
<kw name="Format String" library="String">
<doc>Formats a ``template`` using the given ``positional`` and ``named`` arguments.</doc>
<arguments>
<arg>${btn_share_line_page}</arg>
<arg>productID=${productID}</arg>
</arguments>
<assign>
<var>${btn_share_line_page}</var>
</assign>
<msg timestamp="20210905 16:08:45.991" level="INFO">${btn_share_line_page} = xpath://a[@id="lnk-shareProductToLine-CDS10370209"]</msg>
<status status="PASS" starttime="20210905 16:08:45.990" endtime="20210905 16:08:45.991"></status>
</kw>
<kw name="Element Should Be Visible" library="SeleniumLibrary">
<doc>Verifies that the element identified by ``locator`` is visible.</doc>
<arguments>
<arg>${btn_share_line_page}</arg>
</arguments>
<msg timestamp="20210905 16:08:48.028" level="INFO">Element 'xpath://a[@id="lnk-shareProductToLine-CDS10370209"]' is displayed.</msg>
<status status="PASS" starttime="20210905 16:08:45.991" endtime="20210905 16:08:48.028"></status>
</kw>
<status status="PASS" starttime="20210905 16:08:45.990" endtime="20210905 16:08:48.028"></status>
</kw>
<kw name="Set Selenium Speed" library="SeleniumLibrary">
<doc>Sets the delay that is waited after each Selenium command.</doc>
<arguments>
<arg>${implicit_timeout}</arg>
</arguments>
<status status="PASS" starttime="20210905 16:08:48.028" endtime="20210905 16:08:48.028"></status>
</kw>
<status status="PASS" starttime="20210905 16:08:03.857" endtime="20210905 16:08:48.028"></status>
</kw>
<kw name="Click Add A Review Button" library="productDetailsPage">
<kw name="Common Click Element" library="CommonFunctions">
<arguments>
<arg>${btn_add_customer_review}</arg>
</arguments>
<kw name="Wait Until Element Is Visible" library="SeleniumLibrary">
<doc>Waits until the element ``locator`` is visible.</doc>
<arguments>
<arg>${element}</arg>
<arg>${timeout}</arg>
<arg>Element ${element} is not visible</arg>
</arguments>
<status status="PASS" starttime="20210905 16:08:48.029" endtime="20210905 16:08:54.057"></status>
</kw>
<kw name="Scroll Element Into View" library="SeleniumLibrary">
<doc>Scrolls the element identified by ``locator`` into view.</doc>
<arguments>
<arg>${element}</arg>
</arguments>
<status status="PASS" starttime="20210905 16:08:54.057" endtime="20210905 16:09:00.348"></status>
</kw>
<kw name="Click Element" library="SeleniumLibrary">
<doc>Click the element identified by ``locator``.</doc>
<arguments>
<arg>${element}</arg>
</arguments>
<msg timestamp="20210905 16:09:00.349" level="INFO">Clicking element 'xpath://a[@data-testid="button-show-popup"]'.</msg>
<status status="PASS" starttime="20210905 16:09:00.348" endtime="20210905 16:09:07.025"></status>
</kw>
<status status="PASS" starttime="20210905 16:08:48.029" endtime="20210905 16:09:07.025"></status>
</kw>
<status status="PASS" starttime="20210905 16:08:48.029" endtime="20210905 16:09:07.026"></status>
</kw>
<kw name="Verify Customer Review Field Information" library="productDetailsPage">
<arguments>
<arg>${product_name}</arg>
</arguments>
<kw name="Set Selenium Speed" library="SeleniumLibrary">
<doc>Sets the delay that is waited after each Selenium command.</doc>
<arguments>
<arg>1</arg>
</arguments>
<status status="PASS" starttime="20210905 16:09:07.027" endtime="20210905 16:09:07.027"></status>
</kw>
<kw name="Verify You Are Reviewing label" library="productDetailsPage">
<arguments>
<arg>${product_name}</arg>
</arguments>
<kw name="Format String" library="String">
<doc>Formats a ``template`` using the given ``positional`` and ``named`` arguments.</doc>
<arguments>
<arg>${label_you_are_reviewing}</arg>
<arg>productName=${product_name}</arg>
</arguments>
<assign>
<var>${label_you_are_reviewing}</var>
</assign>
<msg timestamp="20210905 16:09:07.029" level="INFO">${label_you_are_reviewing} = xpath://h3[text()="CR SR SERUM 30"]</msg>
<status status="PASS" starttime="20210905 16:09:07.028" endtime="20210905 16:09:07.029"></status>
</kw>
<kw name="Element Should Be Visible" library="SeleniumLibrary">
<doc>Verifies that the element identified by ``locator`` is visible.</doc>
<arguments>
<arg>${label_you_are_reviewing}</arg>
</arguments>
<msg timestamp="20210905 16:09:09.067" level="INFO">Element 'xpath://h3[text()="CR SR SERUM 30"]' is displayed.</msg>
<status status="PASS" starttime="20210905 16:09:07.029" endtime="20210905 16:09:09.067"></status>
</kw>
<status status="PASS" starttime="20210905 16:09:07.027" endtime="20210905 16:09:09.067"></status>
</kw>
<kw name="Verify Ratings Container Exists" library="productDetailsPage">
<kw name="Element Should Be Visible" library="SeleniumLibrary">
<doc>Verifies that the element identified by ``locator`` is visible.</doc>
<arguments>
<arg>${label_ratings_container}</arg>
</arguments>
<msg timestamp="20210905 16:09:11.105" level="INFO">Element 'xpath://span[contains(text(), "You are reviewing")]/../../..//div[@data-testid="rating-container"]' is displayed.</msg>
<status status="PASS" starttime="20210905 16:09:09.068" endtime="20210905 16:09:11.105"></status>
</kw>
<status status="PASS" starttime="20210905 16:09:09.067" endtime="20210905 16:09:11.105"></status>
</kw>
<kw name="Verify Input Nickname Exists" library="productDetailsPage">
<kw name="Element Should Be Visible" library="SeleniumLibrary">
<doc>Verifies that the element identified by ``locator`` is visible.</doc>
<arguments>
<arg>${input_nickname}</arg>
</arguments>
<msg timestamp="20210905 16:09:13.144" level="INFO">Element 'xpath://input[@data-testid="field-nickname"]' is displayed.</msg>
<status status="PASS" starttime="20210905 16:09:11.106" endtime="20210905 16:09:13.144"></status>
</kw>
<status status="PASS" starttime="20210905 16:09:11.106" endtime="20210905 16:09:13.144"></status>
</kw>
<kw name="Verify Input Email Exists" library="productDetailsPage">
<kw name="Element Should Be Visible" library="SeleniumLibrary">
<doc>Verifies that the element identified by ``locator`` is visible.</doc>
<arguments>
<arg>${input_email}</arg>
</arguments>
<msg timestamp="20210905 16:09:15.191" level="INFO">Element 'xpath://input[@data-testid="field-email"]' is displayed.</msg>
<status status="PASS" starttime="20210905 16:09:13.145" endtime="20210905 16:09:15.191"></status>
</kw>
<status status="PASS" starttime="20210905 16:09:13.145" endtime="20210905 16:09:15.191"></status>
</kw>
<kw name="Verify Input Review Summary Exists" library="productDetailsPage">
<kw name="Element Should Be Visible" library="SeleniumLibrary">
<doc>Verifies that the element identified by ``locator`` is visible.</doc>
<arguments>
<arg>${input_review_summary}</arg>
</arguments>
<msg timestamp="20210905 16:09:17.230" level="INFO">Element 'xpath://input[@data-testid="field-input-title"]' is displayed.</msg>
<status status="PASS" starttime="20210905 16:09:15.192" endtime="20210905 16:09:17.230"></status>
</kw>
<status status="PASS" starttime="20210905 16:09:15.192" endtime="20210905 16:09:17.230"></status>
</kw>
<kw name="Verify Combobox Regions Exists" library="productDetailsPage">
<kw name="Element Should Be Visible" library="SeleniumLibrary">
<doc>Verifies that the element identified by ``locator`` is visible.</doc>
<arguments>
<arg>${combobox_regions}</arg>
</arguments>
<msg timestamp="20210905 16:09:19.269" level="INFO">Element 'xpath://select[@data-testid="field-regions"]' is displayed.</msg>
<status status="PASS" starttime="20210905 16:09:17.231" endtime="20210905 16:09:19.269"></status>
</kw>
<status status="PASS" starttime="20210905 16:09:17.230" endtime="20210905 16:09:19.269"></status>
</kw>
<kw name="Verify Text Area Review Details Exists" library="productDetailsPage">
<kw name="Element Should Be Visible" library="SeleniumLibrary">
<doc>Verifies that the element identified by ``locator`` is visible.</doc>
<arguments>
<arg>${textarea_review_details}</arg>
</arguments>
<msg timestamp="20210905 16:09:21.307" level="INFO">Element 'xpath://textarea[@data-testid="field-textarea-detail"]' is displayed.</msg>
<status status="PASS" starttime="20210905 16:09:19.270" endtime="20210905 16:09:21.307"></status>
</kw>
<status status="PASS" starttime="20210905 16:09:19.269" endtime="20210905 16:09:21.307"></status>
</kw>
<kw name="Verify Upload Button Exists" library="productDetailsPage">
<kw name="Element Should Be Visible" library="SeleniumLibrary">
<doc>Verifies that the element identified by ``locator`` is visible.</doc>
<arguments>
<arg>${btn_upload}</arg>
</arguments>
<msg timestamp="20210905 16:09:23.346" level="INFO">Element 'xpath://div[contains(@data-testid,"UploadImageButton")]' is displayed.</msg>
<status status="PASS" starttime="20210905 16:09:21.308" endtime="20210905 16:09:23.346"></status>
</kw>
<status status="PASS" starttime="20210905 16:09:21.307" endtime="20210905 16:09:23.346"></status>
</kw>
<kw name="Verify Submit Review Button Exists" library="productDetailsPage">
<kw name="Element Should Be Visible" library="SeleniumLibrary">
<doc>Verifies that the element identified by ``locator`` is visible.</doc>
<arguments>
<arg>${btn_submit_review}</arg>
</arguments>
<msg timestamp="20210905 16:09:25.385" level="INFO">Element 'xpath://button[@data-testid="button-submit"]' is displayed.</msg>
<status status="PASS" starttime="20210905 16:09:23.347" endtime="20210905 16:09:25.385"></status>
</kw>
<status status="PASS" starttime="20210905 16:09:23.346" endtime="20210905 16:09:25.385"></status>
</kw>
<kw name="Verify Cancel Review Button Exists" library="productDetailsPage">
<kw name="Element Should Be Visible" library="SeleniumLibrary">
<doc>Verifies that the element identified by ``locator`` is visible.</doc>
<arguments>
<arg>${btn_cancel_review}</arg>
</arguments>
<msg timestamp="20210905 16:09:27.421" level="INFO">Element 'xpath://div[@data-testid="button-cancel"]' is displayed.</msg>
<status status="PASS" starttime="20210905 16:09:25.386" endtime="20210905 16:09:27.421"></status>
</kw>
<status status="PASS" starttime="20210905 16:09:25.385" endtime="20210905 16:09:27.421"></status>
</kw>
<kw name="Set Selenium Speed" library="SeleniumLibrary">
<doc>Sets the delay that is waited after each Selenium command.</doc>
<arguments>
<arg>${implicit_timeout}</arg>
</arguments>
<status status="PASS" starttime="20210905 16:09:27.422" endtime="20210905 16:09:27.422"></status>
</kw>
<status status="PASS" starttime="20210905 16:09:07.026" endtime="20210905 16:09:27.422"></status>
</kw>
<kw name="Fill All Customer Review Fields, Submit and Verify Thank You Message" library="productDetailsPage">
<arguments>
<arg>${ratings}</arg>
<arg>${nickname}</arg>
<arg>${email}</arg>
<arg>${review_summary}</arg>
<arg>${region}</arg>
<arg>${review_dettails}</arg>
</arguments>
<kw name="Set Selenium Speed" library="SeleniumLibrary">
<doc>Sets the delay that is waited after each Selenium command.</doc>
<arguments>
<arg>1.2</arg>
</arguments>
<status status="PASS" starttime="20210905 16:09:27.424" endtime="20210905 16:09:27.424"></status>
</kw>
<kw name="Format String" library="String">
<doc>Formats a ``template`` using the given ``positional`` and ``named`` arguments.</doc>
<arguments>
<arg>${btn_ratings}</arg>
<arg>ratings=${ratings}</arg>
</arguments>
<assign>
<var>${btn_ratings}</var>
</assign>
<msg timestamp="20210905 16:09:27.425" level="INFO">${btn_ratings} = xpath://span[contains(text(), "You are reviewing")]/../../..//div[@data-testid="rating-container"]/span/span[4]</msg>
<status status="PASS" starttime="20210905 16:09:27.425" endtime="20210905 16:09:27.425"></status>
</kw>
<kw name="Common Click Element" library="CommonFunctions">
<arguments>
<arg>${btn_ratings}</arg>
</arguments>
<kw name="Wait Until Element Is Visible" library="SeleniumLibrary">
<doc>Waits until the element ``locator`` is visible.</doc>
<arguments>
<arg>${element}</arg>
<arg>${timeout}</arg>
<arg>Element ${element} is not visible</arg>
</arguments>
<status status="PASS" starttime="20210905 16:09:27.426" endtime="20210905 16:09:29.863"></status>
</kw>
<kw name="Scroll Element Into View" library="SeleniumLibrary">
<doc>Scrolls the element identified by ``locator`` into view.</doc>
<arguments>
<arg>${element}</arg>
</arguments>
<status status="PASS" starttime="20210905 16:09:29.863" endtime="20210905 16:09:32.554"></status>
</kw>
<kw name="Click Element" library="SeleniumLibrary">
<doc>Click the element identified by ``locator``.</doc>
<arguments>
<arg>${element}</arg>
</arguments>
<msg timestamp="20210905 16:09:32.555" level="INFO">Clicking element 'xpath://span[contains(text(), "You are reviewing")]/../../..//div[@data-testid="rating-container"]/span/span[4]'.</msg>
<status status="PASS" starttime="20210905 16:09:32.554" endtime="20210905 16:09:35.059"></status>
</kw>
<status status="PASS" starttime="20210905 16:09:27.425" endtime="20210905 16:09:35.059"></status>
</kw>
<kw name="Input Text" library="SeleniumLibrary">
<doc>Types the given ``text`` into the text field identified by ``locator``.</doc>
<arguments>
<arg>${input_nickname}</arg>
<arg>${nickname}</arg>
</arguments>
<msg timestamp="20210905 16:09:35.060" level="INFO">Typing text 'leonardo' into text field 'xpath://input[@data-testid="field-nickname"]'.</msg>
<status status="PASS" starttime="20210905 16:09:35.059" endtime="20210905 16:09:38.830"></status>
</kw>
<kw name="Input Text" library="SeleniumLibrary">
<doc>Types the given ``text`` into the text field identified by ``locator``.</doc>
<arguments>
<arg>${input_email}</arg>
<arg>${email}</arg>
</arguments>
<msg timestamp="20210905 16:09:38.831" level="INFO">Typing text 'leonardo@mail.com' into text field 'xpath://input[@data-testid="field-email"]'.</msg>
<status status="PASS" starttime="20210905 16:09:38.830" endtime="20210905 16:09:42.598"></status>
</kw>
<kw name="Input Text" library="SeleniumLibrary">
<doc>Types the given ``text`` into the text field identified by ``locator``.</doc>
<arguments>
<arg>${input_review_summary}</arg>
<arg>${review_summary}</arg>
</arguments>
<msg timestamp="20210905 16:09:42.599" level="INFO">Typing text 'good good' into text field 'xpath://input[@data-testid="field-input-title"]'.</msg>
<status status="PASS" starttime="20210905 16:09:42.598" endtime="20210905 16:09:46.423"></status>
</kw>
<kw name="Select From List By Label" library="SeleniumLibrary">
<doc>Selects options from selection list ``locator`` by ``labels``.</doc>
<arguments>
<arg>${combobox_regions}</arg>
<arg>${region}</arg>
</arguments>
<msg timestamp="20210905 16:09:46.424" level="INFO">Selecting options from selection list 'xpath://select[@data-testid="field-regions"]' by label Surin.</msg>
<status status="PASS" starttime="20210905 16:09:46.423" endtime="20210905 16:09:54.945"></status>
</kw>
<kw name="Input Text" library="SeleniumLibrary">
<doc>Types the given ``text`` into the text field identified by ``locator``.</doc>
<arguments>
<arg>${textarea_review_details}</arg>
<arg>${review_dettails}</arg>
</arguments>
<msg timestamp="20210905 16:09:54.946" level="INFO">Typing text 'good good good' into text field 'xpath://textarea[@data-testid="field-textarea-detail"]'.</msg>
<status status="PASS" starttime="20210905 16:09:54.945" endtime="20210905 16:09:58.714"></status>
</kw>
<kw name="Common Click Element" library="CommonFunctions">
<arguments>
<arg>${btn_submit_review}</arg>
</arguments>
<kw name="Wait Until Element Is Visible" library="SeleniumLibrary">
<doc>Waits until the element ``locator`` is visible.</doc>
<arguments>
<arg>${element}</arg>
<arg>${timeout}</arg>
<arg>Element ${element} is not visible</arg>
</arguments>
<status status="PASS" starttime="20210905 16:09:58.715" endtime="20210905 16:10:01.145"></status>
</kw>
<kw name="Scroll Element Into View" library="SeleniumLibrary">
<doc>Scrolls the element identified by ``locator`` into view.</doc>
<arguments>
<arg>${element}</arg>
</arguments>
<status status="PASS" starttime="20210905 16:10:01.145" endtime="20210905 16:10:03.837"></status>
</kw>
<kw name="Click Element" library="SeleniumLibrary">
<doc>Click the element identified by ``locator``.</doc>
<arguments>
<arg>${element}</arg>
</arguments>
<msg timestamp="20210905 16:10:03.838" level="INFO">Clicking element 'xpath://button[@data-testid="button-submit"]'.</msg>
<status status="PASS" starttime="20210905 16:10:03.837" endtime="20210905 16:10:06.364"></status>
</kw>
<status status="PASS" starttime="20210905 16:09:58.714" endtime="20210905 16:10:06.364"></status>
</kw>
<kw name="Element Should Be Visible" library="SeleniumLibrary">
<doc>Verifies that the element identified by ``locator`` is visible.</doc>
<arguments>
<arg>${message_feedback_thank}</arg>
</arguments>
<msg timestamp="20210905 16:10:08.809" level="INFO">Element 'xpath://h3/strong[text()="Thank you for your feedback!"]' is displayed.</msg>
<status status="PASS" starttime="20210905 16:10:06.364" endtime="20210905 16:10:08.809"></status>
</kw>
<kw name="Set Selenium Speed" library="SeleniumLibrary">
<doc>Sets the delay that is waited after each Selenium command.</doc>
<arguments>
<arg>${implicit_timeout}</arg>
</arguments>
<status status="PASS" starttime="20210905 16:10:08.809" endtime="20210905 16:10:08.810"></status>
</kw>
<status status="PASS" starttime="20210905 16:09:27.423" endtime="20210905 16:10:08.810"></status>
</kw>
<status status="PASS" starttime="20210905 16:07:59.167" endtime="20210905 16:10:08.810"></status>
</kw>
<kw name="End Test Case" library="CommonFunctions" type="teardown">
<kw name="Close Browser" library="SeleniumLibrary">
<doc>Closes the current browser.</doc>
<status status="PASS" starttime="20210905 16:10:08.812" endtime="20210905 16:10:13.870"></status>
</kw>
<kw name="Log To Console" library="BuiltIn">
<doc>Logs the given message to the console.</doc>
<arguments>
<arg>Ending</arg>
</arguments>
<status status="PASS" starttime="20210905 16:10:13.871" endtime="20210905 16:10:13.871"></status>
</kw>
<status status="PASS" starttime="20210905 16:10:08.811" endtime="20210905 16:10:13.872"></status>
</kw>
<status status="PASS" starttime="20210905 16:07:51.602" endtime="20210905 16:10:13.872" critical="yes"></status>
</test>
<test id="s1-t3" name="Test Case 2">
<kw name="Open browser to page" library="CommonFunctions" type="setup">
<arguments>
<arg>${url}</arg>
<arg>${implicit_timeout}</arg>
</arguments>
<kw name="Evaluate" library="BuiltIn">
<doc>Evaluates the given expression in Python and returns the result.</doc>
<arguments>
<arg>sys.modules['selenium.webdriver'].ChromeOptions()</arg>
<arg>sys</arg>
</arguments>
<assign>
<var>${options}</var>
</assign>
<msg timestamp="20210905 16:10:13.880" level="INFO">${options} = &lt;selenium.webdriver.chrome.options.Options object at 0x000002780CD672E0&gt;</msg>
<status status="PASS" starttime="20210905 16:10:13.879" endtime="20210905 16:10:13.880"></status>
</kw>
<kw name="Create Dictionary" library="BuiltIn">
[...]
<arg>${btn_share_mail_page}</arg>
<arg>productID=${productID}</arg>
</arguments>
<assign>
<var>${btn_share_mail_page}</var>
</assign>
<msg timestamp="20210905 16:15:52.577" level="INFO">${btn_share_mail_page} = xpath://a[@id="lnk-shareProductToEmail-CDS6584825"]</msg>
<status status="PASS" starttime="20210905 16:15:52.576" endtime="20210905 16:15:52.577"></status>
</kw>
<kw name="Element Should Be Visible" library="SeleniumLibrary">
<doc>Verifies that the element identified by ``locator`` is visible.</doc>
<arguments>
<arg>${btn_share_mail_page}</arg>
</arguments>
<msg timestamp="20210905 16:15:54.616" level="INFO">Element 'xpath://a[@id="lnk-shareProductToEmail-CDS6584825"]' is displayed.</msg>
<status status="PASS" starttime="20210905 16:15:52.577" endtime="20210905 16:15:54.616"></status>
</kw>
<status status="PASS" starttime="20210905 16:15:52.576" endtime="20210905 16:15:54.616"></status>
</kw>
<kw name="Verify Line Share Button Exists" library="productDetailsPage">
<arguments>
<arg>${productID}</arg>
</arguments>
<kw name="Format String" library="String">
<doc>Formats a ``template`` using the given ``positional`` and ``named`` arguments.</doc>
<arguments>
<arg>${btn_share_line_page}</arg>
<arg>productID=${productID}</arg>
</arguments>
<assign>
<var>${btn_share_line_page}</var>
</assign>
<msg timestamp="20210905 16:15:54.618" level="INFO">${btn_share_line_page} = xpath://a[@id="lnk-shareProductToLine-CDS6584825"]</msg>
<status status="PASS" starttime="20210905 16:15:54.617" endtime="20210905 16:15:54.618"></status>
</kw>
<kw name="Element Should Be Visible" library="SeleniumLibrary">
<doc>Verifies that the element identified by ``locator`` is visible.</doc>
<arguments>
<arg>${btn_share_line_page}</arg>
</arguments>
<msg timestamp="20210905 16:15:56.656" level="INFO">Element 'xpath://a[@id="lnk-shareProductToLine-CDS6584825"]' is displayed.</msg>
<status status="PASS" starttime="20210905 16:15:54.618" endtime="20210905 16:15:56.656"></status>
</kw>
<status status="PASS" starttime="20210905 16:15:54.617" endtime="20210905 16:15:56.656"></status>
</kw>
<kw name="Set Selenium Speed" library="SeleniumLibrary">
<doc>Sets the delay that is waited after each Selenium command.</doc>
<arguments>
<arg>${implicit_timeout}</arg>
</arguments>
<status status="PASS" starttime="20210905 16:15:56.657" endtime="20210905 16:15:56.657"></status>
</kw>
<status status="PASS" starttime="20210905 16:15:12.764" endtime="20210905 16:15:56.657"></status>
</kw>
<kw name="Click Add A Review Button" library="productDetailsPage">
<kw name="Common Click Element" library="CommonFunctions">
<arguments>
<arg>${btn_add_customer_review}</arg>
</arguments>
<kw name="Wait Until Element Is Visible" library="SeleniumLibrary">
<doc>Waits until the element ``locator`` is visible.</doc>
<arguments>
<arg>${element}</arg>
<arg>${timeout}</arg>
<arg>Element ${element} is not visible</arg>
</arguments>
<status status="PASS" starttime="20210905 16:15:56.659" endtime="20210905 16:16:02.697"></status>
</kw>
<kw name="Scroll Element Into View" library="SeleniumLibrary">
<doc>Scrolls the element identified by ``locator`` into view.</doc>
<arguments>
<arg>${element}</arg>
</arguments>
<status status="PASS" starttime="20210905 16:16:02.697" endtime="20210905 16:16:09.001"></status>
</kw>
<kw name="Click Element" library="SeleniumLibrary">
<doc>Click the element identified by ``locator``.</doc>
<arguments>
<arg>${element}</arg>
</arguments>
<msg timestamp="20210905 16:16:09.002" level="INFO">Clicking element 'xpath://a[@data-testid="button-show-popup"]'.</msg>
<status status="PASS" starttime="20210905 16:16:09.001" endtime="20210905 16:16:15.646"></status>
</kw>
<status status="PASS" starttime="20210905 16:15:56.658" endtime="20210905 16:16:15.646"></status>
</kw>
<status status="PASS" starttime="20210905 16:15:56.658" endtime="20210905 16:16:15.646"></status>
</kw>
<kw name="Verify Customer Review Field Information" library="productDetailsPage">
<arguments>
<arg>${product_name}</arg>
</arguments>
<kw name="Set Selenium Speed" library="SeleniumLibrary">
<doc>Sets the delay that is waited after each Selenium command.</doc>
<arguments>
<arg>1</arg>
</arguments>
<status status="PASS" starttime="20210905 16:16:15.648" endtime="20210905 16:16:15.648"></status>
</kw>
<kw name="Verify You Are Reviewing label" library="productDetailsPage">
<arguments>
<arg>${product_name}</arg>
</arguments>
<kw name="Format String" library="String">
<doc>Formats a ``template`` using the given ``positional`` and ``named`` arguments.</doc>
<arguments>
<arg>${label_you_are_reviewing}</arg>
<arg>productName=${product_name}</arg>
</arguments>
<assign>
<var>${label_you_are_reviewing}</var>
</assign>
<msg timestamp="20210905 16:16:15.650" level="INFO">${label_you_are_reviewing} = xpath://h3[text()="The Treatment Lotion 150 mL"]</msg>
<status status="PASS" starttime="20210905 16:16:15.649" endtime="20210905 16:16:15.650"></status>
</kw>
<kw name="Element Should Be Visible" library="SeleniumLibrary">
<doc>Verifies that the element identified by ``locator`` is visible.</doc>
<arguments>
<arg>${label_you_are_reviewing}</arg>
</arguments>
<msg timestamp="20210905 16:16:17.685" level="INFO">Element 'xpath://h3[text()="The Treatment Lotion 150 mL"]' is displayed.</msg>
<status status="PASS" starttime="20210905 16:16:15.650" endtime="20210905 16:16:17.685"></status>
</kw>
<status status="PASS" starttime="20210905 16:16:15.648" endtime="20210905 16:16:17.685"></status>
</kw>
<kw name="Verify Ratings Container Exists" library="productDetailsPage">
<kw name="Element Should Be Visible" library="SeleniumLibrary">
<doc>Verifies that the element identified by ``locator`` is visible.</doc>
<arguments>
<arg>${label_ratings_container}</arg>
</arguments>
<msg timestamp="20210905 16:16:19.725" level="INFO">Element 'xpath://span[contains(text(), "You are reviewing")]/../../..//div[@data-testid="rating-container"]' is displayed.</msg>
<status status="PASS" starttime="20210905 16:16:17.686" endtime="20210905 16:16:19.725"></status>
</kw>
<status status="PASS" starttime="20210905 16:16:17.686" endtime="20210905 16:16:19.725"></status>
</kw>
<kw name="Verify Input Nickname Exists" library="productDetailsPage">
<kw name="Element Should Be Visible" library="SeleniumLibrary">
<doc>Verifies that the element identified by ``locator`` is visible.</doc>
<arguments>
<arg>${input_nickname}</arg>
</arguments>
<msg timestamp="20210905 16:16:21.765" level="INFO">Element 'xpath://input[@data-testid="field-nickname"]' is displayed.</msg>
<status status="PASS" starttime="20210905 16:16:19.726" endtime="20210905 16:16:21.765"></status>
</kw>
<status status="PASS" starttime="20210905 16:16:19.725" endtime="20210905 16:16:21.765"></status>
</kw>
<kw name="Verify Input Email Exists" library="productDetailsPage">
<kw name="Element Should Be Visible" library="SeleniumLibrary">
<doc>Verifies that the element identified by ``locator`` is visible.</doc>
<arguments>
<arg>${input_email}</arg>
</arguments>
<msg timestamp="20210905 16:16:23.803" level="INFO">Element 'xpath://input[@data-testid="field-email"]' is displayed.</msg>
<status status="PASS" starttime="20210905 16:16:21.766" endtime="20210905 16:16:23.803"></status>
</kw>
<status status="PASS" starttime="20210905 16:16:21.765" endtime="20210905 16:16:23.803"></status>
</kw>
<kw name="Verify Input Review Summary Exists" library="productDetailsPage">
<kw name="Element Should Be Visible" library="SeleniumLibrary">
<doc>Verifies that the element identified by ``locator`` is visible.</doc>
<arguments>
<arg>${input_review_summary}</arg>
</arguments>
<msg timestamp="20210905 16:16:25.841" level="INFO">Element 'xpath://input[@data-testid="field-input-title"]' is displayed.</msg>
<status status="PASS" starttime="20210905 16:16:23.805" endtime="20210905 16:16:25.841"></status>
</kw>
<status status="PASS" starttime="20210905 16:16:23.804" endtime="20210905 16:16:25.841"></status>
</kw>
<kw name="Verify Combobox Regions Exists" library="productDetailsPage">
<kw name="Element Should Be Visible" library="SeleniumLibrary">
<doc>Verifies that the element identified by ``locator`` is visible.</doc>
<arguments>
<arg>${combobox_regions}</arg>
</arguments>
<msg timestamp="20210905 16:16:27.879" level="INFO">Element 'xpath://select[@data-testid="field-regions"]' is displayed.</msg>
<status status="PASS" starttime="20210905 16:16:25.842" endtime="20210905 16:16:27.879"></status>
</kw>
<status status="PASS" starttime="20210905 16:16:25.842" endtime="20210905 16:16:27.879"></status>
</kw>
<kw name="Verify Text Area Review Details Exists" library="productDetailsPage">
<kw name="Element Should Be Visible" library="SeleniumLibrary">
<doc>Verifies that the element identified by ``locator`` is visible.</doc>
<arguments>
<arg>${textarea_review_details}</arg>
</arguments>
<msg timestamp="20210905 16:16:29.919" level="INFO">Element 'xpath://textarea[@data-testid="field-textarea-detail"]' is displayed.</msg>
<status status="PASS" starttime="20210905 16:16:27.880" endtime="20210905 16:16:29.919"></status>
</kw>
<status status="PASS" starttime="20210905 16:16:27.880" endtime="20210905 16:16:29.919"></status>
</kw>
<kw name="Verify Upload Button Exists" library="productDetailsPage">
<kw name="Element Should Be Visible" library="SeleniumLibrary">
<doc>Verifies that the element identified by ``locator`` is visible.</doc>
<arguments>
<arg>${btn_upload}</arg>
</arguments>
<msg timestamp="20210905 16:16:31.956" level="INFO">Element 'xpath://div[contains(@data-testid,"UploadImageButton")]' is displayed.</msg>
<status status="PASS" starttime="20210905 16:16:29.920" endtime="20210905 16:16:31.956"></status>
</kw>
<status status="PASS" starttime="20210905 16:16:29.920" endtime="20210905 16:16:31.956"></status>
</kw>
<kw name="Verify Submit Review Button Exists" library="productDetailsPage">
<kw name="Element Should Be Visible" library="SeleniumLibrary">
<doc>Verifies that the element identified by ``locator`` is visible.</doc>
<arguments>
<arg>${btn_submit_review}</arg>
</arguments>
<msg timestamp="20210905 16:16:33.993" level="INFO">Element 'xpath://button[@data-testid="button-submit"]' is displayed.</msg>
<status status="PASS" starttime="20210905 16:16:31.957" endtime="20210905 16:16:33.993"></status>
</kw>
<status status="PASS" starttime="20210905 16:16:31.956" endtime="20210905 16:16:33.993"></status>
</kw>
<kw name="Verify Cancel Review Button Exists" library="productDetailsPage">
<kw name="Element Should Be Visible" library="SeleniumLibrary">
<doc>Verifies that the element identified by ``locator`` is visible.</doc>
<arguments>
<arg>${btn_cancel_review}</arg>
</arguments>
<msg timestamp="20210905 16:16:36.032" level="INFO">Element 'xpath://div[@data-testid="button-cancel"]' is displayed.</msg>
<status status="PASS" starttime="20210905 16:16:33.994" endtime="20210905 16:16:36.032"></status>
</kw>
<status status="PASS" starttime="20210905 16:16:33.994" endtime="20210905 16:16:36.032"></status>
</kw>
<kw name="Set Selenium Speed" library="SeleniumLibrary">
<doc>Sets the delay that is waited after each Selenium command.</doc>
<arguments>
<arg>${implicit_timeout}</arg>
</arguments>
<status status="PASS" starttime="20210905 16:16:36.033" endtime="20210905 16:16:36.033"></status>
</kw>
<status status="PASS" starttime="20210905 16:16:15.646" endtime="20210905 16:16:36.034"></status>
</kw>
<kw name="Fill All Customer Review Fields, Submit and Verify Thank You Message" library="productDetailsPage">
<arguments>
<arg>${ratings}</arg>
<arg>${nickname}</arg>
<arg>${email}</arg>
<arg>${review_summary}</arg>
<arg>${region}</arg>
<arg>${review_dettails}</arg>
</arguments>
<kw name="Set Selenium Speed" library="SeleniumLibrary">
<doc>Sets the delay that is waited after each Selenium command.</doc>
<arguments>
<arg>1.2</arg>
</arguments>
<status status="PASS" starttime="20210905 16:16:36.035" endtime="20210905 16:16:36.035"></status>
</kw>
<kw name="Format String" library="String">
<doc>Formats a ``template`` using the given ``positional`` and ``named`` arguments.</doc>
<arguments>
<arg>${btn_ratings}</arg>
<arg>ratings=${ratings}</arg>
</arguments>
<assign>
<var>${btn_ratings}</var>
</assign>
<msg timestamp="20210905 16:16:36.036" level="INFO">${btn_ratings} = xpath://span[contains(text(), "You are reviewing")]/../../..//div[@data-testid="rating-container"]/span/span[1]</msg>
<status status="PASS" starttime="20210905 16:16:36.036" endtime="20210905 16:16:36.036"></status>
</kw>
<kw name="Common Click Element" library="CommonFunctions">
<arguments>
<arg>${btn_ratings}</arg>
</arguments>
<kw name="Wait Until Element Is Visible" library="SeleniumLibrary">
<doc>Waits until the element ``locator`` is visible.</doc>
<arguments>
<arg>${element}</arg>
<arg>${timeout}</arg>
<arg>Element ${element} is not visible</arg>
</arguments>
<status status="PASS" starttime="20210905 16:16:36.037" endtime="20210905 16:16:38.475"></status>
</kw>
<kw name="Scroll Element Into View" library="SeleniumLibrary">
<doc>Scrolls the element identified by ``locator`` into view.</doc>
<arguments>
<arg>${element}</arg>
</arguments>
<status status="PASS" starttime="20210905 16:16:38.475" endtime="20210905 16:16:41.164"></status>
</kw>
<kw name="Click Element" library="SeleniumLibrary">
<doc>Click the element identified by ``locator``.</doc>
<arguments>
<arg>${element}</arg>
</arguments>
<msg timestamp="20210905 16:16:41.165" level="INFO">Clicking element 'xpath://span[contains(text(), "You are reviewing")]/../../..//div[@data-testid="rating-container"]/span/span[1]'.</msg>
<status status="PASS" starttime="20210905 16:16:41.164" endtime="20210905 16:16:43.684"></status>
</kw>
<status status="PASS" starttime="20210905 16:16:36.037" endtime="20210905 16:16:43.684"></status>
</kw>
<kw name="Input Text" library="SeleniumLibrary">
<doc>Types the given ``text`` into the text field identified by ``locator``.</doc>
<arguments>
<arg>${input_nickname}</arg>
<arg>${nickname}</arg>
</arguments>
<msg timestamp="20210905 16:16:43.685" level="INFO">Typing text 'wutang' into text field 'xpath://input[@data-testid="field-nickname"]'.</msg>
<status status="PASS" starttime="20210905 16:16:43.685" endtime="20210905 16:16:47.441"></status>
</kw>
<kw name="Input Text" library="SeleniumLibrary">
<doc>Types the given ``text`` into the text field identified by ``locator``.</doc>
<arguments>
<arg>${input_email}</arg>
<arg>${email}</arg>
</arguments>
<msg timestamp="20210905 16:16:47.442" level="INFO">Typing text 'wutang@mail.com' into text field 'xpath://input[@data-testid="field-email"]'.</msg>
<status status="PASS" starttime="20210905 16:16:47.441" endtime="20210905 16:16:51.192"></status>
</kw>
<kw name="Input Text" library="SeleniumLibrary">
<doc>Types the given ``text`` into the text field identified by ``locator``.</doc>
<arguments>
<arg>${input_review_summary}</arg>
<arg>${review_summary}</arg>
</arguments>
<msg timestamp="20210905 16:16:51.193" level="INFO">Typing text 'bad bad' into text field 'xpath://input[@data-testid="field-input-title"]'.</msg>
<status status="PASS" starttime="20210905 16:16:51.192" endtime="20210905 16:16:54.981"></status>
</kw>
<kw name="Select From List By Label" library="SeleniumLibrary">
<doc>Selects options from selection list ``locator`` by ``labels``.</doc>
<arguments>
<arg>${combobox_regions}</arg>
<arg>${region}</arg>
</arguments>
<msg timestamp="20210905 16:16:54.982" level="INFO">Selecting options from selection list 'xpath://select[@data-testid="field-regions"]' by label Saraburi.</msg>
<status status="PASS" starttime="20210905 16:16:54.981" endtime="20210905 16:17:03.501"></status>
</kw>
<kw name="Input Text" library="SeleniumLibrary">
<doc>Types the given ``text`` into the text field identified by ``locator``.</doc>
<arguments>
<arg>${textarea_review_details}</arg>
<arg>${review_dettails}</arg>
</arguments>
<msg timestamp="20210905 16:17:03.502" level="INFO">Typing text 'bad bad bad' into text field 'xpath://textarea[@data-testid="field-textarea-detail"]'.</msg>
<status status="PASS" starttime="20210905 16:17:03.501" endtime="20210905 16:17:07.287"></status>
</kw>
<kw name="Common Click Element" library="CommonFunctions">
<arguments>
<arg>${btn_submit_review}</arg>
</arguments>
<kw name="Wait Until Element Is Visible" library="SeleniumLibrary">
<doc>Waits until the element ``locator`` is visible.</doc>
<arguments>
<arg>${element}</arg>
<arg>${timeout}</arg>
<arg>Element ${element} is not visible</arg>
</arguments>
<status status="PASS" starttime="20210905 16:17:07.288" endtime="20210905 16:17:09.718"></status>
</kw>
<kw name="Scroll Element Into View" library="SeleniumLibrary">
<doc>Scrolls the element identified by ``locator`` into view.</doc>
<arguments>
<arg>${element}</arg>
</arguments>
<status status="PASS" starttime="20210905 16:17:09.718" endtime="20210905 16:17:12.407"></status>
</kw>
<kw name="Click Element" library="SeleniumLibrary">
<doc>Click the element identified by ``locator``.</doc>
<arguments>
<arg>${element}</arg>
</arguments>
<msg timestamp="20210905 16:17:12.408" level="INFO">Clicking element 'xpath://button[@data-testid="button-submit"]'.</msg>
<status status="PASS" starttime="20210905 16:17:12.407" endtime="20210905 16:17:14.974"></status>
</kw>
<status status="PASS" starttime="20210905 16:17:07.287" endtime="20210905 16:17:14.974"></status>
</kw>
<kw name="Element Should Be Visible" library="SeleniumLibrary">
<doc>Verifies that the element identified by ``locator`` is visible.</doc>
<arguments>
<arg>${message_feedback_thank}</arg>
</arguments>
<msg timestamp="20210905 16:17:17.415" level="INFO">Element 'xpath://h3/strong[text()="Thank you for your feedback!"]' is displayed.</msg>
<status status="PASS" starttime="20210905 16:17:14.974" endtime="20210905 16:17:17.415"></status>
</kw>
<kw name="Set Selenium Speed" library="SeleniumLibrary">
<doc>Sets the delay that is waited after each Selenium command.</doc>
<arguments>
<arg>${implicit_timeout}</arg>
</arguments>
<status status="PASS" starttime="20210905 16:17:17.415" endtime="20210905 16:17:17.416"></status>
</kw>
<status status="PASS" starttime="20210905 16:16:36.034" endtime="20210905 16:17:17.416"></status>
</kw>
<status status="PASS" starttime="20210905 16:15:08.408" endtime="20210905 16:17:17.416"></status>
</kw>
<kw name="End Test Case" library="CommonFunctions" type="teardown">
<kw name="Close Browser" library="SeleniumLibrary">
<doc>Closes the current browser.</doc>
<status status="PASS" starttime="20210905 16:17:17.418" endtime="20210905 16:17:22.474"></status>
</kw>
<kw name="Log To Console" library="BuiltIn">
<doc>Logs the given message to the console.</doc>
<arguments>
<arg>Ending</arg>
</arguments>
<status status="PASS" starttime="20210905 16:17:22.474" endtime="20210905 16:17:22.475"></status>
</kw>
<status status="PASS" starttime="20210905 16:17:17.417" endtime="20210905 16:17:22.475"></status>
</kw>
<status status="PASS" starttime="20210905 16:15:00.186" endtime="20210905 16:17:22.476" critical="yes"></status>
</test>
<status status="PASS" starttime="20210905 16:05:28.740" endtime="20210905 16:17:22.478"></status>
</suite>
<statistics>
<total>
<stat pass="5" fail="0">Critical Tests</stat>
<stat pass="5" fail="0">All Tests</stat>
</total>
<tag>
</tag>
<suite>
<stat pass="5" fail="0" id="s1" name="TC02 Valid Review">TC02 Valid Review</stat>
</suite>
</statistics>
<errors>
<msg timestamp="20210905 16:07:51.602" level="WARN">Multiple test cases with name 'Test Case 2' executed in test suite 'TC02 Valid Review'.</msg>
<msg timestamp="20210905 16:10:13.873" level="WARN">Multiple test cases with name 'Test Case 2' executed in test suite 'TC02 Valid Review'.</msg>
<msg timestamp="20210905 16:12:37.470" level="WARN">Multiple test cases with name 'Test Case 2' executed in test suite 'TC02 Valid Review'.</msg>
<msg timestamp="20210905 16:15:00.186" level="WARN">Multiple test cases with name 'Test Case 2' executed in test suite 'TC02 Valid Review'.</msg>
</errors>
</robot>
