<?xml version="1.0" encoding="UTF-8"?>
<robot generator="Robot 3.2.1 (Python 3.9.6 on win32)" generated="20210905 01:57:02.240" rpa="false">
<suite id="s1" name="TC03" source="E:\Robinson HW\Test\TC03.robot">
<test id="s1-t1" name="Test Case 3">
<kw name="Open browser to page" library="CommonFunctions" type="setup">
<arguments>
<arg>${url}</arg>
<arg>${implicit_timeout}</arg>
</arguments>
<kw name="Evaluate" library="BuiltIn">
<doc>Evaluates the given expression in Python and returns the result.</doc>
<arguments>
<arg>sys.modules['selenium.webdriver'].ChromeOptions()</arg>
<arg>sys</arg>
</arguments>
<assign>
<var>${options}</var>
</assign>
<msg timestamp="20210905 01:57:02.779" level="INFO">${options} = &lt;selenium.webdriver.chrome.options.Options object at 0x000001FBD32C0D00&gt;</msg>
<status status="PASS" starttime="20210905 01:57:02.779" endtime="20210905 01:57:02.779"></status>
</kw>
<kw name="Create Dictionary" library="BuiltIn">
<doc>Creates and returns a dictionary based on the given ``items``.</doc>
<arguments>
<arg>"fasp"=True</arg>
</arguments>
<assign>
<var>${exclude}</var>
</assign>
<msg timestamp="20210905 01:57:02.780" level="INFO">${exclude} = {'"fasp"': 'True'}</msg>
<status status="PASS" starttime="20210905 01:57:02.779" endtime="20210905 01:57:02.780"></status>
</kw>
<kw name="Create Dictionary" library="BuiltIn">
<doc>Creates and returns a dictionary based on the given ``items``.</doc>
<arguments>
<arg>protocol_handler.excluded_schemes=${exclude}</arg>
</arguments>
<assign>
<var>${prefs}</var>
</assign>
<msg timestamp="20210905 01:57:02.780" level="INFO">${prefs} = {'protocol_handler.excluded_schemes': {'"fasp"': 'True'}}</msg>
<status status="PASS" starttime="20210905 01:57:02.780" endtime="20210905 01:57:02.780"></status>
</kw>
<kw name="Call Method" library="BuiltIn">
<doc>Calls the named method of the given object with the provided arguments.</doc>
<arguments>
<arg>${options}</arg>
<arg>add_argument</arg>
<arg>--disable-infobars</arg>
</arguments>
<status status="PASS" starttime="20210905 01:57:02.780" endtime="20210905 01:57:02.780"></status>
</kw>
<kw name="Call Method" library="BuiltIn">
<doc>Calls the named method of the given object with the provided arguments.</doc>
<arguments>
<arg>${options}</arg>
<arg>add_argument</arg>
<arg>--disable-notifications</arg>
</arguments>
<status status="PASS" starttime="20210905 01:57:02.781" endtime="20210905 01:57:02.781"></status>
</kw>
<kw name="Call Method" library="BuiltIn">
<doc>Calls the named method of the given object with the provided arguments.</doc>
<arguments>
<arg>${options}</arg>
<arg>add_experimental_option</arg>
<arg>prefs</arg>
<arg>${prefs}</arg>
</arguments>
<status status="PASS" starttime="20210905 01:57:02.781" endtime="20210905 01:57:02.781"></status>
</kw>
<kw name="Create Webdriver" library="SeleniumLibrary">
<doc>Creates an instance of Selenium WebDriver.</doc>
<arguments>
<arg>Chrome</arg>
<arg>chrome_options=${options}</arg>
</arguments>
<msg timestamp="20210905 01:57:02.781" level="INFO">Creating an instance of the Chrome WebDriver.</msg>
<status status="PASS" starttime="20210905 01:57:02.781" endtime="20210905 01:57:03.822"></status>
</kw>
<kw name="Maximize Browser Window" library="SeleniumLibrary">
<doc>Maximizes current browser window.</doc>
<status status="PASS" starttime="20210905 01:57:03.822" endtime="20210905 01:57:03.938"></status>
</kw>
<kw name="Set Selenium Speed" library="SeleniumLibrary">
<doc>Sets the delay that is waited after each Selenium command.</doc>
<arguments>
<arg>${speed}</arg>
</arguments>
<status status="PASS" starttime="20210905 01:57:03.938" endtime="20210905 01:57:03.938"></status>
</kw>
<kw name="Go To" library="SeleniumLibrary">
<doc>Navigates the current browser window to the provided ``url``.</doc>
<arguments>
<arg>${url}</arg>
</arguments>
<msg timestamp="20210905 01:57:03.939" level="INFO">Opening url 'https://www.robinson.co.th/en'</msg>
<status status="PASS" starttime="20210905 01:57:03.939" endtime="20210905 01:57:09.644"></status>
</kw>
<status status="PASS" starttime="20210905 01:57:02.767" endtime="20210905 01:57:09.644"></status>
</kw>
<kw name="Test Case 3">
<arguments>
<arg>https://www.robinson.co.th/en/bioderma-sensibio-h20-triple-pack-cds20035013</arg>
<arg>BIODERMA</arg>
<arg>Sensibio H20 Triple Pack</arg>
<arg>CDS20035013</arg>
<arg>฿1,700</arg>
<arg>฿2,290</arg>
<arg>฿1,700</arg>
<arg>5</arg>
<arg>adam</arg>
<arg>adam</arg>
<arg>awesome</arg>
<arg>Uthai Thani</arg>
<arg>Product is Awesome</arg>
<arg>Please include an '@' in the email address</arg>
</arguments>
<kw name="Go To" library="SeleniumLibrary">
<doc>Navigates the current browser window to the provided ``url``.</doc>
<arguments>
<arg>${product_details_url}</arg>
</arguments>
<msg timestamp="20210905 01:57:09.645" level="INFO">Opening url 'https://www.robinson.co.th/en/bioderma-sensibio-h20-triple-pack-cds20035013'</msg>
<status status="PASS" starttime="20210905 01:57:09.645" endtime="20210905 01:57:14.948"></status>
</kw>
<kw name="Verify Product Detail Page Information" library="productDetailsPage">
<arguments>
<arg>${brand_name}</arg>
<arg>${product_name}</arg>
<arg>${productID}</arg>
<arg>${product_discount_price}</arg>
<arg>${product_old_price}</arg>
</arguments>
<kw name="Set Selenium Speed" library="SeleniumLibrary">
<doc>Sets the delay that is waited after each Selenium command.</doc>
<arguments>
<arg>1</arg>
</arguments>
<status status="PASS" starttime="20210905 01:57:14.950" endtime="20210905 01:57:14.950"></status>
</kw>
<kw name="Verify Product Navigator Exists" library="productDetailsPage">
<kw name="Element Should Be Visible" library="SeleniumLibrary">
<doc>Verifies that the element identified by ``locator`` is visible.</doc>
<arguments>
<arg>${nav_productDetails}</arg>
</arguments>
<msg timestamp="20210905 01:57:17.010" level="INFO">Element 'xpath://div[@id="ProductDetailPage"]/div[@data-testid="breadcrumb"]' is displayed.</msg>
<status status="PASS" starttime="20210905 01:57:14.951" endtime="20210905 01:57:17.010"></status>
</kw>
<status status="PASS" starttime="20210905 01:57:14.950" endtime="20210905 01:57:17.010"></status>
</kw>
<kw name="Verify Brand Name Exists" library="productDetailsPage">
<arguments>
<arg>${brand_name}</arg>
</arguments>
<kw name="Element Should Be Visible" library="SeleniumLibrary">
<doc>Verifies that the element identified by ``locator`` is visible.</doc>
<arguments>
<arg>${label_brandName}</arg>
</arguments>
<msg timestamp="20210905 01:57:19.052" level="INFO">Element 'xpath://a[@data-testid="brandname-link"]' is displayed.</msg>
<status status="PASS" starttime="20210905 01:57:17.011" endtime="20210905 01:57:19.052"></status>
</kw>
<kw name="Get Text" library="SeleniumLibrary">
<doc>Returns the text value of the element identified by ``locator``.</doc>
<arguments>
<arg>${label_brandName}</arg>
</arguments>
<assign>
<var>${textBrandName}</var>
</assign>
<msg timestamp="20210905 01:57:21.091" level="INFO">${textBrandName} = BIODERMA</msg>
<status status="PASS" starttime="20210905 01:57:19.052" endtime="20210905 01:57:21.091"></status>
</kw>
<kw name="Should Be Equal As Strings" library="BuiltIn">
<doc>Fails if objects are unequal after converting them to strings.</doc>
<arguments>
<arg>${textBrandName}</arg>
<arg>${brandName}</arg>
</arguments>
<status status="PASS" starttime="20210905 01:57:21.091" endtime="20210905 01:57:21.092"></status>
</kw>
<status status="PASS" starttime="20210905 01:57:17.011" endtime="20210905 01:57:21.092"></status>
</kw>
<kw name="Verify Product Name Exists" library="productDetailsPage">
<arguments>
<arg>${product_name}</arg>
</arguments>
<kw name="Element Should Be Visible" library="SeleniumLibrary">
<doc>Verifies that the element identified by ``locator`` is visible.</doc>
<arguments>
<arg>${label_productName}</arg>
</arguments>
<msg timestamp="20210905 01:57:23.129" level="INFO">Element 'xpath://div[contains(@id, "inf-viewProduct")]' is displayed.</msg>
<status status="PASS" starttime="20210905 01:57:21.093" endtime="20210905 01:57:23.129"></status>
</kw>
<kw name="Get Text" library="SeleniumLibrary">
<doc>Returns the text value of the element identified by ``locator``.</doc>
<arguments>
<arg>${label_productName}</arg>
</arguments>
<assign>
<var>${textProductName}</var>
</assign>
<msg timestamp="20210905 01:57:25.161" level="INFO">${textProductName} = Sensibio H20 Triple Pack</msg>
<status status="PASS" starttime="20210905 01:57:23.129" endtime="20210905 01:57:25.161"></status>
</kw>
<kw name="Should Be Equal As Strings" library="BuiltIn">
<doc>Fails if objects are unequal after converting them to strings.</doc>
<arguments>
<arg>${textProductName}</arg>
<arg>${productName}</arg>
</arguments>
<status status="PASS" starttime="20210905 01:57:25.161" endtime="20210905 01:57:25.162"></status>
</kw>
<status status="PASS" starttime="20210905 01:57:21.093" endtime="20210905 01:57:25.162"></status>
</kw>
<kw name="Verify Product Discount Price Exists" library="productDetailsPage">
<arguments>
<arg>${product_discount_price}</arg>
</arguments>
<kw name="Element Should Be Visible" library="SeleniumLibrary">
<doc>Verifies that the element identified by ``locator`` is visible.</doc>
<arguments>
<arg>${label_product_discount_price}</arg>
</arguments>
<msg timestamp="20210905 01:57:27.200" level="INFO">Element 'xpath://div[@data-testid="price-sell"]' is displayed.</msg>
<status status="PASS" starttime="20210905 01:57:25.163" endtime="20210905 01:57:27.200"></status>
</kw>
<kw name="Get Text" library="SeleniumLibrary">
<doc>Returns the text value of the element identified by ``locator``.</doc>
<arguments>
<arg>${label_product_discount_price}</arg>
</arguments>
<assign>
<var>${price}</var>
</assign>
<msg timestamp="20210905 01:57:29.232" level="INFO">${price} = ฿1,700</msg>
<status status="PASS" starttime="20210905 01:57:27.200" endtime="20210905 01:57:29.232"></status>
</kw>
<kw name="Should Be Equal As Strings" library="BuiltIn">
<doc>Fails if objects are unequal after converting them to strings.</doc>
<arguments>
<arg>${price}</arg>
<arg>${displayed_price}</arg>
</arguments>
<status status="PASS" starttime="20210905 01:57:29.232" endtime="20210905 01:57:29.233"></status>
</kw>
<status status="PASS" starttime="20210905 01:57:25.162" endtime="20210905 01:57:29.233"></status>
</kw>
<kw name="Verify Product Old Price Exists" library="productDetailsPage">
<arguments>
<arg>${product_old_price}</arg>
</arguments>
<kw name="Element Should Be Visible" library="SeleniumLibrary">
<doc>Verifies that the element identified by ``locator`` is visible.</doc>
<arguments>
<arg>${label_product_old_price}</arg>
</arguments>
<msg timestamp="20210905 01:57:31.270" level="INFO">Element 'xpath://div[contains(@id, "inf-viewPriceSave-")]' is displayed.</msg>
<status status="PASS" starttime="20210905 01:57:29.234" endtime="20210905 01:57:31.270"></status>
</kw>
<kw name="Get Text" library="SeleniumLibrary">
<doc>Returns the text value of the element identified by ``locator``.</doc>
<arguments>
<arg>${label_product_old_price}</arg>
</arguments>
<assign>
<var>${price}</var>
</assign>
<msg timestamp="20210905 01:57:33.304" level="INFO">${price} = ฿2,290</msg>
<status status="PASS" starttime="20210905 01:57:31.270" endtime="20210905 01:57:33.304"></status>
</kw>
<kw name="Should Be Equal As Strings" library="BuiltIn">
<doc>Fails if objects are unequal after converting them to strings.</doc>
<arguments>
<arg>${price}</arg>
<arg>${displayed_price}</arg>
</arguments>
<status status="PASS" starttime="20210905 01:57:33.304" endtime="20210905 01:57:33.305"></status>
</kw>
<status status="PASS" starttime="20210905 01:57:29.233" endtime="20210905 01:57:33.305"></status>
</kw>
<kw name="Verify Product Image Exists" library="productDetailsPage">
<arguments>
<arg>${product_name}</arg>
</arguments>
<kw name="Format String" library="String">
<doc>Formats a ``template`` using the given ``positional`` and ``named`` arguments.</doc>
<arguments>
<arg>${img_productImage}</arg>
<arg>productName=${productName}</arg>
</arguments>
<assign>
<var>${img_productImage}</var>
</assign>
<msg timestamp="20210905 01:57:33.307" level="INFO">${img_productImage} = xpath://img[@alt="Sensibio H20 Triple Pack"]</msg>
<status status="PASS" starttime="20210905 01:57:33.306" endtime="20210905 01:57:33.307"></status>
</kw>
<kw name="Element Should Be Visible" library="SeleniumLibrary">
<doc>Verifies that the element identified by ``locator`` is visible.</doc>
<arguments>
<arg>${img_productImage}</arg>
</arguments>
<msg timestamp="20210905 01:57:35.346" level="INFO">Element 'xpath://img[@alt="Sensibio H20 Triple Pack"]' is displayed.</msg>
<status status="PASS" starttime="20210905 01:57:33.307" endtime="20210905 01:57:35.346"></status>
</kw>
<status status="PASS" starttime="20210905 01:57:33.306" endtime="20210905 01:57:35.346"></status>
</kw>
<kw name="Verify Quantity Drop Down Exists" library="productDetailsPage">
<kw name="Element Should Be Visible" library="SeleniumLibrary">
<doc>Verifies that the element identified by ``locator`` is visible.</doc>
<arguments>
<arg>${dropdown_quantity}</arg>
</arguments>
<msg timestamp="20210905 01:57:37.382" level="INFO">Element 'xpath://div[contains(@id, "sel-addQty-")]/..' is displayed.</msg>
<status status="PASS" starttime="20210905 01:57:35.347" endtime="20210905 01:57:37.382"></status>
</kw>
<status status="PASS" starttime="20210905 01:57:35.346" endtime="20210905 01:57:37.382"></status>
</kw>
<kw name="Verify Add To Bag Button Exists" library="productDetailsPage">
<arguments>
<arg>${productID}</arg>
</arguments>
<kw name="Format String" library="String">
<doc>Formats a ``template`` using the given ``positional`` and ``named`` arguments.</doc>
<arguments>
<arg>${btn_addToBag}</arg>
<arg>productID=${productID}</arg>
</arguments>
<assign>
<var>${btn_addToBag}</var>
</assign>
<msg timestamp="20210905 01:57:37.383" level="INFO">${btn_addToBag} = xpath://div[@id="btn-addCart-CDS20035013"]</msg>
<status status="PASS" starttime="20210905 01:57:37.382" endtime="20210905 01:57:37.383"></status>
</kw>
<kw name="Element Should Be Visible" library="SeleniumLibrary">
<doc>Verifies that the element identified by ``locator`` is visible.</doc>
<arguments>
<arg>${btn_addToBag}</arg>
</arguments>
<msg timestamp="20210905 01:57:39.421" level="INFO">Element 'xpath://div[@id="btn-addCart-CDS20035013"]' is displayed.</msg>
<status status="PASS" starttime="20210905 01:57:37.383" endtime="20210905 01:57:39.421"></status>
</kw>
<status status="PASS" starttime="20210905 01:57:37.382" endtime="20210905 01:57:39.421"></status>
</kw>
<kw name="Verify Add To Wish List Button Exists" library="productDetailsPage">
<kw name="Element Should Be Visible" library="SeleniumLibrary">
<doc>Verifies that the element identified by ``locator`` is visible.</doc>
<arguments>
<arg>${btn_addToWishList}</arg>
</arguments>
<msg timestamp="20210905 01:57:41.458" level="INFO">Element 'xpath://div[@data-testid="inf-viewAddToWishlistV2View-Container"]/..' is displayed.</msg>
<status status="PASS" starttime="20210905 01:57:39.422" endtime="20210905 01:57:41.458"></status>
</kw>
<status status="PASS" starttime="20210905 01:57:39.422" endtime="20210905 01:57:41.458"></status>
</kw>
<kw name="Verify Product Details Area Exists" library="productDetailsPage">
<kw name="Element Should Be Visible" library="SeleniumLibrary">
<doc>Verifies that the element identified by ``locator`` is visible.</doc>
<arguments>
<arg>${area_product_details}</arg>
</arguments>
<msg timestamp="20210905 01:57:43.494" level="INFO">Element 'xpath://div[@id="tabDetail"]' is displayed.</msg>
<status status="PASS" starttime="20210905 01:57:41.459" endtime="20210905 01:57:43.494"></status>
</kw>
<status status="PASS" starttime="20210905 01:57:41.459" endtime="20210905 01:57:43.494"></status>
</kw>
<kw name="Verify Customer Review Area Exists" library="productDetailsPage">
<kw name="Element Should Be Visible" library="SeleniumLibrary">
<doc>Verifies that the element identified by ``locator`` is visible.</doc>
<arguments>
<arg>${area_customer_review}</arg>
</arguments>
<msg timestamp="20210905 01:57:45.530" level="INFO">Element 'xpath://div[@id="review-section"]' is displayed.</msg>
<status status="PASS" starttime="20210905 01:57:43.495" endtime="20210905 01:57:45.530"></status>
</kw>
<status status="PASS" starttime="20210905 01:57:43.494" endtime="20210905 01:57:45.530"></status>
</kw>
<kw name="Execute Javascript" library="SeleniumLibrary">
<doc>Executes the given JavaScript code with possible arguments.</doc>
<arguments>
<arg>window.scrollTo(0, document.body.scrollHeight)</arg>
</arguments>
<msg timestamp="20210905 01:57:45.531" level="INFO">Executing JavaScript:
window.scrollTo(0, document.body.scrollHeight)
Without any arguments.</msg>
<status status="PASS" starttime="20210905 01:57:45.531" endtime="20210905 01:57:46.607"></status>
</kw>
<kw name="Verify Similar Product Area Exists" library="productDetailsPage">
<kw name="Element Should Be Visible" library="SeleniumLibrary">
<doc>Verifies that the element identified by ``locator`` is visible.</doc>
<arguments>
<arg>${area_similar_product}</arg>
</arguments>
<msg timestamp="20210905 01:57:48.677" level="INFO">Element 'xpath://div[@id="SimilarProduct"]' is displayed.</msg>
<status status="PASS" starttime="20210905 01:57:46.608" endtime="20210905 01:57:48.677"></status>
</kw>
<status status="PASS" starttime="20210905 01:57:46.607" endtime="20210905 01:57:48.677"></status>
</kw>
<kw name="Verify You May Like Area Exists" library="productDetailsPage">
<kw name="Element Should Be Visible" library="SeleniumLibrary">
<doc>Verifies that the element identified by ``locator`` is visible.</doc>
<arguments>
<arg>${area_you_may_like}</arg>
</arguments>
<msg timestamp="20210905 01:57:50.713" level="INFO">Element 'xpath://div[@id="YouMayLike"]' is displayed.</msg>
<status status="PASS" starttime="20210905 01:57:48.678" endtime="20210905 01:57:50.713"></status>
</kw>
<status status="PASS" starttime="20210905 01:57:48.678" endtime="20210905 01:57:50.713"></status>
</kw>
<kw name="Verify Facebook Share Button Exists" library="productDetailsPage">
<arguments>
<arg>${productID}</arg>
</arguments>
<kw name="Format String" library="String">
<doc>Formats a ``template`` using the given ``positional`` and ``named`` arguments.</doc>
<arguments>
<arg>${btn_share_facebook_page}</arg>
<arg>productID=${productID}</arg>
</arguments>
<assign>
<var>${btn_share_facebook_page}</var>
</assign>
<msg timestamp="20210905 01:57:50.715" level="INFO">${btn_share_facebook_page} = xpath://a[@id="lnk-shareProductToFacebook-CDS20035013"]</msg>
<status status="PASS" starttime="20210905 01:57:50.714" endtime="20210905 01:57:50.715"></status>
</kw>
<kw name="Element Should Be Visible" library="SeleniumLibrary">
<doc>Verifies that the element identified by ``locator`` is visible.</doc>
<arguments>
<arg>${btn_share_facebook_page}</arg>
</arguments>
<msg timestamp="20210905 01:57:52.754" level="INFO">Element 'xpath://a[@id="lnk-shareProductToFacebook-CDS20035013"]' is displayed.</msg>
<status status="PASS" starttime="20210905 01:57:50.715" endtime="20210905 01:57:52.754"></status>
</kw>
<status status="PASS" starttime="20210905 01:57:50.714" endtime="20210905 01:57:52.754"></status>
</kw>
<kw name="Verify Twitter Share Button Exists" library="productDetailsPage">
<arguments>
<arg>${productID}</arg>
</arguments>
<kw name="Format String" library="String">
<doc>Formats a ``template`` using the given ``positional`` and ``named`` arguments.</doc>
<arguments>
<arg>${btn_share_twitter_page}</arg>
<arg>productID=${productID}</arg>
</arguments>
<assign>
<var>${btn_share_twitter_page}</var>
</assign>
<msg timestamp="20210905 01:57:52.756" level="INFO">${btn_share_twitter_page} = xpath://a[@id="lnk-shareProductToTwitter-CDS20035013"]</msg>
<status status="PASS" starttime="20210905 01:57:52.755" endtime="20210905 01:57:52.756"></status>
</kw>
<kw name="Element Should Be Visible" library="SeleniumLibrary">
<doc>Verifies that the element identified by ``locator`` is visible.</doc>
<arguments>
<arg>${btn_share_twitter_page}</arg>
</arguments>
<msg timestamp="20210905 01:57:54.792" level="INFO">Element 'xpath://a[@id="lnk-shareProductToTwitter-CDS20035013"]' is displayed.</msg>
<status status="PASS" starttime="20210905 01:57:52.756" endtime="20210905 01:57:54.792"></status>
</kw>
<status status="PASS" starttime="20210905 01:57:52.755" endtime="20210905 01:57:54.792"></status>
</kw>
<kw name="Verify Mail Share Button Exists" library="productDetailsPage">
<arguments>
<arg>${productID}</arg>
</arguments>
<kw name="Format String" library="String">
<doc>Formats a ``template`` using the given ``positional`` and ``named`` arguments.</doc>
<arguments>
<arg>${btn_share_mail_page}</arg>
<arg>productID=${productID}</arg>
</arguments>
<assign>
<var>${btn_share_mail_page}</var>
</assign>
<msg timestamp="20210905 01:57:54.794" level="INFO">${btn_share_mail_page} = xpath://a[@id="lnk-shareProductToEmail-CDS20035013"]</msg>
<status status="PASS" starttime="20210905 01:57:54.793" endtime="20210905 01:57:54.794"></status>
</kw>
<kw name="Element Should Be Visible" library="SeleniumLibrary">
<doc>Verifies that the element identified by ``locator`` is visible.</doc>
<arguments>
<arg>${btn_share_mail_page}</arg>
</arguments>
<msg timestamp="20210905 01:57:56.831" level="INFO">Element 'xpath://a[@id="lnk-shareProductToEmail-CDS20035013"]' is displayed.</msg>
<status status="PASS" starttime="20210905 01:57:54.794" endtime="20210905 01:57:56.831"></status>
</kw>
<status status="PASS" starttime="20210905 01:57:54.793" endtime="20210905 01:57:56.831"></status>
</kw>
<kw name="Verify Line Share Button Exists" library="productDetailsPage">
<arguments>
<arg>${productID}</arg>
</arguments>
<kw name="Format String" library="String">
<doc>Formats a ``template`` using the given ``positional`` and ``named`` arguments.</doc>
<arguments>
<arg>${btn_share_line_page}</arg>
<arg>productID=${productID}</arg>
</arguments>
<assign>
<var>${btn_share_line_page}</var>
</assign>
<msg timestamp="20210905 01:57:56.833" level="INFO">${btn_share_line_page} = xpath://a[@id="lnk-shareProductToLine-CDS20035013"]</msg>
<status status="PASS" starttime="20210905 01:57:56.832" endtime="20210905 01:57:56.833"></status>
</kw>
<kw name="Element Should Be Visible" library="SeleniumLibrary">
<doc>Verifies that the element identified by ``locator`` is visible.</doc>
<arguments>
<arg>${btn_share_line_page}</arg>
</arguments>
<msg timestamp="20210905 01:57:58.870" level="INFO">Element 'xpath://a[@id="lnk-shareProductToLine-CDS20035013"]' is displayed.</msg>
<status status="PASS" starttime="20210905 01:57:56.833" endtime="20210905 01:57:58.870"></status>
</kw>
<status status="PASS" starttime="20210905 01:57:56.832" endtime="20210905 01:57:58.870"></status>
</kw>
<kw name="Set Selenium Speed" library="SeleniumLibrary">
<doc>Sets the delay that is waited after each Selenium command.</doc>
<arguments>
<arg>${implicit_timeout}</arg>
</arguments>
<status status="PASS" starttime="20210905 01:57:58.871" endtime="20210905 01:57:58.871"></status>
</kw>
<status status="PASS" starttime="20210905 01:57:14.948" endtime="20210905 01:57:58.871"></status>
</kw>
<kw name="Click Add A Review Button" library="productDetailsPage">
<kw name="Common Click Element" library="CommonFunctions">
<arguments>
<arg>${btn_add_customer_review}</arg>
</arguments>
<kw name="Wait Until Element Is Visible" library="SeleniumLibrary">
<doc>Waits until the element ``locator`` is visible.</doc>
<arguments>
<arg>${element}</arg>
<arg>${timeout}</arg>
<arg>Element ${element} is not visible</arg>
</arguments>
<status status="PASS" starttime="20210905 01:57:58.873" endtime="20210905 01:58:04.908"></status>
</kw>
<kw name="Scroll Element Into View" library="SeleniumLibrary">
<doc>Scrolls the element identified by ``locator`` into view.</doc>
<arguments>
<arg>${element}</arg>
</arguments>
<status status="PASS" starttime="20210905 01:58:04.908" endtime="20210905 01:58:11.200"></status>
</kw>
<kw name="Click Element" library="SeleniumLibrary">
<doc>Click the element identified by ``locator``.</doc>
<arguments>
<arg>${element}</arg>
</arguments>
<msg timestamp="20210905 01:58:11.201" level="INFO">Clicking element 'xpath://a[@data-testid="button-show-popup"]'.</msg>
<status status="PASS" starttime="20210905 01:58:11.200" endtime="20210905 01:58:17.746"></status>
</kw>
<status status="PASS" starttime="20210905 01:57:58.872" endtime="20210905 01:58:17.746"></status>
</kw>
<status status="PASS" starttime="20210905 01:57:58.872" endtime="20210905 01:58:17.747"></status>
</kw>
<kw name="Verify Customer Review Field Information" library="productDetailsPage">
<arguments>
<arg>${product_name}</arg>
</arguments>
<kw name="Set Selenium Speed" library="SeleniumLibrary">
<doc>Sets the delay that is waited after each Selenium command.</doc>
<arguments>
<arg>1</arg>
</arguments>
<status status="PASS" starttime="20210905 01:58:17.748" endtime="20210905 01:58:17.748"></status>
</kw>
<kw name="Verify You Are Reviewing label" library="productDetailsPage">
<arguments>
<arg>${product_name}</arg>
</arguments>
<kw name="Format String" library="String">
<doc>Formats a ``template`` using the given ``positional`` and ``named`` arguments.</doc>
<arguments>
<arg>${label_you_are_reviewing}</arg>
<arg>productName=${product_name}</arg>
</arguments>
<assign>
<var>${label_you_are_reviewing}</var>
</assign>
<msg timestamp="20210905 01:58:17.750" level="INFO">${label_you_are_reviewing} = xpath://h3[text()="Sensibio H20 Triple Pack"]</msg>
<status status="PASS" starttime="20210905 01:58:17.749" endtime="20210905 01:58:17.750"></status>
</kw>
<kw name="Element Should Be Visible" library="SeleniumLibrary">
<doc>Verifies that the element identified by ``locator`` is visible.</doc>
<arguments>
<arg>${label_you_are_reviewing}</arg>
</arguments>
<msg timestamp="20210905 01:58:19.785" level="INFO">Element 'xpath://h3[text()="Sensibio H20 Triple Pack"]' is displayed.</msg>
<status status="PASS" starttime="20210905 01:58:17.750" endtime="20210905 01:58:19.785"></status>
</kw>
<status status="PASS" starttime="20210905 01:58:17.748" endtime="20210905 01:58:19.785"></status>
</kw>
<kw name="Verify Ratings Container Exists" library="productDetailsPage">
<kw name="Element Should Be Visible" library="SeleniumLibrary">
<doc>Verifies that the element identified by ``locator`` is visible.</doc>
<arguments>
<arg>${label_ratings_container}</arg>
</arguments>
<msg timestamp="20210905 01:58:21.823" level="INFO">Element 'xpath://span[contains(text(), "You are reviewing")]/../../..//div[@data-testid="rating-container"]' is displayed.</msg>
<status status="PASS" starttime="20210905 01:58:19.786" endtime="20210905 01:58:21.823"></status>
</kw>
<status status="PASS" starttime="20210905 01:58:19.785" endtime="20210905 01:58:21.823"></status>
</kw>
<kw name="Verify Input Nickname Exists" library="productDetailsPage">
<kw name="Element Should Be Visible" library="SeleniumLibrary">
<doc>Verifies that the element identified by ``locator`` is visible.</doc>
<arguments>
<arg>${input_nickname}</arg>
</arguments>
<msg timestamp="20210905 01:58:23.863" level="INFO">Element 'xpath://input[@data-testid="field-nickname"]' is displayed.</msg>
<status status="PASS" starttime="20210905 01:58:21.824" endtime="20210905 01:58:23.863"></status>
</kw>
<status status="PASS" starttime="20210905 01:58:21.824" endtime="20210905 01:58:23.863"></status>
</kw>
<kw name="Verify Input Email Exists" library="productDetailsPage">
<kw name="Element Should Be Visible" library="SeleniumLibrary">
<doc>Verifies that the element identified by ``locator`` is visible.</doc>
<arguments>
<arg>${input_email}</arg>
</arguments>
<msg timestamp="20210905 01:58:25.902" level="INFO">Element 'xpath://input[@data-testid="field-email"]' is displayed.</msg>
<status status="PASS" starttime="20210905 01:58:23.864" endtime="20210905 01:58:25.902"></status>
</kw>
<status status="PASS" starttime="20210905 01:58:23.863" endtime="20210905 01:58:25.902"></status>
</kw>
<kw name="Verify Input Review Summary Exists" library="productDetailsPage">
<kw name="Element Should Be Visible" library="SeleniumLibrary">
<doc>Verifies that the element identified by ``locator`` is visible.</doc>
<arguments>
<arg>${input_review_summary}</arg>
</arguments>
<msg timestamp="20210905 01:58:27.938" level="INFO">Element 'xpath://input[@data-testid="field-input-title"]' is displayed.</msg>
<status status="PASS" starttime="20210905 01:58:25.903" endtime="20210905 01:58:27.938"></status>
</kw>
<status status="PASS" starttime="20210905 01:58:25.903" endtime="20210905 01:58:27.938"></status>
</kw>
<kw name="Verify Combobox Regions Exists" library="productDetailsPage">
<kw name="Element Should Be Visible" library="SeleniumLibrary">
<doc>Verifies that the element identified by ``locator`` is visible.</doc>
<arguments>
<arg>${combobox_regions}</arg>
</arguments>
<msg timestamp="20210905 01:58:29.977" level="INFO">Element 'xpath://select[@data-testid="field-regions"]' is displayed.</msg>
<status status="PASS" starttime="20210905 01:58:27.939" endtime="20210905 01:58:29.977"></status>
</kw>
<status status="PASS" starttime="20210905 01:58:27.938" endtime="20210905 01:58:29.977"></status>
</kw>
<kw name="Verify Text Area Review Details Exists" library="productDetailsPage">
<kw name="Element Should Be Visible" library="SeleniumLibrary">
<doc>Verifies that the element identified by ``locator`` is visible.</doc>
<arguments>
<arg>${textarea_review_details}</arg>
</arguments>
<msg timestamp="20210905 01:58:32.015" level="INFO">Element 'xpath://textarea[@data-testid="field-textarea-detail"]' is displayed.</msg>
<status status="PASS" starttime="20210905 01:58:29.978" endtime="20210905 01:58:32.015"></status>
</kw>
<status status="PASS" starttime="20210905 01:58:29.978" endtime="20210905 01:58:32.015"></status>
</kw>
<kw name="Verify Upload Button Exists" library="productDetailsPage">
<kw name="Element Should Be Visible" library="SeleniumLibrary">
<doc>Verifies that the element identified by ``locator`` is visible.</doc>
<arguments>
<arg>${btn_upload}</arg>
</arguments>
<msg timestamp="20210905 01:58:34.054" level="INFO">Element 'xpath://div[contains(@data-testid,"UploadImageButton")]' is displayed.</msg>
<status status="PASS" starttime="20210905 01:58:32.016" endtime="20210905 01:58:34.054"></status>
</kw>
<status status="PASS" starttime="20210905 01:58:32.016" endtime="20210905 01:58:34.054"></status>
</kw>
<kw name="Verify Submit Review Button Exists" library="productDetailsPage">
<kw name="Element Should Be Visible" library="SeleniumLibrary">
<doc>Verifies that the element identified by ``locator`` is visible.</doc>
<arguments>
<arg>${btn_submit_review}</arg>
</arguments>
<msg timestamp="20210905 01:58:36.091" level="INFO">Element 'xpath://button[@data-testid="button-submit"]' is displayed.</msg>
<status status="PASS" starttime="20210905 01:58:34.055" endtime="20210905 01:58:36.091"></status>
</kw>
<status status="PASS" starttime="20210905 01:58:34.054" endtime="20210905 01:58:36.091"></status>
</kw>
<kw name="Verify Cancel Review Button Exists" library="productDetailsPage">
<kw name="Element Should Be Visible" library="SeleniumLibrary">
<doc>Verifies that the element identified by ``locator`` is visible.</doc>
<arguments>
<arg>${btn_cancel_review}</arg>
</arguments>
<msg timestamp="20210905 01:58:38.129" level="INFO">Element 'xpath://div[@data-testid="button-cancel"]' is displayed.</msg>
<status status="PASS" starttime="20210905 01:58:36.092" endtime="20210905 01:58:38.129"></status>
</kw>
<status status="PASS" starttime="20210905 01:58:36.092" endtime="20210905 01:58:38.129"></status>
</kw>
<kw name="Set Selenium Speed" library="SeleniumLibrary">
<doc>Sets the delay that is waited after each Selenium command.</doc>
<arguments>
<arg>${implicit_timeout}</arg>
</arguments>
<status status="PASS" starttime="20210905 01:58:38.130" endtime="20210905 01:58:38.130"></status>
</kw>
<status status="PASS" starttime="20210905 01:58:17.747" endtime="20210905 01:58:38.131"></status>
</kw>
<kw name="Fill All Customer Review Fields and Invalid Mail Format, Submit and Verify Error Message" library="productDetailsPage">
<arguments>
<arg>${ratings}</arg>
<arg>${nickname}</arg>
<arg>${email}</arg>
<arg>${review_summary}</arg>
<arg>${region}</arg>
<arg>${review_dettails}</arg>
<arg>${expected_error}</arg>
</arguments>
<kw name="Set Selenium Speed" library="SeleniumLibrary">
<doc>Sets the delay that is waited after each Selenium command.</doc>
<arguments>
<arg>1</arg>
</arguments>
<status status="PASS" starttime="20210905 01:58:38.132" endtime="20210905 01:58:38.133"></status>
</kw>
<kw name="Format String" library="String">
<doc>Formats a ``template`` using the given ``positional`` and ``named`` arguments.</doc>
<arguments>
<arg>${btn_ratings}</arg>
<arg>ratings=${ratings}</arg>
</arguments>
<assign>
<var>${btn_ratings}</var>
</assign>
<msg timestamp="20210905 01:58:38.133" level="INFO">${btn_ratings} = xpath://span[contains(text(), "You are reviewing")]/../../..//div[@data-testid="rating-container"]/span/span[5]</msg>
<status status="PASS" starttime="20210905 01:58:38.133" endtime="20210905 01:58:38.134"></status>
</kw>
<kw name="Common Click Element" library="CommonFunctions">
<arguments>
<arg>${btn_ratings}</arg>
</arguments>
<kw name="Wait Until Element Is Visible" library="SeleniumLibrary">
<doc>Waits until the element ``locator`` is visible.</doc>
<arguments>
<arg>${element}</arg>
<arg>${timeout}</arg>
<arg>Element ${element} is not visible</arg>
</arguments>
<status status="PASS" starttime="20210905 01:58:38.134" endtime="20210905 01:58:40.171"></status>
</kw>
<kw name="Scroll Element Into View" library="SeleniumLibrary">
<doc>Scrolls the element identified by ``locator`` into view.</doc>
<arguments>
<arg>${element}</arg>
</arguments>
<status status="PASS" starttime="20210905 01:58:40.171" endtime="20210905 01:58:42.469"></status>
</kw>
<kw name="Click Element" library="SeleniumLibrary">
<doc>Click the element identified by ``locator``.</doc>
<arguments>
<arg>${element}</arg>
</arguments>
<msg timestamp="20210905 01:58:42.470" level="INFO">Clicking element 'xpath://span[contains(text(), "You are reviewing")]/../../..//div[@data-testid="rating-container"]/span/span[5]'.</msg>
<status status="PASS" starttime="20210905 01:58:42.469" endtime="20210905 01:58:44.559"></status>
</kw>
<status status="PASS" starttime="20210905 01:58:38.134" endtime="20210905 01:58:44.559"></status>
</kw>
<kw name="Input Text" library="SeleniumLibrary">
<doc>Types the given ``text`` into the text field identified by ``locator``.</doc>
<arguments>
<arg>${input_nickname}</arg>
<arg>${nickname}</arg>
</arguments>
<msg timestamp="20210905 01:58:44.559" level="INFO">Typing text 'adam' into text field 'xpath://input[@data-testid="field-nickname"]'.</msg>
<status status="PASS" starttime="20210905 01:58:44.559" endtime="20210905 01:58:47.668"></status>
</kw>
<kw name="Input Text" library="SeleniumLibrary">
<doc>Types the given ``text`` into the text field identified by ``locator``.</doc>
<arguments>
<arg>${input_email}</arg>
<arg>${email}</arg>
</arguments>
<msg timestamp="20210905 01:58:47.669" level="INFO">Typing text 'adam' into text field 'xpath://input[@data-testid="field-email"]'.</msg>
<status status="PASS" starttime="20210905 01:58:47.668" endtime="20210905 01:58:50.798"></status>
</kw>
<kw name="Input Text" library="SeleniumLibrary">
<doc>Types the given ``text`` into the text field identified by ``locator``.</doc>
<arguments>
<arg>${input_review_summary}</arg>
<arg>${review_summary}</arg>
</arguments>
<msg timestamp="20210905 01:58:50.799" level="INFO">Typing text 'awesome' into text field 'xpath://input[@data-testid="field-input-title"]'.</msg>
<status status="PASS" starttime="20210905 01:58:50.798" endtime="20210905 01:58:53.964"></status>
</kw>
<kw name="Select From List By Label" library="SeleniumLibrary">
<doc>Selects options from selection list ``locator`` by ``labels``.</doc>
<arguments>
<arg>${combobox_regions}</arg>
<arg>${region}</arg>
</arguments>
<msg timestamp="20210905 01:58:53.965" level="INFO">Selecting options from selection list 'xpath://select[@data-testid="field-regions"]' by label Uthai Thani.</msg>
<status status="PASS" starttime="20210905 01:58:53.964" endtime="20210905 01:59:01.095"></status>
</kw>
<kw name="Input Text" library="SeleniumLibrary">
<doc>Types the given ``text`` into the text field identified by ``locator``.</doc>
<arguments>
<arg>${textarea_review_details}</arg>
<arg>${review_dettails}</arg>
</arguments>
<msg timestamp="20210905 01:59:01.096" level="INFO">Typing text 'Product is Awesome' into text field 'xpath://textarea[@data-testid="field-textarea-detail"]'.</msg>
<status status="PASS" starttime="20210905 01:59:01.095" endtime="20210905 01:59:04.346"></status>
</kw>
<kw name="Common Click Element" library="CommonFunctions">
<arguments>
<arg>${btn_submit_review}</arg>
</arguments>
<kw name="Wait Until Element Is Visible" library="SeleniumLibrary">
<doc>Waits until the element ``locator`` is visible.</doc>
<arguments>
<arg>${element}</arg>
<arg>${timeout}</arg>
<arg>Element ${element} is not visible</arg>
</arguments>
<status status="PASS" starttime="20210905 01:59:04.347" endtime="20210905 01:59:06.376"></status>
</kw>
<kw name="Scroll Element Into View" library="SeleniumLibrary">
<doc>Scrolls the element identified by ``locator`` into view.</doc>
<arguments>
<arg>${element}</arg>
</arguments>
<status status="PASS" starttime="20210905 01:59:06.376" endtime="20210905 01:59:08.668"></status>
</kw>
<kw name="Click Element" library="SeleniumLibrary">
<doc>Click the element identified by ``locator``.</doc>
<arguments>
<arg>${element}</arg>
</arguments>
<msg timestamp="20210905 01:59:08.669" level="INFO">Clicking element 'xpath://button[@data-testid="button-submit"]'.</msg>
<status status="PASS" starttime="20210905 01:59:08.668" endtime="20210905 01:59:10.810"></status>
</kw>
<status status="PASS" starttime="20210905 01:59:04.346" endtime="20210905 01:59:10.810"></status>
</kw>
<kw name="Get Element Attribute" library="SeleniumLibrary">
<doc>Returns the value of ``attribute`` from the element ``locator``.</doc>
<arguments>
<arg>${input_email}</arg>
<arg>validationMessage</arg>
</arguments>
<assign>
<var>${attribute}</var>
</assign>
<msg timestamp="20210905 01:59:12.835" level="INFO">${attribute} = Please include an '@' in the email address. 'adam' is missing an '@'.</msg>
<status status="PASS" starttime="20210905 01:59:10.810" endtime="20210905 01:59:12.835"></status>
</kw>
<kw name="Should Contain" library="BuiltIn">
<doc>Fails if ``container`` does not contain ``item`` one or more times.</doc>
<arguments>
<arg>${attribute}</arg>
<arg>${expected_error}</arg>
</arguments>
<status status="PASS" starttime="20210905 01:59:12.835" endtime="20210905 01:59:12.835"></status>
</kw>
<kw name="Set Selenium Speed" library="SeleniumLibrary">
<doc>Sets the delay that is waited after each Selenium command.</doc>
<arguments>
<arg>${implicit_timeout}</arg>
</arguments>
<status status="PASS" starttime="20210905 01:59:12.836" endtime="20210905 01:59:12.836"></status>
</kw>
<status status="PASS" starttime="20210905 01:58:38.131" endtime="20210905 01:59:12.836"></status>
</kw>
<status status="PASS" starttime="20210905 01:57:09.644" endtime="20210905 01:59:12.836"></status>
</kw>
<kw name="End Test Case" library="CommonFunctions" type="teardown">
<kw name="Close Browser" library="SeleniumLibrary">
<doc>Closes the current browser.</doc>
<status status="PASS" starttime="20210905 01:59:12.837" endtime="20210905 01:59:17.890"></status>
</kw>
<kw name="Log To Console" library="BuiltIn">
<doc>Logs the given message to the console.</doc>
<arguments>
<arg>Ending</arg>
</arguments>
<status status="PASS" starttime="20210905 01:59:17.890" endtime="20210905 01:59:17.891"></status>
</kw>
<status status="PASS" starttime="20210905 01:59:12.837" endtime="20210905 01:59:17.892"></status>
</kw>
<status status="PASS" starttime="20210905 01:57:02.765" endtime="20210905 01:59:17.892" critical="yes"></status>
</test>
<test id="s1-t2" name="Test Case 3">
<kw name="Open browser to page" library="CommonFunctions" type="setup">
<arguments>
<arg>${url}</arg>
<arg>${implicit_timeout}</arg>
</arguments>
<kw name="Evaluate" library="BuiltIn">
<doc>Evaluates the given expression in Python and returns the result.</doc>
<arguments>
<arg>sys.modules['selenium.webdriver'].ChromeOptions()</arg>
<arg>sys</arg>
</arguments>
<assign>
<var>${options}</var>
</assign>
<msg timestamp="20210905 01:59:17.899" level="INFO">${options} = &lt;selenium.webdriver.chrome.options.Options object at 0x000001FBD4C64970&gt;</msg>
<status status="PASS" starttime="20210905 01:59:17.898" endtime="20210905 01:59:17.899"></status>
</kw>
<kw name="Create Dictionary" library="BuiltIn">
<doc>Creates and returns a dictionary based on the given ``items``.</doc>
<arguments>
<arg>"fasp"=True</arg>
</arguments>
<assign>
<var>${exclude}</var>
</assign>
<msg timestamp="20210905 01:59:17.900" level="INFO">${exclude} = {'"fasp"': 'True'}</msg>
<status status="PASS" starttime="20210905 01:59:17.899" endtime="20210905 01:59:17.900"></status>
</kw>
<kw name="Create Dictionary" library="BuiltIn">
<doc>Creates and returns a dictionary based on the given ``items``.</doc>
<arguments>
<arg>protocol_handler.excluded_schemes=${exclude}</arg>
</arguments>
<assign>
<var>${prefs}</var>
</assign>
<msg timestamp="20210905 01:59:17.901" level="INFO">${prefs} = {'protocol_handler.excluded_schemes': {'"fasp"': 'True'}}</msg>
<status status="PASS" starttime="20210905 01:59:17.900" endtime="20210905 01:59:17.901"></status>
</kw>
<kw name="Call Method" library="BuiltIn">
<doc>Calls the named method of the given object with the provided arguments.</doc>
<arguments>
<arg>${options}</arg>
<arg>add_argument</arg>
<arg>--disable-infobars</arg>
</arguments>
<status status="PASS" starttime="20210905 01:59:17.901" endtime="20210905 01:59:17.901"></status>
</kw>
<kw name="Call Method" library="BuiltIn">
<doc>Calls the named method of the given object with the provided arguments.</doc>
<arguments>
<arg>${options}</arg>
<arg>add_argument</arg>
<arg>--disable-notifications</arg>
</arguments>
<status status="PASS" starttime="20210905 01:59:17.902" endtime="20210905 01:59:17.902"></status>
</kw>
<kw name="Call Method" library="BuiltIn">
<doc>Calls the named method of the given object with the provided arguments.</doc>
<arguments>
<arg>${options}</arg>
<arg>add_experimental_option</arg>
<arg>prefs</arg>
<arg>${prefs}</arg>
</arguments>
<status status="PASS" starttime="20210905 01:59:17.902" endtime="20210905 01:59:17.903"></status>
</kw>
<kw name="Create Webdriver" library="SeleniumLibrary">
<doc>Creates an instance of Selenium WebDriver.</doc>
<arguments>
<arg>Chrome</arg>
<arg>chrome_options=${options}</arg>
</arguments>
<msg timestamp="20210905 01:59:17.903" level="INFO">Creating an instance of the Chrome WebDriver.</msg>
<status status="PASS" starttime="20210905 01:59:17.903" endtime="20210905 01:59:18.947"></status>
</kw>
<kw name="Maximize Browser Window" library="SeleniumLibrary">
<doc>Maximizes current browser window.</doc>
<status status="PASS" starttime="20210905 01:59:18.948" endtime="20210905 01:59:19.061"></status>
</kw>
<kw name="Set Selenium Speed" library="SeleniumLibrary">
<doc>Sets the delay that is waited after each Selenium command.</doc>
<arguments>
<arg>${speed}</arg>
</arguments>
<status status="PASS" starttime="20210905 01:59:19.061" endtime="20210905 01:59:19.062"></status>
</kw>
<kw name="Go To" library="SeleniumLibrary">
<doc>Navigates the current browser window to the provided ``url``.</doc>
<arguments>
<arg>${url}</arg>
</arguments>
<msg timestamp="20210905 01:59:19.063" level="INFO">Opening url 'https://www.robinson.co.th/en'</msg>
<status status="PASS" starttime="20210905 01:59:19.062" endtime="20210905 01:59:25.563"></status>
</kw>
<status status="PASS" starttime="20210905 01:59:17.897" endtime="20210905 01:59:25.563"></status>
</kw>
<kw name="Test Case 3">
<arguments>
<arg>https://www.robinson.co.th/en/clarins-cr-sr-serum-30-cds10370209</arg>
<arg>CLARINS</arg>
<arg>CR SR SERUM 30</arg>
<arg>CDS10370209</arg>
<arg>฿6,300</arg>
<arg>฿7,000</arg>
<arg>฿6,300</arg>
<arg>4</arg>
<arg>leonardo</arg>
<arg>leonardo@.com</arg>
<arg>good good</arg>
<arg>Surin</arg>
<arg>good good good</arg>
<arg>'.' is used at a wrong position in '.com'</arg>
</arguments>
<kw name="Go To" library="SeleniumLibrary">
<doc>Navigates the current browser window to the provided ``url``.</doc>
<arguments>
<arg>${product_details_url}</arg>
</arguments>
<msg timestamp="20210905 01:59:25.566" level="INFO">Opening url 'https://www.robinson.co.th/en/clarins-cr-sr-serum-30-cds10370209'</msg>
<status status="PASS" starttime="20210905 01:59:25.565" endtime="20210905 01:59:30.891"></status>
</kw>
<kw name="Verify Product Detail Page Information" library="productDetailsPage">
<arguments>
<arg>${brand_name}</arg>
<arg>${product_name}</arg>
<arg>${productID}</arg>
<arg>${product_discount_price}</arg>
<arg>${product_old_price}</arg>
</arguments>
<kw name="Set Selenium Speed" library="SeleniumLibrary">
<doc>Sets the delay that is waited after each Selenium command.</doc>
<arguments>
<arg>1</arg>
</arguments>
<status status="PASS" starttime="20210905 01:59:30.893" endtime="20210905 01:59:30.893"></status>
</kw>
<kw name="Verify Product Navigator Exists" library="productDetailsPage">
<kw name="Element Should Be Visible" library="SeleniumLibrary">
<doc>Verifies that the element identified by ``locator`` is visible.</doc>
<arguments>
<arg>${nav_productDetails}</arg>
</arguments>
<msg timestamp="20210905 01:59:32.949" level="INFO">Element 'xpath://div[@id="ProductDetailPage"]/div[@data-testid="breadcrumb"]' is displayed.</msg>
<status status="PASS" starttime="20210905 01:59:30.894" endtime="20210905 01:59:32.949"></status>
</kw>
<status status="PASS" starttime="20210905 01:59:30.893" endtime="20210905 01:59:32.949"></status>
</kw>
<kw name="Verify Brand Name Exists" library="productDetailsPage">
<arguments>
<arg>${brand_name}</arg>
</arguments>
<kw name="Element Should Be Visible" library="SeleniumLibrary">
<doc>Verifies that the element identified by ``locator`` is visible.</doc>
<arguments>
<arg>${label_brandName}</arg>
</arguments>
<msg timestamp="20210905 01:59:34.993" level="INFO">Element 'xpath://a[@data-testid="brandname-link"]' is displayed.</msg>
<status status="PASS" starttime="20210905 01:59:32.950" endtime="20210905 01:59:34.993"></status>
</kw>
<kw name="Get Text" library="SeleniumLibrary">
<doc>Returns the text value of the element identified by ``locator``.</doc>
<arguments>
<arg>${label_brandName}</arg>
</arguments>
<assign>
<var>${textBrandName}</var>
</assign>
<msg timestamp="20210905 01:59:37.025" level="INFO">${textBrandName} = CLARINS</msg>
<status status="PASS" starttime="20210905 01:59:34.993" endtime="20210905 01:59:37.025"></status>
</kw>
<kw name="Should Be Equal As Strings" library="BuiltIn">
<doc>Fails if objects are unequal after converting them to strings.</doc>
<arguments>
<arg>${textBrandName}</arg>
<arg>${brandName}</arg>
</arguments>
<status status="PASS" starttime="20210905 01:59:37.025" endtime="20210905 01:59:37.026"></status>
</kw>
<status status="PASS" starttime="20210905 01:59:32.950" endtime="20210905 01:59:37.026"></status>
</kw>
<kw name="Verify Product Name Exists" library="productDetailsPage">
<arguments>
<arg>${product_name}</arg>
</arguments>
<kw name="Element Should Be Visible" library="SeleniumLibrary">
<doc>Verifies that the element identified by ``locator`` is visible.</doc>
<arguments>
<arg>${label_productName}</arg>
</arguments>
<msg timestamp="20210905 01:59:39.064" level="INFO">Element 'xpath://div[contains(@id, "inf-viewProduct")]' is displayed.</msg>
<status status="PASS" starttime="20210905 01:59:37.027" endtime="20210905 01:59:39.064"></status>
</kw>
<kw name="Get Text" library="SeleniumLibrary">
<doc>Returns the text value of the element identified by ``locator``.</doc>
<arguments>
<arg>${label_productName}</arg>
</arguments>
<assign>
<var>${textProductName}</var>
</assign>
<msg timestamp="20210905 01:59:41.096" level="INFO">${textProductName} = CR SR SERUM 30</msg>
<status status="PASS" starttime="20210905 01:59:39.064" endtime="20210905 01:59:41.096"></status>
</kw>
<kw name="Should Be Equal As Strings" library="BuiltIn">
<doc>Fails if objects are unequal after converting them to strings.</doc>
<arguments>
<arg>${textProductName}</arg>
<arg>${productName}</arg>
</arguments>
<status status="PASS" starttime="20210905 01:59:41.096" endtime="20210905 01:59:41.097"></status>
</kw>
<status status="PASS" starttime="20210905 01:59:37.027" endtime="20210905 01:59:41.097"></status>
</kw>
<kw name="Verify Product Discount Price Exists" library="productDetailsPage">
<arguments>
<arg>${product_discount_price}</arg>
</arguments>
<kw name="Element Should Be Visible" library="SeleniumLibrary">
<doc>Verifies that the element identified by ``locator`` is visible.</doc>
<arguments>
<arg>${label_product_discount_price}</arg>
</arguments>
<msg timestamp="20210905 01:59:43.131" level="INFO">Element 'xpath://div[@data-testid="price-sell"]' is displayed.</msg>
<status status="PASS" starttime="20210905 01:59:41.098" endtime="20210905 01:59:43.131"></status>
</kw>
<kw name="Get Text" library="SeleniumLibrary">
<doc>Returns the text value of the element identified by ``locator``.</doc>
<arguments>
<arg>${label_product_discount_price}</arg>
</arguments>
<assign>
<var>${price}</var>
</assign>
<msg timestamp="20210905 01:59:45.153" level="INFO">${price} = ฿6,300</msg>
<status status="PASS" starttime="20210905 01:59:43.131" endtime="20210905 01:59:45.153"></status>
</kw>
<kw name="Should Be Equal As Strings" library="BuiltIn">
<doc>Fails if objects are unequal after converting them to strings.</doc>
<arguments>
<arg>${price}</arg>
<arg>${displayed_price}</arg>
</arguments>
<status status="PASS" starttime="20210905 01:59:45.154" endtime="20210905 01:59:45.154"></status>
</kw>
<status status="PASS" starttime="20210905 01:59:41.098" endtime="20210905 01:59:45.155"></status>
</kw>
<kw name="Verify Product Old Price Exists" library="productDetailsPage">
<arguments>
<arg>${product_old_price}</arg>
</arguments>
<kw name="Element Should Be Visible" library="SeleniumLibrary">
<doc>Verifies that the element identified by ``locator`` is visible.</doc>
<arguments>
<arg>${label_product_old_price}</arg>
</arguments>
<msg timestamp="20210905 01:59:47.188" level="INFO">Element 'xpath://div[contains(@id, "inf-viewPriceSave-")]' is displayed.</msg>
<status status="PASS" starttime="20210905 01:59:45.156" endtime="20210905 01:59:47.188"></status>
</kw>
<kw name="Get Text" library="SeleniumLibrary">
<doc>Returns the text value of the element identified by ``locator``.</doc>
<arguments>
<arg>${label_product_old_price}</arg>
</arguments>
<assign>
<var>${price}</var>
</assign>
<msg timestamp="20210905 01:59:49.220" level="INFO">${price} = ฿7,000</msg>
<status status="PASS" starttime="20210905 01:59:47.188" endtime="20210905 01:59:49.220"></status>
</kw>
<kw name="Should Be Equal As Strings" library="BuiltIn">
<doc>Fails if objects are unequal after converting them to strings.</doc>
<arguments>
<arg>${price}</arg>
<arg>${displayed_price}</arg>
</arguments>
<status status="PASS" starttime="20210905 01:59:49.220" endtime="20210905 01:59:49.220"></status>
</kw>
<status status="PASS" starttime="20210905 01:59:45.155" endtime="20210905 01:59:49.220"></status>
</kw>
<kw name="Verify Product Image Exists" library="productDetailsPage">
<arguments>
<arg>${product_name}</arg>
</arguments>
<kw name="Format String" library="String">
<doc>Formats a ``template`` using the given ``positional`` and ``named`` arguments.</doc>
<arguments>
<arg>${img_productImage}</arg>
<arg>productName=${productName}</arg>
</arguments>
<assign>
<var>${img_productImage}</var>
</assign>
<msg timestamp="20210905 01:59:49.221" level="INFO">${img_productImage} = xpath://img[@alt="CR SR SERUM 30"]</msg>
<status status="PASS" starttime="20210905 01:59:49.221" endtime="20210905 01:59:49.221"></status>
</kw>
<kw name="Element Should Be Visible" library="SeleniumLibrary">
<doc>Verifies that the element identified by ``locator`` is visible.</doc>
<arguments>
<arg>${img_productImage}</arg>
</arguments>
<msg timestamp="20210905 01:59:51.249" level="INFO">Element 'xpath://img[@alt="CR SR SERUM 30"]' is displayed.</msg>
<status status="PASS" starttime="20210905 01:59:49.221" endtime="20210905 01:59:51.249"></status>
</kw>
<status status="PASS" starttime="20210905 01:59:49.221" endtime="20210905 01:59:51.249"></status>
</kw>
<kw name="Verify Quantity Drop Down Exists" library="productDetailsPage">
<kw name="Element Should Be Visible" library="SeleniumLibrary">
<doc>Verifies that the element identified by ``locator`` is visible.</doc>
<arguments>
<arg>${dropdown_quantity}</arg>
</arguments>
<msg timestamp="20210905 01:59:53.285" level="INFO">Element 'xpath://div[contains(@id, "sel-addQty-")]/..' is displayed.</msg>
<status status="PASS" starttime="20210905 01:59:51.250" endtime="20210905 01:59:53.285"></status>
</kw>
<status status="PASS" starttime="20210905 01:59:51.249" endtime="20210905 01:59:53.285"></status>
</kw>
<kw name="Verify Add To Bag Button Exists" library="productDetailsPage">
<arguments>
<arg>${productID}</arg>
</arguments>
<kw name="Format String" library="String">
<doc>Formats a ``template`` using the given ``positional`` and ``named`` arguments.</doc>
<arguments>
<arg>${btn_addToBag}</arg>
<arg>productID=${productID}</arg>
</arguments>
<assign>
<var>${btn_addToBag}</var>
</assign>
<msg timestamp="20210905 01:59:53.287" level="INFO">${btn_addToBag} = xpath://div[@id="btn-addCart-CDS10370209"]</msg>
<status status="PASS" starttime="20210905 01:59:53.287" endtime="20210905 01:59:53.287"></status>
</kw>
<kw name="Element Should Be Visible" library="SeleniumLibrary">
<doc>Verifies that the element identified by ``locator`` is visible.</doc>
<arguments>
<arg>${btn_addToBag}</arg>
</arguments>
<msg timestamp="20210905 01:59:55.324" level="INFO">Element 'xpath://div[@id="btn-addCart-CDS10370209"]' is displayed.</msg>
<status status="PASS" starttime="20210905 01:59:53.287" endtime="20210905 01:59:55.324"></status>
</kw>
<status status="PASS" starttime="20210905 01:59:53.286" endtime="20210905 01:59:55.324"></status>
</kw>
<kw name="Verify Add To Wish List Button Exists" library="productDetailsPage">
<kw name="Element Should Be Visible" library="SeleniumLibrary">
<doc>Verifies that the element identified by ``locator`` is visible.</doc>
<arguments>
<arg>${btn_addToWishList}</arg>
</arguments>
<msg timestamp="20210905 01:59:57.360" level="INFO">Element 'xpath://div[@data-testid="inf-viewAddToWishlistV2View-Container"]/..' is displayed.</msg>
<status status="PASS" starttime="20210905 01:59:55.325" endtime="20210905 01:59:57.360"></status>
</kw>
<status status="PASS" starttime="20210905 01:59:55.324" endtime="20210905 01:59:57.360"></status>
</kw>
<kw name="Verify Product Details Area Exists" library="productDetailsPage">
<kw name="Element Should Be Visible" library="SeleniumLibrary">
<doc>Verifies that the element identified by ``locator`` is visible.</doc>
<arguments>
<arg>${area_product_details}</arg>
</arguments>
<msg timestamp="20210905 01:59:59.396" level="INFO">Element 'xpath://div[@id="tabDetail"]' is displayed.</msg>
<status status="PASS" starttime="20210905 01:59:57.361" endtime="20210905 01:59:59.396"></status>
</kw>
<status status="PASS" starttime="20210905 01:59:57.361" endtime="20210905 01:59:59.396"></status>
</kw>
<kw name="Verify Customer Review Area Exists" library="productDetailsPage">
<kw name="Element Should Be Visible" library="SeleniumLibrary">
<doc>Verifies that the element identified by ``locator`` is visible.</doc>
<arguments>
<arg>${area_customer_review}</arg>
</arguments>
<msg timestamp="20210905 02:00:01.432" level="INFO">Element 'xpath://div[@id="review-section"]' is displayed.</msg>
<status status="PASS" starttime="20210905 01:59:59.397" endtime="20210905 02:00:01.432"></status>
</kw>
<status status="PASS" starttime="20210905 01:59:59.396" endtime="20210905 02:00:01.432"></status>
</kw>
<kw name="Execute Javascript" library="SeleniumLibrary">
<doc>Executes the given JavaScript code with possible arguments.</doc>
<arguments>
<arg>window.scrollTo(0, document.body.scrollHeight)</arg>
</arguments>
<msg timestamp="20210905 02:00:01.433" level="INFO">Executing JavaScript:
window.scrollTo(0, document.body.scrollHeight)
Without any arguments.</msg>
<status status="PASS" starttime="20210905 02:00:01.432" endtime="20210905 02:00:02.466"></status>
</kw>
<kw name="Verify Similar Product Area Exists" library="productDetailsPage">
<kw name="Element Should Be Visible" library="SeleniumLibrary">
<doc>Verifies that the element identified by ``locator`` is visible.</doc>
<arguments>
<arg>${area_similar_product}</arg>
</arguments>
<msg timestamp="20210905 02:00:04.634" level="INFO">Element 'xpath://div[@id="SimilarProduct"]' is displayed.</msg>
<status status="PASS" starttime="20210905 02:00:02.466" endtime="20210905 02:00:04.634"></status>
</kw>
<status status="PASS" starttime="20210905 02:00:02.466" endtime="20210905 02:00:04.634"></status>
</kw>
<kw name="Verify You May Like Area Exists" library="productDetailsPage">
<kw name="Element Should Be Visible" library="SeleniumLibrary">
<doc>Verifies that the element identified by ``locator`` is visible.</doc>
<arguments>
<arg>${area_you_may_like}</arg>
</arguments>
<msg timestamp="20210905 02:00:06.672" level="INFO">Element 'xpath://div[@id="YouMayLike"]' is displayed.</msg>
<status status="PASS" starttime="20210905 02:00:04.635" endtime="20210905 02:00:06.672"></status>
</kw>
<status status="PASS" starttime="20210905 02:00:04.634" endtime="20210905 02:00:06.673"></status>
</kw>
<kw name="Verify Facebook Share Button Exists" library="productDetailsPage">
<arguments>
<arg>${productID}</arg>
</arguments>
<kw name="Format String" library="String">
<doc>Formats a ``template`` using the given ``positional`` and ``named`` arguments.</doc>
<arguments>
<arg>${btn_share_facebook_page}</arg>
<arg>productID=${productID}</arg>
</arguments>
<assign>
<var>${btn_share_facebook_page}</var>
</assign>
<msg timestamp="20210905 02:00:06.675" level="INFO">${btn_share_facebook_page} = xpath://a[@id="lnk-shareProductToFacebook-CDS10370209"]</msg>
<status status="PASS" starttime="20210905 02:00:06.674" endtime="20210905 02:00:06.675"></status>
</kw>
<kw name="Element Should Be Visible" library="SeleniumLibrary">
<doc>Verifies that the element identified by ``locator`` is visible.</doc>
<arguments>
<arg>${btn_share_facebook_page}</arg>
</arguments>
<msg timestamp="20210905 02:00:08.711" level="INFO">Element 'xpath://a[@id="lnk-shareProductToFacebook-CDS10370209"]' is displayed.</msg>
<status status="PASS" starttime="20210905 02:00:06.675" endtime="20210905 02:00:08.711"></status>
</kw>
<status status="PASS" starttime="20210905 02:00:06.673" endtime="20210905 02:00:08.711"></status>
</kw>
<kw name="Verify Twitter Share Button Exists" library="productDetailsPage">
<arguments>
<arg>${productID}</arg>
</arguments>
<kw name="Format String" library="String">
<doc>Formats a ``template`` using the given ``positional`` and ``named`` arguments.</doc>
<arguments>
<arg>${btn_share_twitter_page}</arg>
<arg>productID=${productID}</arg>
</arguments>
<assign>
<var>${btn_share_twitter_page}</var>
</assign>
<msg timestamp="20210905 02:00:08.713" level="INFO">${btn_share_twitter_page} = xpath://a[@id="lnk-shareProductToTwitter-CDS10370209"]</msg>
<status status="PASS" starttime="20210905 02:00:08.712" endtime="20210905 02:00:08.713"></status>
</kw>
<kw name="Element Should Be Visible" library="SeleniumLibrary">
<doc>Verifies that the element identified by ``locator`` is visible.</doc>
<arguments>
<arg>${btn_share_twitter_page}</arg>
</arguments>
<msg timestamp="20210905 02:00:10.749" level="INFO">Element 'xpath://a[@id="lnk-shareProductToTwitter-CDS10370209"]' is displayed.</msg>
<status status="PASS" starttime="20210905 02:00:08.713" endtime="20210905 02:00:10.749"></status>
</kw>
<status status="PASS" starttime="20210905 02:00:08.711" endtime="20210905 02:00:10.749"></status>
</kw>
<kw name="Verify Mail Share Button Exists" library="productDetailsPage">
<arguments>
<arg>${productID}</arg>
</arguments>
<kw name="Format String" library="String">
<doc>Formats a ``template`` using the given ``positional`` and ``named`` arguments.</doc>
<arguments>
<arg>${btn_share_mail_page}</arg>
<arg>productID=${productID}</arg>
</arguments>
<assign>
<var>${btn_share_mail_page}</var>
</assign>
<msg timestamp="20210905 02:00:10.751" level="INFO">${btn_share_mail_page} = xpath://a[@id="lnk-shareProductToEmail-CDS10370209"]</msg>
<status status="PASS" starttime="20210905 02:00:10.750" endtime="20210905 02:00:10.751"></status>
</kw>
<kw name="Element Should Be Visible" library="SeleniumLibrary">
<doc>Verifies that the element identified by ``locator`` is visible.</doc>
<arguments>
<arg>${btn_share_mail_page}</arg>
</arguments>
<msg timestamp="20210905 02:00:12.788" level="INFO">Element 'xpath://a[@id="lnk-shareProductToEmail-CDS10370209"]' is displayed.</msg>
<status status="PASS" starttime="20210905 02:00:10.751" endtime="20210905 02:00:12.788"></status>
</kw>
<status status="PASS" starttime="20210905 02:00:10.750" endtime="20210905 02:00:12.788"></status>
</kw>
<kw name="Verify Line Share Button Exists" library="productDetailsPage">
<arguments>
<arg>${productID}</arg>
</arguments>
<kw name="Format String" library="String">
<doc>Formats a ``template`` using the given ``positional`` and ``named`` arguments.</doc>
<arguments>
<arg>${btn_share_line_page}</arg>
<arg>productID=${productID}</arg>
</arguments>
<assign>
<var>${btn_share_line_page}</var>
</assign>
<msg timestamp="20210905 02:00:12.790" level="INFO">${btn_share_line_page} = xpath://a[@id="lnk-shareProductToLine-CDS10370209"]</msg>
<status status="PASS" starttime="20210905 02:00:12.789" endtime="20210905 02:00:12.790"></status>
</kw>
<kw name="Element Should Be Visible" library="SeleniumLibrary">
<doc>Verifies that the element identified by ``locator`` is visible.</doc>
<arguments>
<arg>${btn_share_line_page}</arg>
</arguments>
<msg timestamp="20210905 02:00:14.826" level="INFO">Element 'xpath://a[@id="lnk-shareProductToLine-CDS10370209"]' is displayed.</msg>
<status status="PASS" starttime="20210905 02:00:12.790" endtime="20210905 02:00:14.826"></status>
</kw>
<status status="PASS" starttime="20210905 02:00:12.789" endtime="20210905 02:00:14.826"></status>
</kw>
<kw name="Set Selenium Speed" library="SeleniumLibrary">
<doc>Sets the delay that is waited after each Selenium command.</doc>
<arguments>
<arg>${implicit_timeout}</arg>
</arguments>
<status status="PASS" starttime="20210905 02:00:14.827" endtime="20210905 02:00:14.827"></status>
</kw>
<status status="PASS" starttime="20210905 01:59:30.891" endtime="20210905 02:00:14.828"></status>
</kw>
<kw name="Click Add A Review Button" library="productDetailsPage">
<kw name="Common Click Element" library="CommonFunctions">
<arguments>
<arg>${btn_add_customer_review}</arg>
</arguments>
<kw name="Wait Until Element Is Visible" library="SeleniumLibrary">
<doc>Waits until the element ``locator`` is visible.</doc>
<arguments>
<arg>${element}</arg>
<arg>${timeout}</arg>
<arg>Element ${element} is not visible</arg>
</arguments>
<status status="PASS" starttime="20210905 02:00:14.829" endtime="20210905 02:00:20.867"></status>
</kw>
<kw name="Scroll Element Into View" library="SeleniumLibrary">
<doc>Scrolls the element identified by ``locator`` into view.</doc>
<arguments>
<arg>${element}</arg>
</arguments>
<status status="PASS" starttime="20210905 02:00:20.867" endtime="20210905 02:00:27.161"></status>
</kw>
<kw name="Click Element" library="SeleniumLibrary">
<doc>Click the element identified by ``locator``.</doc>
<arguments>
<arg>${element}</arg>
</arguments>
<msg timestamp="20210905 02:00:27.162" level="INFO">Clicking element 'xpath://a[@data-testid="button-show-popup"]'.</msg>
<status status="PASS" starttime="20210905 02:00:27.161" endtime="20210905 02:00:33.731"></status>
</kw>
<status status="PASS" starttime="20210905 02:00:14.829" endtime="20210905 02:00:33.731"></status>
</kw>
<status status="PASS" starttime="20210905 02:00:14.828" endtime="20210905 02:00:33.731"></status>
</kw>
<kw name="Verify Customer Review Field Information" library="productDetailsPage">
<arguments>
<arg>${product_name}</arg>
</arguments>
<kw name="Set Selenium Speed" library="SeleniumLibrary">
<doc>Sets the delay that is waited after each Selenium command.</doc>
<arguments>
<arg>1</arg>
</arguments>
<status status="PASS" starttime="20210905 02:00:33.733" endtime="20210905 02:00:33.733"></status>
</kw>
<kw name="Verify You Are Reviewing label" library="productDetailsPage">
<arguments>
<arg>${product_name}</arg>
</arguments>
<kw name="Format String" library="String">
<doc>Formats a ``template`` using the given ``positional`` and ``named`` arguments.</doc>
<arguments>
<arg>${label_you_are_reviewing}</arg>
<arg>productName=${product_name}</arg>
</arguments>
<assign>
<var>${label_you_are_reviewing}</var>
</assign>
<msg timestamp="20210905 02:00:33.735" level="INFO">${label_you_are_reviewing} = xpath://h3[text()="CR SR SERUM 30"]</msg>
<status status="PASS" starttime="20210905 02:00:33.734" endtime="20210905 02:00:33.735"></status>
</kw>
<kw name="Element Should Be Visible" library="SeleniumLibrary">
<doc>Verifies that the element identified by ``locator`` is visible.</doc>
<arguments>
<arg>${label_you_are_reviewing}</arg>
</arguments>
<msg timestamp="20210905 02:00:35.771" level="INFO">Element 'xpath://h3[text()="CR SR SERUM 30"]' is displayed.</msg>
<status status="PASS" starttime="20210905 02:00:33.735" endtime="20210905 02:00:35.771"></status>
</kw>
<status status="PASS" starttime="20210905 02:00:33.733" endtime="20210905 02:00:35.771"></status>
</kw>
<kw name="Verify Ratings Container Exists" library="productDetailsPage">
<kw name="Element Should Be Visible" library="SeleniumLibrary">
<doc>Verifies that the element identified by ``locator`` is visible.</doc>
<arguments>
<arg>${label_ratings_container}</arg>
</arguments>
<msg timestamp="20210905 02:00:37.811" level="INFO">Element 'xpath://span[contains(text(), "You are reviewing")]/../../..//div[@data-testid="rating-container"]' is displayed.</msg>
<status status="PASS" starttime="20210905 02:00:35.772" endtime="20210905 02:00:37.811"></status>
</kw>
<status status="PASS" starttime="20210905 02:00:35.772" endtime="20210905 02:00:37.811"></status>
</kw>
<kw name="Verify Input Nickname Exists" library="productDetailsPage">
<kw name="Element Should Be Visible" library="SeleniumLibrary">
<doc>Verifies that the element identified by ``locator`` is visible.</doc>
<arguments>
<arg>${input_nickname}</arg>
</arguments>
<msg timestamp="20210905 02:00:39.850" level="INFO">Element 'xpath://input[@data-testid="field-nickname"]' is displayed.</msg>
<status status="PASS" starttime="20210905 02:00:37.812" endtime="20210905 02:00:39.850"></status>
</kw>
<status status="PASS" starttime="20210905 02:00:37.811" endtime="20210905 02:00:39.850"></status>
</kw>
<kw name="Verify Input Email Exists" library="productDetailsPage">
<kw name="Element Should Be Visible" library="SeleniumLibrary">
<doc>Verifies that the element identified by ``locator`` is visible.</doc>
<arguments>
<arg>${input_email}</arg>
</arguments>
<msg timestamp="20210905 02:00:41.888" level="INFO">Element 'xpath://input[@data-testid="field-email"]' is displayed.</msg>
<status status="PASS" starttime="20210905 02:00:39.851" endtime="20210905 02:00:41.888"></status>
</kw>
<status status="PASS" starttime="20210905 02:00:39.851" endtime="20210905 02:00:41.888"></status>
</kw>
<kw name="Verify Input Review Summary Exists" library="productDetailsPage">
<kw name="Element Should Be Visible" library="SeleniumLibrary">
<doc>Verifies that the element identified by ``locator`` is visible.</doc>
<arguments>
<arg>${input_review_summary}</arg>
</arguments>
<msg timestamp="20210905 02:00:43.926" level="INFO">Element 'xpath://input[@data-testid="field-input-title"]' is displayed.</msg>
<status status="PASS" starttime="20210905 02:00:41.889" endtime="20210905 02:00:43.926"></status>
</kw>
<status status="PASS" starttime="20210905 02:00:41.889" endtime="20210905 02:00:43.926"></status>
</kw>
<kw name="Verify Combobox Regions Exists" library="productDetailsPage">
<kw name="Element Should Be Visible" library="SeleniumLibrary">
<doc>Verifies that the element identified by ``locator`` is visible.</doc>
<arguments>
<arg>${combobox_regions}</arg>
</arguments>
<msg timestamp="20210905 02:00:45.962" level="INFO">Element 'xpath://select[@data-testid="field-regions"]' is displayed.</msg>
<status status="PASS" starttime="20210905 02:00:43.927" endtime="20210905 02:00:45.962"></status>
</kw>
<status status="PASS" starttime="20210905 02:00:43.927" endtime="20210905 02:00:45.962"></status>
</kw>
<kw name="Verify Text Area Review Details Exists" library="productDetailsPage">
<kw name="Element Should Be Visible" library="SeleniumLibrary">
<doc>Verifies that the element identified by ``locator`` is visible.</doc>
<arguments>
<arg>${textarea_review_details}</arg>
</arguments>
<msg timestamp="20210905 02:00:47.999" level="INFO">Element 'xpath://textarea[@data-testid="field-textarea-detail"]' is displayed.</msg>
<status status="PASS" starttime="20210905 02:00:45.963" endtime="20210905 02:00:47.999"></status>
</kw>
<status status="PASS" starttime="20210905 02:00:45.962" endtime="20210905 02:00:47.999"></status>
</kw>
<kw name="Verify Upload Button Exists" library="productDetailsPage">
<kw name="Element Should Be Visible" library="SeleniumLibrary">
<doc>Verifies that the element identified by ``locator`` is visible.</doc>
<arguments>
<arg>${btn_upload}</arg>
</arguments>
<msg timestamp="20210905 02:00:50.037" level="INFO">Element 'xpath://div[contains(@data-testid,"UploadImageButton")]' is displayed.</msg>
<status status="PASS" starttime="20210905 02:00:48.000" endtime="20210905 02:00:50.037"></status>
</kw>
<status status="PASS" starttime="20210905 02:00:48.000" endtime="20210905 02:00:50.037"></status>
</kw>
<kw name="Verify Submit Review Button Exists" library="productDetailsPage">
<kw name="Element Should Be Visible" library="SeleniumLibrary">
<doc>Verifies that the element identified by ``locator`` is visible.</doc>
<arguments>
<arg>${btn_submit_review}</arg>
</arguments>
<msg timestamp="20210905 02:00:52.074" level="INFO">Element 'xpath://button[@data-testid="button-submit"]' is displayed.</msg>
<status status="PASS" starttime="20210905 02:00:50.038" endtime="20210905 02:00:52.074"></status>
</kw>
<status status="PASS" starttime="20210905 02:00:50.038" endtime="20210905 02:00:52.074"></status>
</kw>
<kw name="Verify Cancel Review Button Exists" library="productDetailsPage">
<kw name="Element Should Be Visible" library="SeleniumLibrary">
<doc>Verifies that the element identified by ``locator`` is visible.</doc>
<arguments>
<arg>${btn_cancel_review}</arg>
</arguments>
<msg timestamp="20210905 02:00:54.112" level="INFO">Element 'xpath://div[@data-testid="button-cancel"]' is displayed.</msg>
<status status="PASS" starttime="20210905 02:00:52.075" endtime="20210905 02:00:54.112"></status>
</kw>
<status status="PASS" starttime="20210905 02:00:52.074" endtime="20210905 02:00:54.112"></status>
</kw>
<kw name="Set Selenium Speed" library="SeleniumLibrary">
<doc>Sets the delay that is waited after each Selenium command.</doc>
<arguments>
<arg>${implicit_timeout}</arg>
</arguments>
<status status="PASS" starttime="20210905 02:00:54.114" endtime="20210905 02:00:54.114"></status>
</kw>
<status status="PASS" starttime="20210905 02:00:33.732" endtime="20210905 02:00:54.114"></status>
</kw>
<kw name="Fill All Customer Review Fields and Invalid Mail Format, Submit and Verify Error Message" library="productDetailsPage">
<arguments>
<arg>${ratings}</arg>
<arg>${nickname}</arg>
<arg>${email}</arg>
<arg>${review_summary}</arg>
<arg>${region}</arg>
<arg>${review_dettails}</arg>
<arg>${expected_error}</arg>
</arguments>
<kw name="Set Selenium Speed" library="SeleniumLibrary">
<doc>Sets the delay that is waited after each Selenium command.</doc>
<arguments>
<arg>1</arg>
</arguments>
<status status="PASS" starttime="20210905 02:00:54.115" endtime="20210905 02:00:54.115"></status>
</kw>
<kw name="Format String" library="String">
<doc>Formats a ``template`` using the given ``positional`` and ``named`` arguments.</doc>
<arguments>
<arg>${btn_ratings}</arg>
<arg>ratings=${ratings}</arg>
</arguments>
<assign>
<var>${btn_ratings}</var>
</assign>
<msg timestamp="20210905 02:00:54.116" level="INFO">${btn_ratings} = xpath://span[contains(text(), "You are reviewing")]/../../..//div[@data-testid="rating-container"]/span/span[4]</msg>
<status status="PASS" starttime="20210905 02:00:54.116" endtime="20210905 02:00:54.116"></status>
</kw>
<kw name="Common Click Element" library="CommonFunctions">
<arguments>
<arg>${btn_ratings}</arg>
</arguments>
<kw name="Wait Until Element Is Visible" library="SeleniumLibrary">
<doc>Waits until the element ``locator`` is visible.</doc>
<arguments>
<arg>${element}</arg>
<arg>${timeout}</arg>
<arg>Element ${element} is not visible</arg>
</arguments>
<status status="PASS" starttime="20210905 02:00:54.117" endtime="20210905 02:00:56.155"></status>
</kw>
<kw name="Scroll Element Into View" library="SeleniumLibrary">
<doc>Scrolls the element identified by ``locator`` into view.</doc>
<arguments>
<arg>${element}</arg>
</arguments>
<status status="PASS" starttime="20210905 02:00:56.155" endtime="20210905 02:00:58.436"></status>
</kw>
<kw name="Click Element" library="SeleniumLibrary">
<doc>Click the element identified by ``locator``.</doc>
<arguments>
<arg>${element}</arg>
</arguments>
<msg timestamp="20210905 02:00:58.437" level="INFO">Clicking element 'xpath://span[contains(text(), "You are reviewing")]/../../..//div[@data-testid="rating-container"]/span/span[4]'.</msg>
<status status="PASS" starttime="20210905 02:00:58.436" endtime="20210905 02:01:00.553"></status>
</kw>
<status status="PASS" starttime="20210905 02:00:54.117" endtime="20210905 02:01:00.553"></status>
</kw>
<kw name="Input Text" library="SeleniumLibrary">
<doc>Types the given ``text`` into the text field identified by ``locator``.</doc>
<arguments>
<arg>${input_nickname}</arg>
<arg>${nickname}</arg>
</arguments>
<msg timestamp="20210905 02:01:00.554" level="INFO">Typing text 'leonardo' into text field 'xpath://input[@data-testid="field-nickname"]'.</msg>
<status status="PASS" starttime="20210905 02:01:00.553" endtime="20210905 02:01:03.693"></status>
</kw>
<kw name="Input Text" library="SeleniumLibrary">
<doc>Types the given ``text`` into the text field identified by ``locator``.</doc>
<arguments>
<arg>${input_email}</arg>
<arg>${email}</arg>
</arguments>
<msg timestamp="20210905 02:01:03.694" level="INFO">Typing text 'leonardo@.com' into text field 'xpath://input[@data-testid="field-email"]'.</msg>
<status status="PASS" starttime="20210905 02:01:03.693" endtime="20210905 02:01:06.846"></status>
</kw>
<kw name="Input Text" library="SeleniumLibrary">
<doc>Types the given ``text`` into the text field identified by ``locator``.</doc>
<arguments>
<arg>${input_review_summary}</arg>
<arg>${review_summary}</arg>
</arguments>
<msg timestamp="20210905 02:01:06.847" level="INFO">Typing text 'good good' into text field 'xpath://input[@data-testid="field-input-title"]'.</msg>
<status status="PASS" starttime="20210905 02:01:06.846" endtime="20210905 02:01:10.030"></status>
</kw>
<kw name="Select From List By Label" library="SeleniumLibrary">
<doc>Selects options from selection list ``locator`` by ``labels``.</doc>
<arguments>
<arg>${combobox_regions}</arg>
<arg>${region}</arg>
</arguments>
<msg timestamp="20210905 02:01:10.031" level="INFO">Selecting options from selection list 'xpath://select[@data-testid="field-regions"]' by label Surin.</msg>
<status status="PASS" starttime="20210905 02:01:10.030" endtime="20210905 02:01:17.161"></status>
</kw>
<kw name="Input Text" library="SeleniumLibrary">
<doc>Types the given ``text`` into the text field identified by ``locator``.</doc>
<arguments>
<arg>${textarea_review_details}</arg>
<arg>${review_dettails}</arg>
</arguments>
<msg timestamp="20210905 02:01:17.161" level="INFO">Typing text 'good good good' into text field 'xpath://textarea[@data-testid="field-textarea-detail"]'.</msg>
<status status="PASS" starttime="20210905 02:01:17.161" endtime="20210905 02:01:20.357"></status>
</kw>
<kw name="Common Click Element" library="CommonFunctions">
<arguments>
<arg>${btn_submit_review}</arg>
</arguments>
<kw name="Wait Until Element Is Visible" library="SeleniumLibrary">
<doc>Waits until the element ``locator`` is visible.</doc>
<arguments>
<arg>${element}</arg>
<arg>${timeout}</arg>
<arg>Element ${element} is not visible</arg>
</arguments>
<status status="PASS" starttime="20210905 02:01:20.358" endtime="20210905 02:01:22.388"></status>
</kw>
<kw name="Scroll Element Into View" library="SeleniumLibrary">
<doc>Scrolls the element identified by ``locator`` into view.</doc>
<arguments>
<arg>${element}</arg>
</arguments>
<status status="PASS" starttime="20210905 02:01:22.388" endtime="20210905 02:01:24.693"></status>
</kw>
<kw name="Click Element" library="SeleniumLibrary">
<doc>Click the element identified by ``locator``.</doc>
<arguments>
<arg>${element}</arg>
</arguments>
<msg timestamp="20210905 02:01:24.694" level="INFO">Clicking element 'xpath://button[@data-testid="button-submit"]'.</msg>
<status status="PASS" starttime="20210905 02:01:24.693" endtime="20210905 02:01:26.815"></status>
</kw>
<status status="PASS" starttime="20210905 02:01:20.357" endtime="20210905 02:01:26.815"></status>
</kw>
<kw name="Get Element Attribute" library="SeleniumLibrary">
<doc>Returns the value of ``attribute`` from the element ``locator``.</doc>
<arguments>
<arg>${input_email}</arg>
<arg>validationMessage</arg>
</arguments>
<assign>
<var>${attribute}</var>
</assign>
<msg timestamp="20210905 02:01:28.840" level="INFO">${attribute} = '.' is used at a wrong position in '.com'.</msg>
<status status="PASS" starttime="20210905 02:01:26.816" endtime="20210905 02:01:28.840"></status>
</kw>
<kw name="Should Contain" library="BuiltIn">
<doc>Fails if ``container`` does not contain ``item`` one or more times.</doc>
<arguments>
<arg>${attribute}</arg>
<arg>${expected_error}</arg>
</arguments>
<status status="PASS" starttime="20210905 02:01:28.840" endtime="20210905 02:01:28.840"></status>
</kw>
<kw name="Set Selenium Speed" library="SeleniumLibrary">
<doc>Sets the delay that is waited after each Selenium command.</doc>
<arguments>
<arg>${implicit_timeout}</arg>
</arguments>
<status status="PASS" starttime="20210905 02:01:28.840" endtime="20210905 02:01:28.841"></status>
</kw>
<status status="PASS" starttime="20210905 02:00:54.114" endtime="20210905 02:01:28.841"></status>
</kw>
<status status="PASS" starttime="20210905 01:59:25.564" endtime="20210905 02:01:28.841"></status>
</kw>
<kw name="End Test Case" library="CommonFunctions" type="teardown">
<kw name="Close Browser" library="SeleniumLibrary">
<doc>Closes the current browser.</doc>
<status status="PASS" starttime="20210905 02:01:28.841" endtime="20210905 02:01:33.898"></status>
</kw>
<kw name="Log To Console" library="BuiltIn">
<doc>Logs the given message to the console.</doc>
<arguments>
<arg>Ending</arg>
</arguments>
<status status="PASS" starttime="20210905 02:01:33.899" endtime="20210905 02:01:33.899"></status>
</kw>
<status status="PASS" starttime="20210905 02:01:28.841" endtime="20210905 02:01:33.900"></status>
</kw>
[...]
</kw>
<kw name="Element Should Be Visible" library="SeleniumLibrary">
<doc>Verifies that the element identified by ``locator`` is visible.</doc>
<arguments>
<arg>${btn_share_mail_page}</arg>
</arguments>
<msg timestamp="20210905 02:07:00.242" level="INFO">Element 'xpath://a[@id="lnk-shareProductToEmail-CDS6584825"]' is displayed.</msg>
<status status="PASS" starttime="20210905 02:06:58.202" endtime="20210905 02:07:00.242"></status>
</kw>
<status status="PASS" starttime="20210905 02:06:58.200" endtime="20210905 02:07:00.242"></status>
</kw>
<kw name="Verify Line Share Button Exists" library="productDetailsPage">
<arguments>
<arg>${productID}</arg>
</arguments>
<kw name="Format String" library="String">
<doc>Formats a ``template`` using the given ``positional`` and ``named`` arguments.</doc>
<arguments>
<arg>${btn_share_line_page}</arg>
<arg>productID=${productID}</arg>
</arguments>
<assign>
<var>${btn_share_line_page}</var>
</assign>
<msg timestamp="20210905 02:07:00.243" level="INFO">${btn_share_line_page} = xpath://a[@id="lnk-shareProductToLine-CDS6584825"]</msg>
<status status="PASS" starttime="20210905 02:07:00.242" endtime="20210905 02:07:00.243"></status>
</kw>
<kw name="Element Should Be Visible" library="SeleniumLibrary">
<doc>Verifies that the element identified by ``locator`` is visible.</doc>
<arguments>
<arg>${btn_share_line_page}</arg>
</arguments>
<msg timestamp="20210905 02:07:02.281" level="INFO">Element 'xpath://a[@id="lnk-shareProductToLine-CDS6584825"]' is displayed.</msg>
<status status="PASS" starttime="20210905 02:07:00.243" endtime="20210905 02:07:02.281"></status>
</kw>
<status status="PASS" starttime="20210905 02:07:00.242" endtime="20210905 02:07:02.281"></status>
</kw>
<kw name="Set Selenium Speed" library="SeleniumLibrary">
<doc>Sets the delay that is waited after each Selenium command.</doc>
<arguments>
<arg>${implicit_timeout}</arg>
</arguments>
<status status="PASS" starttime="20210905 02:07:02.282" endtime="20210905 02:07:02.282"></status>
</kw>
<status status="PASS" starttime="20210905 02:06:18.455" endtime="20210905 02:07:02.282"></status>
</kw>
<kw name="Click Add A Review Button" library="productDetailsPage">
<kw name="Common Click Element" library="CommonFunctions">
<arguments>
<arg>${btn_add_customer_review}</arg>
</arguments>
<kw name="Wait Until Element Is Visible" library="SeleniumLibrary">
<doc>Waits until the element ``locator`` is visible.</doc>
<arguments>
<arg>${element}</arg>
<arg>${timeout}</arg>
<arg>Element ${element} is not visible</arg>
</arguments>
<status status="PASS" starttime="20210905 02:07:02.284" endtime="20210905 02:07:08.320"></status>
</kw>
<kw name="Scroll Element Into View" library="SeleniumLibrary">
<doc>Scrolls the element identified by ``locator`` into view.</doc>
<arguments>
<arg>${element}</arg>
</arguments>
<status status="PASS" starttime="20210905 02:07:08.320" endtime="20210905 02:07:14.631"></status>
</kw>
<kw name="Click Element" library="SeleniumLibrary">
<doc>Click the element identified by ``locator``.</doc>
<arguments>
<arg>${element}</arg>
</arguments>
<msg timestamp="20210905 02:07:14.632" level="INFO">Clicking element 'xpath://a[@data-testid="button-show-popup"]'.</msg>
<status status="PASS" starttime="20210905 02:07:14.631" endtime="20210905 02:07:21.311"></status>
</kw>
<status status="PASS" starttime="20210905 02:07:02.283" endtime="20210905 02:07:21.311"></status>
</kw>
<status status="PASS" starttime="20210905 02:07:02.283" endtime="20210905 02:07:21.312"></status>
</kw>
<kw name="Verify Customer Review Field Information" library="productDetailsPage">
<arguments>
<arg>${product_name}</arg>
</arguments>
<kw name="Set Selenium Speed" library="SeleniumLibrary">
<doc>Sets the delay that is waited after each Selenium command.</doc>
<arguments>
<arg>1</arg>
</arguments>
<status status="PASS" starttime="20210905 02:07:21.313" endtime="20210905 02:07:21.313"></status>
</kw>
<kw name="Verify You Are Reviewing label" library="productDetailsPage">
<arguments>
<arg>${product_name}</arg>
</arguments>
<kw name="Format String" library="String">
<doc>Formats a ``template`` using the given ``positional`` and ``named`` arguments.</doc>
<arguments>
<arg>${label_you_are_reviewing}</arg>
<arg>productName=${product_name}</arg>
</arguments>
<assign>
<var>${label_you_are_reviewing}</var>
</assign>
<msg timestamp="20210905 02:07:21.315" level="INFO">${label_you_are_reviewing} = xpath://h3[text()="The Treatment Lotion 150 mL"]</msg>
<status status="PASS" starttime="20210905 02:07:21.314" endtime="20210905 02:07:21.315"></status>
</kw>
<kw name="Element Should Be Visible" library="SeleniumLibrary">
<doc>Verifies that the element identified by ``locator`` is visible.</doc>
<arguments>
<arg>${label_you_are_reviewing}</arg>
</arguments>
<msg timestamp="20210905 02:07:23.352" level="INFO">Element 'xpath://h3[text()="The Treatment Lotion 150 mL"]' is displayed.</msg>
<status status="PASS" starttime="20210905 02:07:21.315" endtime="20210905 02:07:23.352"></status>
</kw>
<status status="PASS" starttime="20210905 02:07:21.313" endtime="20210905 02:07:23.352"></status>
</kw>
<kw name="Verify Ratings Container Exists" library="productDetailsPage">
<kw name="Element Should Be Visible" library="SeleniumLibrary">
<doc>Verifies that the element identified by ``locator`` is visible.</doc>
<arguments>
<arg>${label_ratings_container}</arg>
</arguments>
<msg timestamp="20210905 02:07:25.389" level="INFO">Element 'xpath://span[contains(text(), "You are reviewing")]/../../..//div[@data-testid="rating-container"]' is displayed.</msg>
<status status="PASS" starttime="20210905 02:07:23.353" endtime="20210905 02:07:25.389"></status>
</kw>
<status status="PASS" starttime="20210905 02:07:23.352" endtime="20210905 02:07:25.389"></status>
</kw>
<kw name="Verify Input Nickname Exists" library="productDetailsPage">
<kw name="Element Should Be Visible" library="SeleniumLibrary">
<doc>Verifies that the element identified by ``locator`` is visible.</doc>
<arguments>
<arg>${input_nickname}</arg>
</arguments>
<msg timestamp="20210905 02:07:27.440" level="INFO">Element 'xpath://input[@data-testid="field-nickname"]' is displayed.</msg>
<status status="PASS" starttime="20210905 02:07:25.390" endtime="20210905 02:07:27.440"></status>
</kw>
<status status="PASS" starttime="20210905 02:07:25.390" endtime="20210905 02:07:27.440"></status>
</kw>
<kw name="Verify Input Email Exists" library="productDetailsPage">
<kw name="Element Should Be Visible" library="SeleniumLibrary">
<doc>Verifies that the element identified by ``locator`` is visible.</doc>
<arguments>
<arg>${input_email}</arg>
</arguments>
<msg timestamp="20210905 02:07:29.475" level="INFO">Element 'xpath://input[@data-testid="field-email"]' is displayed.</msg>
<status status="PASS" starttime="20210905 02:07:27.441" endtime="20210905 02:07:29.475"></status>
</kw>
<status status="PASS" starttime="20210905 02:07:27.441" endtime="20210905 02:07:29.475"></status>
</kw>
<kw name="Verify Input Review Summary Exists" library="productDetailsPage">
<kw name="Element Should Be Visible" library="SeleniumLibrary">
<doc>Verifies that the element identified by ``locator`` is visible.</doc>
<arguments>
<arg>${input_review_summary}</arg>
</arguments>
<msg timestamp="20210905 02:07:31.511" level="INFO">Element 'xpath://input[@data-testid="field-input-title"]' is displayed.</msg>
<status status="PASS" starttime="20210905 02:07:29.476" endtime="20210905 02:07:31.511"></status>
</kw>
<status status="PASS" starttime="20210905 02:07:29.476" endtime="20210905 02:07:31.511"></status>
</kw>
<kw name="Verify Combobox Regions Exists" library="productDetailsPage">
<kw name="Element Should Be Visible" library="SeleniumLibrary">
<doc>Verifies that the element identified by ``locator`` is visible.</doc>
<arguments>
<arg>${combobox_regions}</arg>
</arguments>
<msg timestamp="20210905 02:07:33.546" level="INFO">Element 'xpath://select[@data-testid="field-regions"]' is displayed.</msg>
<status status="PASS" starttime="20210905 02:07:31.512" endtime="20210905 02:07:33.546"></status>
</kw>
<status status="PASS" starttime="20210905 02:07:31.511" endtime="20210905 02:07:33.546"></status>
</kw>
<kw name="Verify Text Area Review Details Exists" library="productDetailsPage">
<kw name="Element Should Be Visible" library="SeleniumLibrary">
<doc>Verifies that the element identified by ``locator`` is visible.</doc>
<arguments>
<arg>${textarea_review_details}</arg>
</arguments>
<msg timestamp="20210905 02:07:35.583" level="INFO">Element 'xpath://textarea[@data-testid="field-textarea-detail"]' is displayed.</msg>
<status status="PASS" starttime="20210905 02:07:33.547" endtime="20210905 02:07:35.583"></status>
</kw>
<status status="PASS" starttime="20210905 02:07:33.547" endtime="20210905 02:07:35.583"></status>
</kw>
<kw name="Verify Upload Button Exists" library="productDetailsPage">
<kw name="Element Should Be Visible" library="SeleniumLibrary">
<doc>Verifies that the element identified by ``locator`` is visible.</doc>
<arguments>
<arg>${btn_upload}</arg>
</arguments>
<msg timestamp="20210905 02:07:37.622" level="INFO">Element 'xpath://div[contains(@data-testid,"UploadImageButton")]' is displayed.</msg>
<status status="PASS" starttime="20210905 02:07:35.584" endtime="20210905 02:07:37.622"></status>
</kw>
<status status="PASS" starttime="20210905 02:07:35.584" endtime="20210905 02:07:37.622"></status>
</kw>
<kw name="Verify Submit Review Button Exists" library="productDetailsPage">
<kw name="Element Should Be Visible" library="SeleniumLibrary">
<doc>Verifies that the element identified by ``locator`` is visible.</doc>
<arguments>
<arg>${btn_submit_review}</arg>
</arguments>
<msg timestamp="20210905 02:07:39.660" level="INFO">Element 'xpath://button[@data-testid="button-submit"]' is displayed.</msg>
<status status="PASS" starttime="20210905 02:07:37.623" endtime="20210905 02:07:39.660"></status>
</kw>
<status status="PASS" starttime="20210905 02:07:37.623" endtime="20210905 02:07:39.660"></status>
</kw>
<kw name="Verify Cancel Review Button Exists" library="productDetailsPage">
<kw name="Element Should Be Visible" library="SeleniumLibrary">
<doc>Verifies that the element identified by ``locator`` is visible.</doc>
<arguments>
<arg>${btn_cancel_review}</arg>
</arguments>
<msg timestamp="20210905 02:07:41.698" level="INFO">Element 'xpath://div[@data-testid="button-cancel"]' is displayed.</msg>
<status status="PASS" starttime="20210905 02:07:39.661" endtime="20210905 02:07:41.698"></status>
</kw>
<status status="PASS" starttime="20210905 02:07:39.661" endtime="20210905 02:07:41.698"></status>
</kw>
<kw name="Set Selenium Speed" library="SeleniumLibrary">
<doc>Sets the delay that is waited after each Selenium command.</doc>
<arguments>
<arg>${implicit_timeout}</arg>
</arguments>
<status status="PASS" starttime="20210905 02:07:41.699" endtime="20210905 02:07:41.699"></status>
</kw>
<status status="PASS" starttime="20210905 02:07:21.312" endtime="20210905 02:07:41.699"></status>
</kw>
<kw name="Fill All Customer Review Fields and Invalid Mail Format, Submit and Verify Error Message" library="productDetailsPage">
<arguments>
<arg>${ratings}</arg>
<arg>${nickname}</arg>
<arg>${email}</arg>
<arg>${review_summary}</arg>
<arg>${region}</arg>
<arg>${review_dettails}</arg>
<arg>${expected_error}</arg>
</arguments>
<kw name="Set Selenium Speed" library="SeleniumLibrary">
<doc>Sets the delay that is waited after each Selenium command.</doc>
<arguments>
<arg>1</arg>
</arguments>
<status status="PASS" starttime="20210905 02:07:41.701" endtime="20210905 02:07:41.701"></status>
</kw>
<kw name="Format String" library="String">
<doc>Formats a ``template`` using the given ``positional`` and ``named`` arguments.</doc>
<arguments>
<arg>${btn_ratings}</arg>
<arg>ratings=${ratings}</arg>
</arguments>
<assign>
<var>${btn_ratings}</var>
</assign>
<msg timestamp="20210905 02:07:41.702" level="INFO">${btn_ratings} = xpath://span[contains(text(), "You are reviewing")]/../../..//div[@data-testid="rating-container"]/span/span[1]</msg>
<status status="PASS" starttime="20210905 02:07:41.702" endtime="20210905 02:07:41.702"></status>
</kw>
<kw name="Common Click Element" library="CommonFunctions">
<arguments>
<arg>${btn_ratings}</arg>
</arguments>
<kw name="Wait Until Element Is Visible" library="SeleniumLibrary">
<doc>Waits until the element ``locator`` is visible.</doc>
<arguments>
<arg>${element}</arg>
<arg>${timeout}</arg>
<arg>Element ${element} is not visible</arg>
</arguments>
<status status="PASS" starttime="20210905 02:07:41.703" endtime="20210905 02:07:43.740"></status>
</kw>
<kw name="Scroll Element Into View" library="SeleniumLibrary">
<doc>Scrolls the element identified by ``locator`` into view.</doc>
<arguments>
<arg>${element}</arg>
</arguments>
<status status="PASS" starttime="20210905 02:07:43.740" endtime="20210905 02:07:46.030"></status>
</kw>
<kw name="Click Element" library="SeleniumLibrary">
<doc>Click the element identified by ``locator``.</doc>
<arguments>
<arg>${element}</arg>
</arguments>
<msg timestamp="20210905 02:07:46.031" level="INFO">Clicking element 'xpath://span[contains(text(), "You are reviewing")]/../../..//div[@data-testid="rating-container"]/span/span[1]'.</msg>
<status status="PASS" starttime="20210905 02:07:46.030" endtime="20210905 02:07:48.142"></status>
</kw>
<status status="PASS" starttime="20210905 02:07:41.703" endtime="20210905 02:07:48.142"></status>
</kw>
<kw name="Input Text" library="SeleniumLibrary">
<doc>Types the given ``text`` into the text field identified by ``locator``.</doc>
<arguments>
<arg>${input_nickname}</arg>
<arg>${nickname}</arg>
</arguments>
<msg timestamp="20210905 02:07:48.143" level="INFO">Typing text 'wutang' into text field 'xpath://input[@data-testid="field-nickname"]'.</msg>
<status status="PASS" starttime="20210905 02:07:48.142" endtime="20210905 02:07:51.298"></status>
</kw>
<kw name="Input Text" library="SeleniumLibrary">
<doc>Types the given ``text`` into the text field identified by ``locator``.</doc>
<arguments>
<arg>${input_email}</arg>
<arg>${email}</arg>
</arguments>
<msg timestamp="20210905 02:07:51.299" level="INFO">Typing text 'wutang' into text field 'xpath://input[@data-testid="field-email"]'.</msg>
<status status="PASS" starttime="20210905 02:07:51.298" endtime="20210905 02:07:54.432"></status>
</kw>
<kw name="Input Text" library="SeleniumLibrary">
<doc>Types the given ``text`` into the text field identified by ``locator``.</doc>
<arguments>
<arg>${input_review_summary}</arg>
<arg>${review_summary}</arg>
</arguments>
<msg timestamp="20210905 02:07:54.433" level="INFO">Typing text 'bad bad' into text field 'xpath://input[@data-testid="field-input-title"]'.</msg>
<status status="PASS" starttime="20210905 02:07:54.432" endtime="20210905 02:07:57.615"></status>
</kw>
<kw name="Select From List By Label" library="SeleniumLibrary">
<doc>Selects options from selection list ``locator`` by ``labels``.</doc>
<arguments>
<arg>${combobox_regions}</arg>
<arg>${region}</arg>
</arguments>
<msg timestamp="20210905 02:07:57.617" level="INFO">Selecting options from selection list 'xpath://select[@data-testid="field-regions"]' by label Saraburi.</msg>
<status status="PASS" starttime="20210905 02:07:57.615" endtime="20210905 02:08:04.736"></status>
</kw>
<kw name="Input Text" library="SeleniumLibrary">
<doc>Types the given ``text`` into the text field identified by ``locator``.</doc>
<arguments>
<arg>${textarea_review_details}</arg>
<arg>${review_dettails}</arg>
</arguments>
<msg timestamp="20210905 02:08:04.736" level="INFO">Typing text 'bad bad bad' into text field 'xpath://textarea[@data-testid="field-textarea-detail"]'.</msg>
<status status="PASS" starttime="20210905 02:08:04.736" endtime="20210905 02:08:07.925"></status>
</kw>
<kw name="Common Click Element" library="CommonFunctions">
<arguments>
<arg>${btn_submit_review}</arg>
</arguments>
<kw name="Wait Until Element Is Visible" library="SeleniumLibrary">
<doc>Waits until the element ``locator`` is visible.</doc>
<arguments>
<arg>${element}</arg>
<arg>${timeout}</arg>
<arg>Element ${element} is not visible</arg>
</arguments>
<status status="PASS" starttime="20210905 02:08:07.926" endtime="20210905 02:08:09.953"></status>
</kw>
<kw name="Scroll Element Into View" library="SeleniumLibrary">
<doc>Scrolls the element identified by ``locator`` into view.</doc>
<arguments>
<arg>${element}</arg>
</arguments>
<status status="PASS" starttime="20210905 02:08:09.953" endtime="20210905 02:08:12.246"></status>
</kw>
<kw name="Click Element" library="SeleniumLibrary">
<doc>Click the element identified by ``locator``.</doc>
<arguments>
<arg>${element}</arg>
</arguments>
<msg timestamp="20210905 02:08:12.247" level="INFO">Clicking element 'xpath://button[@data-testid="button-submit"]'.</msg>
<status status="PASS" starttime="20210905 02:08:12.246" endtime="20210905 02:08:14.386"></status>
</kw>
<status status="PASS" starttime="20210905 02:08:07.925" endtime="20210905 02:08:14.386"></status>
</kw>
<kw name="Get Element Attribute" library="SeleniumLibrary">
<doc>Returns the value of ``attribute`` from the element ``locator``.</doc>
<arguments>
<arg>${input_email}</arg>
<arg>validationMessage</arg>
</arguments>
<assign>
<var>${attribute}</var>
</assign>
<msg timestamp="20210905 02:08:16.413" level="INFO">${attribute} = Please include an '@' in the email address. 'wutang' is missing an '@'.</msg>
<status status="PASS" starttime="20210905 02:08:14.387" endtime="20210905 02:08:16.413"></status>
</kw>
<kw name="Should Contain" library="BuiltIn">
<doc>Fails if ``container`` does not contain ``item`` one or more times.</doc>
<arguments>
<arg>${attribute}</arg>
<arg>${expected_error}</arg>
</arguments>
<status status="PASS" starttime="20210905 02:08:16.413" endtime="20210905 02:08:16.414"></status>
</kw>
<kw name="Set Selenium Speed" library="SeleniumLibrary">
<doc>Sets the delay that is waited after each Selenium command.</doc>
<arguments>
<arg>${implicit_timeout}</arg>
</arguments>
<status status="PASS" starttime="20210905 02:08:16.414" endtime="20210905 02:08:16.415"></status>
</kw>
<status status="PASS" starttime="20210905 02:07:41.700" endtime="20210905 02:08:16.415"></status>
</kw>
<status status="PASS" starttime="20210905 02:06:13.637" endtime="20210905 02:08:16.415"></status>
</kw>
<kw name="End Test Case" library="CommonFunctions" type="teardown">
<kw name="Close Browser" library="SeleniumLibrary">
<doc>Closes the current browser.</doc>
<status status="PASS" starttime="20210905 02:08:16.417" endtime="20210905 02:08:21.479"></status>
</kw>
<kw name="Log To Console" library="BuiltIn">
<doc>Logs the given message to the console.</doc>
<arguments>
<arg>Ending</arg>
</arguments>
<status status="PASS" starttime="20210905 02:08:21.479" endtime="20210905 02:08:21.480"></status>
</kw>
<status status="PASS" starttime="20210905 02:08:16.416" endtime="20210905 02:08:21.480"></status>
</kw>
<status status="PASS" starttime="20210905 02:06:05.975" endtime="20210905 02:08:21.481" critical="yes"></status>
</test>
<status status="PASS" starttime="20210905 01:57:02.242" endtime="20210905 02:08:21.483"></status>
</suite>
<statistics>
<total>
<stat pass="5" fail="0">Critical Tests</stat>
<stat pass="5" fail="0">All Tests</stat>
</total>
<tag>
</tag>
<suite>
<stat pass="5" fail="0" id="s1" name="TC03">TC03</stat>
</suite>
</statistics>
<errors>
<msg timestamp="20210905 01:59:17.893" level="WARN">Multiple test cases with name 'Test Case 3' executed in test suite 'TC03'.</msg>
<msg timestamp="20210905 02:01:33.902" level="WARN">Multiple test cases with name 'Test Case 3' executed in test suite 'TC03'.</msg>
<msg timestamp="20210905 02:03:49.822" level="WARN">Multiple test cases with name 'Test Case 3' executed in test suite 'TC03'.</msg>
<msg timestamp="20210905 02:06:05.974" level="WARN">Multiple test cases with name 'Test Case 3' executed in test suite 'TC03'.</msg>
</errors>
</robot>
