<?xml version="1.0" encoding="UTF-8"?>
<robot generator="Robot 3.2.1 (Python 3.9.6 on win32)" generated="20210905 16:18:41.357" rpa="false">
<suite id="s1" name="TC03 Invalid Email Review" source="E:\Robinson HW\Test\TC03_Invalid_Email_Review.robot">
<test id="s1-t1" name="Test Case 3">
<kw name="Open browser to page" library="CommonFunctions" type="setup">
<arguments>
<arg>${url}</arg>
<arg>${implicit_timeout}</arg>
</arguments>
<kw name="Evaluate" library="BuiltIn">
<doc>Evaluates the given expression in Python and returns the result.</doc>
<arguments>
<arg>sys.modules['selenium.webdriver'].ChromeOptions()</arg>
<arg>sys</arg>
</arguments>
<assign>
<var>${options}</var>
</assign>
<msg timestamp="20210905 16:18:41.911" level="INFO">${options} = &lt;selenium.webdriver.chrome.options.Options object at 0x0000023A8B710D00&gt;</msg>
<status status="PASS" starttime="20210905 16:18:41.911" endtime="20210905 16:18:41.911"></status>
</kw>
<kw name="Create Dictionary" library="BuiltIn">
<doc>Creates and returns a dictionary based on the given ``items``.</doc>
<arguments>
<arg>"fasp"=True</arg>
</arguments>
<assign>
<var>${exclude}</var>
</assign>
<msg timestamp="20210905 16:18:41.912" level="INFO">${exclude} = {'"fasp"': 'True'}</msg>
<status status="PASS" starttime="20210905 16:18:41.912" endtime="20210905 16:18:41.912"></status>
</kw>
<kw name="Create Dictionary" library="BuiltIn">
<doc>Creates and returns a dictionary based on the given ``items``.</doc>
<arguments>
<arg>protocol_handler.excluded_schemes=${exclude}</arg>
</arguments>
<assign>
<var>${prefs}</var>
</assign>
<msg timestamp="20210905 16:18:41.912" level="INFO">${prefs} = {'protocol_handler.excluded_schemes': {'"fasp"': 'True'}}</msg>
<status status="PASS" starttime="20210905 16:18:41.912" endtime="20210905 16:18:41.913"></status>
</kw>
<kw name="Call Method" library="BuiltIn">
<doc>Calls the named method of the given object with the provided arguments.</doc>
<arguments>
<arg>${options}</arg>
<arg>add_argument</arg>
<arg>--disable-infobars</arg>
</arguments>
<status status="PASS" starttime="20210905 16:18:41.913" endtime="20210905 16:18:41.913"></status>
</kw>
<kw name="Call Method" library="BuiltIn">
<doc>Calls the named method of the given object with the provided arguments.</doc>
<arguments>
<arg>${options}</arg>
<arg>add_argument</arg>
<arg>--disable-notifications</arg>
</arguments>
<status status="PASS" starttime="20210905 16:18:41.913" endtime="20210905 16:18:41.913"></status>
</kw>
<kw name="Call Method" library="BuiltIn">
<doc>Calls the named method of the given object with the provided arguments.</doc>
<arguments>
<arg>${options}</arg>
<arg>add_experimental_option</arg>
<arg>prefs</arg>
<arg>${prefs}</arg>
</arguments>
<status status="PASS" starttime="20210905 16:18:41.913" endtime="20210905 16:18:41.913"></status>
</kw>
<kw name="Create Webdriver" library="SeleniumLibrary">
<doc>Creates an instance of Selenium WebDriver.</doc>
<arguments>
<arg>Chrome</arg>
<arg>chrome_options=${options}</arg>
</arguments>
<msg timestamp="20210905 16:18:41.914" level="INFO">Creating an instance of the Chrome WebDriver.</msg>
<status status="PASS" starttime="20210905 16:18:41.913" endtime="20210905 16:18:43.059"></status>
</kw>
<kw name="Maximize Browser Window" library="SeleniumLibrary">
<doc>Maximizes current browser window.</doc>
<status status="PASS" starttime="20210905 16:18:43.059" endtime="20210905 16:18:43.177"></status>
</kw>
<kw name="Set Selenium Speed" library="SeleniumLibrary">
<doc>Sets the delay that is waited after each Selenium command.</doc>
<arguments>
<arg>${speed}</arg>
</arguments>
<status status="PASS" starttime="20210905 16:18:43.177" endtime="20210905 16:18:43.178"></status>
</kw>
<kw name="Go To" library="SeleniumLibrary">
<doc>Navigates the current browser window to the provided ``url``.</doc>
<arguments>
<arg>${url}</arg>
</arguments>
<msg timestamp="20210905 16:18:43.178" level="INFO">Opening url 'https://www.robinson.co.th/en'</msg>
<status status="PASS" starttime="20210905 16:18:43.178" endtime="20210905 16:18:49.320"></status>
</kw>
<status status="PASS" starttime="20210905 16:18:41.899" endtime="20210905 16:18:49.320"></status>
</kw>
<kw name="Test Case 3">
<arguments>
<arg>https://www.robinson.co.th/en/bioderma-sensibio-h20-triple-pack-cds20035013</arg>
<arg>BIODERMA</arg>
<arg>Sensibio H20 Triple Pack</arg>
<arg>CDS20035013</arg>
<arg>฿1,700</arg>
<arg>฿2,290</arg>
<arg>฿1,700</arg>
<arg>5</arg>
<arg>adam</arg>
<arg>adam</arg>
<arg>awesome</arg>
<arg>Uthai Thani</arg>
<arg>Product is Awesome</arg>
<arg>Please include an '@' in the email address</arg>
</arguments>
<kw name="Go To" library="SeleniumLibrary">
<doc>Navigates the current browser window to the provided ``url``.</doc>
<arguments>
<arg>${product_details_url}</arg>
</arguments>
<msg timestamp="20210905 16:18:49.323" level="INFO">Opening url 'https://www.robinson.co.th/en/bioderma-sensibio-h20-triple-pack-cds20035013'</msg>
<status status="PASS" starttime="20210905 16:18:49.322" endtime="20210905 16:18:54.430"></status>
</kw>
<kw name="Verify Product Detail Page Information" library="productDetailsPage">
<arguments>
<arg>${brand_name}</arg>
<arg>${product_name}</arg>
<arg>${productID}</arg>
<arg>${product_discount_price}</arg>
<arg>${product_old_price}</arg>
</arguments>
<kw name="Set Selenium Speed" library="SeleniumLibrary">
<doc>Sets the delay that is waited after each Selenium command.</doc>
<arguments>
<arg>1</arg>
</arguments>
<status status="PASS" starttime="20210905 16:18:54.432" endtime="20210905 16:18:54.432"></status>
</kw>
<kw name="Verify Product Navigator Exists" library="productDetailsPage">
<kw name="Element Should Be Visible" library="SeleniumLibrary">
<doc>Verifies that the element identified by ``locator`` is visible.</doc>
<arguments>
<arg>${nav_productDetails}</arg>
</arguments>
<msg timestamp="20210905 16:18:56.494" level="INFO">Element 'xpath://div[@id="ProductDetailPage"]/div[@data-testid="breadcrumb"]' is displayed.</msg>
<status status="PASS" starttime="20210905 16:18:54.433" endtime="20210905 16:18:56.494"></status>
</kw>
<status status="PASS" starttime="20210905 16:18:54.432" endtime="20210905 16:18:56.495"></status>
</kw>
<kw name="Verify Brand Name Exists" library="productDetailsPage">
<arguments>
<arg>${brand_name}</arg>
</arguments>
<kw name="Element Should Be Visible" library="SeleniumLibrary">
<doc>Verifies that the element identified by ``locator`` is visible.</doc>
<arguments>
<arg>${label_brandName}</arg>
</arguments>
<msg timestamp="20210905 16:18:58.541" level="INFO">Element 'xpath://a[@data-testid="brandname-link"]' is displayed.</msg>
<status status="PASS" starttime="20210905 16:18:56.496" endtime="20210905 16:18:58.541"></status>
</kw>
<kw name="Get Text" library="SeleniumLibrary">
<doc>Returns the text value of the element identified by ``locator``.</doc>
<arguments>
<arg>${label_brandName}</arg>
</arguments>
<assign>
<var>${textBrandName}</var>
</assign>
<msg timestamp="20210905 16:19:00.573" level="INFO">${textBrandName} = BIODERMA</msg>
<status status="PASS" starttime="20210905 16:18:58.541" endtime="20210905 16:19:00.573"></status>
</kw>
<kw name="Should Be Equal As Strings" library="BuiltIn">
<doc>Fails if objects are unequal after converting them to strings.</doc>
<arguments>
<arg>${textBrandName}</arg>
<arg>${brandName}</arg>
</arguments>
<status status="PASS" starttime="20210905 16:19:00.573" endtime="20210905 16:19:00.574"></status>
</kw>
<status status="PASS" starttime="20210905 16:18:56.495" endtime="20210905 16:19:00.574"></status>
</kw>
<kw name="Verify Product Name Exists" library="productDetailsPage">
<arguments>
<arg>${product_name}</arg>
</arguments>
<kw name="Element Should Be Visible" library="SeleniumLibrary">
<doc>Verifies that the element identified by ``locator`` is visible.</doc>
<arguments>
<arg>${label_productName}</arg>
</arguments>
<msg timestamp="20210905 16:19:02.611" level="INFO">Element 'xpath://div[contains(@id, "inf-viewProduct")]' is displayed.</msg>
<status status="PASS" starttime="20210905 16:19:00.575" endtime="20210905 16:19:02.611"></status>
</kw>
<kw name="Get Text" library="SeleniumLibrary">
<doc>Returns the text value of the element identified by ``locator``.</doc>
<arguments>
<arg>${label_productName}</arg>
</arguments>
<assign>
<var>${textProductName}</var>
</assign>
<msg timestamp="20210905 16:19:04.643" level="INFO">${textProductName} = Sensibio H20 Triple Pack</msg>
<status status="PASS" starttime="20210905 16:19:02.611" endtime="20210905 16:19:04.643"></status>
</kw>
<kw name="Should Be Equal As Strings" library="BuiltIn">
<doc>Fails if objects are unequal after converting them to strings.</doc>
<arguments>
<arg>${textProductName}</arg>
<arg>${productName}</arg>
</arguments>
<status status="PASS" starttime="20210905 16:19:04.643" endtime="20210905 16:19:04.644"></status>
</kw>
<status status="PASS" starttime="20210905 16:19:00.574" endtime="20210905 16:19:04.644"></status>
</kw>
<kw name="Verify Product Discount Price Exists" library="productDetailsPage">
<arguments>
<arg>${product_discount_price}</arg>
</arguments>
<kw name="Element Should Be Visible" library="SeleniumLibrary">
<doc>Verifies that the element identified by ``locator`` is visible.</doc>
<arguments>
<arg>${label_product_discount_price}</arg>
</arguments>
<msg timestamp="20210905 16:19:06.682" level="INFO">Element 'xpath://div[@data-testid="price-sell"]' is displayed.</msg>
<status status="PASS" starttime="20210905 16:19:04.646" endtime="20210905 16:19:06.682"></status>
</kw>
<kw name="Get Text" library="SeleniumLibrary">
<doc>Returns the text value of the element identified by ``locator``.</doc>
<arguments>
<arg>${label_product_discount_price}</arg>
</arguments>
<assign>
<var>${price}</var>
</assign>
<msg timestamp="20210905 16:19:08.714" level="INFO">${price} = ฿1,700</msg>
<status status="PASS" starttime="20210905 16:19:06.682" endtime="20210905 16:19:08.714"></status>
</kw>
<kw name="Should Be Equal As Strings" library="BuiltIn">
<doc>Fails if objects are unequal after converting them to strings.</doc>
<arguments>
<arg>${price}</arg>
<arg>${displayed_price}</arg>
</arguments>
<status status="PASS" starttime="20210905 16:19:08.714" endtime="20210905 16:19:08.715"></status>
</kw>
<status status="PASS" starttime="20210905 16:19:04.645" endtime="20210905 16:19:08.715"></status>
</kw>
<kw name="Verify Product Old Price Exists" library="productDetailsPage">
<arguments>
<arg>${product_old_price}</arg>
</arguments>
<kw name="Element Should Be Visible" library="SeleniumLibrary">
<doc>Verifies that the element identified by ``locator`` is visible.</doc>
<arguments>
<arg>${label_product_old_price}</arg>
</arguments>
<msg timestamp="20210905 16:19:10.752" level="INFO">Element 'xpath://div[contains(@id, "inf-viewPriceSave-")]' is displayed.</msg>
<status status="PASS" starttime="20210905 16:19:08.716" endtime="20210905 16:19:10.752"></status>
</kw>
<kw name="Get Text" library="SeleniumLibrary">
<doc>Returns the text value of the element identified by ``locator``.</doc>
<arguments>
<arg>${label_product_old_price}</arg>
</arguments>
<assign>
<var>${price}</var>
</assign>
<msg timestamp="20210905 16:19:12.786" level="INFO">${price} = ฿2,290</msg>
<status status="PASS" starttime="20210905 16:19:10.752" endtime="20210905 16:19:12.786"></status>
</kw>
<kw name="Should Be Equal As Strings" library="BuiltIn">
<doc>Fails if objects are unequal after converting them to strings.</doc>
<arguments>
<arg>${price}</arg>
<arg>${displayed_price}</arg>
</arguments>
<status status="PASS" starttime="20210905 16:19:12.786" endtime="20210905 16:19:12.787"></status>
</kw>
<status status="PASS" starttime="20210905 16:19:08.715" endtime="20210905 16:19:12.787"></status>
</kw>
<kw name="Verify Product Image Exists" library="productDetailsPage">
<arguments>
<arg>${product_name}</arg>
</arguments>
<kw name="Format String" library="String">
<doc>Formats a ``template`` using the given ``positional`` and ``named`` arguments.</doc>
<arguments>
<arg>${img_productImage}</arg>
<arg>productName=${productName}</arg>
</arguments>
<assign>
<var>${img_productImage}</var>
</assign>
<msg timestamp="20210905 16:19:12.789" level="INFO">${img_productImage} = xpath://img[@alt="Sensibio H20 Triple Pack"]</msg>
<status status="PASS" starttime="20210905 16:19:12.788" endtime="20210905 16:19:12.789"></status>
</kw>
<kw name="Element Should Be Visible" library="SeleniumLibrary">
<doc>Verifies that the element identified by ``locator`` is visible.</doc>
<arguments>
<arg>${img_productImage}</arg>
</arguments>
<msg timestamp="20210905 16:19:14.825" level="INFO">Element 'xpath://img[@alt="Sensibio H20 Triple Pack"]' is displayed.</msg>
<status status="PASS" starttime="20210905 16:19:12.789" endtime="20210905 16:19:14.825"></status>
</kw>
<status status="PASS" starttime="20210905 16:19:12.788" endtime="20210905 16:19:14.825"></status>
</kw>
<kw name="Verify Quantity Drop Down Exists" library="productDetailsPage">
<kw name="Element Should Be Visible" library="SeleniumLibrary">
<doc>Verifies that the element identified by ``locator`` is visible.</doc>
<arguments>
<arg>${dropdown_quantity}</arg>
</arguments>
<msg timestamp="20210905 16:19:16.861" level="INFO">Element 'xpath://div[contains(@id, "sel-addQty-")]/..' is displayed.</msg>
<status status="PASS" starttime="20210905 16:19:14.826" endtime="20210905 16:19:16.861"></status>
</kw>
<status status="PASS" starttime="20210905 16:19:14.826" endtime="20210905 16:19:16.861"></status>
</kw>
<kw name="Verify Add To Bag Button Exists" library="productDetailsPage">
<arguments>
<arg>${productID}</arg>
</arguments>
<kw name="Format String" library="String">
<doc>Formats a ``template`` using the given ``positional`` and ``named`` arguments.</doc>
<arguments>
<arg>${btn_addToBag}</arg>
<arg>productID=${productID}</arg>
</arguments>
<assign>
<var>${btn_addToBag}</var>
</assign>
<msg timestamp="20210905 16:19:16.863" level="INFO">${btn_addToBag} = xpath://div[@id="btn-addCart-CDS20035013"]</msg>
<status status="PASS" starttime="20210905 16:19:16.863" endtime="20210905 16:19:16.863"></status>
</kw>
<kw name="Element Should Be Visible" library="SeleniumLibrary">
<doc>Verifies that the element identified by ``locator`` is visible.</doc>
<arguments>
<arg>${btn_addToBag}</arg>
</arguments>
<msg timestamp="20210905 16:19:18.899" level="INFO">Element 'xpath://div[@id="btn-addCart-CDS20035013"]' is displayed.</msg>
<status status="PASS" starttime="20210905 16:19:16.864" endtime="20210905 16:19:18.899"></status>
</kw>
<status status="PASS" starttime="20210905 16:19:16.862" endtime="20210905 16:19:18.899"></status>
</kw>
<kw name="Verify Add To Wish List Button Exists" library="productDetailsPage">
<kw name="Element Should Be Visible" library="SeleniumLibrary">
<doc>Verifies that the element identified by ``locator`` is visible.</doc>
<arguments>
<arg>${btn_addToWishList}</arg>
</arguments>
<msg timestamp="20210905 16:19:20.935" level="INFO">Element 'xpath://div[@data-testid="inf-viewAddToWishlistV2View-Container"]/..' is displayed.</msg>
<status status="PASS" starttime="20210905 16:19:18.900" endtime="20210905 16:19:20.935"></status>
</kw>
<status status="PASS" starttime="20210905 16:19:18.900" endtime="20210905 16:19:20.935"></status>
</kw>
<kw name="Verify Product Details Area Exists" library="productDetailsPage">
<kw name="Element Should Be Visible" library="SeleniumLibrary">
<doc>Verifies that the element identified by ``locator`` is visible.</doc>
<arguments>
<arg>${area_product_details}</arg>
</arguments>
<msg timestamp="20210905 16:19:22.970" level="INFO">Element 'xpath://div[@id="tabDetail"]' is displayed.</msg>
<status status="PASS" starttime="20210905 16:19:20.936" endtime="20210905 16:19:22.970"></status>
</kw>
<status status="PASS" starttime="20210905 16:19:20.935" endtime="20210905 16:19:22.970"></status>
</kw>
<kw name="Verify Customer Review Area Exists" library="productDetailsPage">
<kw name="Element Should Be Visible" library="SeleniumLibrary">
<doc>Verifies that the element identified by ``locator`` is visible.</doc>
<arguments>
<arg>${area_customer_review}</arg>
</arguments>
<msg timestamp="20210905 16:19:25.006" level="INFO">Element 'xpath://div[@id="review-section"]' is displayed.</msg>
<status status="PASS" starttime="20210905 16:19:22.971" endtime="20210905 16:19:25.006"></status>
</kw>
<status status="PASS" starttime="20210905 16:19:22.970" endtime="20210905 16:19:25.006"></status>
</kw>
<kw name="Execute Javascript" library="SeleniumLibrary">
<doc>Executes the given JavaScript code with possible arguments.</doc>
<arguments>
<arg>window.scrollTo(0, document.body.scrollHeight)</arg>
</arguments>
<msg timestamp="20210905 16:19:25.007" level="INFO">Executing JavaScript:
window.scrollTo(0, document.body.scrollHeight)
Without any arguments.</msg>
<status status="PASS" starttime="20210905 16:19:25.007" endtime="20210905 16:19:26.063"></status>
</kw>
<kw name="Verify Similar Product Area Exists" library="productDetailsPage">
<kw name="Element Should Be Visible" library="SeleniumLibrary">
<doc>Verifies that the element identified by ``locator`` is visible.</doc>
<arguments>
<arg>${area_similar_product}</arg>
</arguments>
<msg timestamp="20210905 16:19:28.153" level="INFO">Element 'xpath://div[@id="SimilarProduct"]' is displayed.</msg>
<status status="PASS" starttime="20210905 16:19:26.063" endtime="20210905 16:19:28.153"></status>
</kw>
<status status="PASS" starttime="20210905 16:19:26.063" endtime="20210905 16:19:28.153"></status>
</kw>
<kw name="Verify You May Like Area Exists" library="productDetailsPage">
<kw name="Element Should Be Visible" library="SeleniumLibrary">
<doc>Verifies that the element identified by ``locator`` is visible.</doc>
<arguments>
<arg>${area_you_may_like}</arg>
</arguments>
<msg timestamp="20210905 16:19:30.191" level="INFO">Element 'xpath://div[@id="YouMayLike"]' is displayed.</msg>
<status status="PASS" starttime="20210905 16:19:28.154" endtime="20210905 16:19:30.191"></status>
</kw>
<status status="PASS" starttime="20210905 16:19:28.154" endtime="20210905 16:19:30.191"></status>
</kw>
<kw name="Verify Facebook Share Button Exists" library="productDetailsPage">
<arguments>
<arg>${productID}</arg>
</arguments>
<kw name="Format String" library="String">
<doc>Formats a ``template`` using the given ``positional`` and ``named`` arguments.</doc>
<arguments>
<arg>${btn_share_facebook_page}</arg>
<arg>productID=${productID}</arg>
</arguments>
<assign>
<var>${btn_share_facebook_page}</var>
</assign>
<msg timestamp="20210905 16:19:30.193" level="INFO">${btn_share_facebook_page} = xpath://a[@id="lnk-shareProductToFacebook-CDS20035013"]</msg>
<status status="PASS" starttime="20210905 16:19:30.192" endtime="20210905 16:19:30.193"></status>
</kw>
<kw name="Element Should Be Visible" library="SeleniumLibrary">
<doc>Verifies that the element identified by ``locator`` is visible.</doc>
<arguments>
<arg>${btn_share_facebook_page}</arg>
</arguments>
<msg timestamp="20210905 16:19:32.303" level="INFO">Element 'xpath://a[@id="lnk-shareProductToFacebook-CDS20035013"]' is displayed.</msg>
<status status="PASS" starttime="20210905 16:19:30.193" endtime="20210905 16:19:32.303"></status>
</kw>
<status status="PASS" starttime="20210905 16:19:30.192" endtime="20210905 16:19:32.303"></status>
</kw>
<kw name="Verify Twitter Share Button Exists" library="productDetailsPage">
<arguments>
<arg>${productID}</arg>
</arguments>
<kw name="Format String" library="String">
<doc>Formats a ``template`` using the given ``positional`` and ``named`` arguments.</doc>
<arguments>
<arg>${btn_share_twitter_page}</arg>
<arg>productID=${productID}</arg>
</arguments>
<assign>
<var>${btn_share_twitter_page}</var>
</assign>
<msg timestamp="20210905 16:19:32.305" level="INFO">${btn_share_twitter_page} = xpath://a[@id="lnk-shareProductToTwitter-CDS20035013"]</msg>
<status status="PASS" starttime="20210905 16:19:32.304" endtime="20210905 16:19:32.305"></status>
</kw>
<kw name="Element Should Be Visible" library="SeleniumLibrary">
<doc>Verifies that the element identified by ``locator`` is visible.</doc>
<arguments>
<arg>${btn_share_twitter_page}</arg>
</arguments>
<msg timestamp="20210905 16:19:34.343" level="INFO">Element 'xpath://a[@id="lnk-shareProductToTwitter-CDS20035013"]' is displayed.</msg>
<status status="PASS" starttime="20210905 16:19:32.305" endtime="20210905 16:19:34.343"></status>
</kw>
<status status="PASS" starttime="20210905 16:19:32.304" endtime="20210905 16:19:34.343"></status>
</kw>
<kw name="Verify Mail Share Button Exists" library="productDetailsPage">
<arguments>
<arg>${productID}</arg>
</arguments>
<kw name="Format String" library="String">
<doc>Formats a ``template`` using the given ``positional`` and ``named`` arguments.</doc>
<arguments>
<arg>${btn_share_mail_page}</arg>
<arg>productID=${productID}</arg>
</arguments>
<assign>
<var>${btn_share_mail_page}</var>
</assign>
<msg timestamp="20210905 16:19:34.345" level="INFO">${btn_share_mail_page} = xpath://a[@id="lnk-shareProductToEmail-CDS20035013"]</msg>
<status status="PASS" starttime="20210905 16:19:34.344" endtime="20210905 16:19:34.345"></status>
</kw>
<kw name="Element Should Be Visible" library="SeleniumLibrary">
<doc>Verifies that the element identified by ``locator`` is visible.</doc>
<arguments>
<arg>${btn_share_mail_page}</arg>
</arguments>
<msg timestamp="20210905 16:19:36.384" level="INFO">Element 'xpath://a[@id="lnk-shareProductToEmail-CDS20035013"]' is displayed.</msg>
<status status="PASS" starttime="20210905 16:19:34.345" endtime="20210905 16:19:36.384"></status>
</kw>
<status status="PASS" starttime="20210905 16:19:34.344" endtime="20210905 16:19:36.384"></status>
</kw>
<kw name="Verify Line Share Button Exists" library="productDetailsPage">
<arguments>
<arg>${productID}</arg>
</arguments>
<kw name="Format String" library="String">
<doc>Formats a ``template`` using the given ``positional`` and ``named`` arguments.</doc>
<arguments>
<arg>${btn_share_line_page}</arg>
<arg>productID=${productID}</arg>
</arguments>
<assign>
<var>${btn_share_line_page}</var>
</assign>
<msg timestamp="20210905 16:19:36.386" level="INFO">${btn_share_line_page} = xpath://a[@id="lnk-shareProductToLine-CDS20035013"]</msg>
<status status="PASS" starttime="20210905 16:19:36.386" endtime="20210905 16:19:36.386"></status>
</kw>
<kw name="Element Should Be Visible" library="SeleniumLibrary">
<doc>Verifies that the element identified by ``locator`` is visible.</doc>
<arguments>
<arg>${btn_share_line_page}</arg>
</arguments>
<msg timestamp="20210905 16:19:38.425" level="INFO">Element 'xpath://a[@id="lnk-shareProductToLine-CDS20035013"]' is displayed.</msg>
<status status="PASS" starttime="20210905 16:19:36.387" endtime="20210905 16:19:38.425"></status>
</kw>
<status status="PASS" starttime="20210905 16:19:36.385" endtime="20210905 16:19:38.425"></status>
</kw>
<kw name="Set Selenium Speed" library="SeleniumLibrary">
<doc>Sets the delay that is waited after each Selenium command.</doc>
<arguments>
<arg>${implicit_timeout}</arg>
</arguments>
<status status="PASS" starttime="20210905 16:19:38.426" endtime="20210905 16:19:38.426"></status>
</kw>
<status status="PASS" starttime="20210905 16:18:54.430" endtime="20210905 16:19:38.426"></status>
</kw>
<kw name="Click Add A Review Button" library="productDetailsPage">
<kw name="Common Click Element" library="CommonFunctions">
<arguments>
<arg>${btn_add_customer_review}</arg>
</arguments>
<kw name="Wait Until Element Is Visible" library="SeleniumLibrary">
<doc>Waits until the element ``locator`` is visible.</doc>
<arguments>
<arg>${element}</arg>
<arg>${timeout}</arg>
<arg>Element ${element} is not visible</arg>
</arguments>
<status status="PASS" starttime="20210905 16:19:38.428" endtime="20210905 16:19:44.465"></status>
</kw>
<kw name="Scroll Element Into View" library="SeleniumLibrary">
<doc>Scrolls the element identified by ``locator`` into view.</doc>
<arguments>
<arg>${element}</arg>
</arguments>
<status status="PASS" starttime="20210905 16:19:44.465" endtime="20210905 16:19:50.792"></status>
</kw>
<kw name="Click Element" library="SeleniumLibrary">
<doc>Click the element identified by ``locator``.</doc>
<arguments>
<arg>${element}</arg>
</arguments>
<msg timestamp="20210905 16:19:50.793" level="INFO">Clicking element 'xpath://a[@data-testid="button-show-popup"]'.</msg>
<status status="PASS" starttime="20210905 16:19:50.792" endtime="20210905 16:19:57.413"></status>
</kw>
<status status="PASS" starttime="20210905 16:19:38.427" endtime="20210905 16:19:57.413"></status>
</kw>
<status status="PASS" starttime="20210905 16:19:38.427" endtime="20210905 16:19:57.413"></status>
</kw>
<kw name="Verify Customer Review Field Information" library="productDetailsPage">
<arguments>
<arg>${product_name}</arg>
</arguments>
<kw name="Set Selenium Speed" library="SeleniumLibrary">
<doc>Sets the delay that is waited after each Selenium command.</doc>
<arguments>
<arg>1</arg>
</arguments>
<status status="PASS" starttime="20210905 16:19:57.415" endtime="20210905 16:19:57.415"></status>
</kw>
<kw name="Verify You Are Reviewing label" library="productDetailsPage">
<arguments>
<arg>${product_name}</arg>
</arguments>
<kw name="Format String" library="String">
<doc>Formats a ``template`` using the given ``positional`` and ``named`` arguments.</doc>
<arguments>
<arg>${label_you_are_reviewing}</arg>
<arg>productName=${product_name}</arg>
</arguments>
<assign>
<var>${label_you_are_reviewing}</var>
</assign>
<msg timestamp="20210905 16:19:57.417" level="INFO">${label_you_are_reviewing} = xpath://h3[text()="Sensibio H20 Triple Pack"]</msg>
<status status="PASS" starttime="20210905 16:19:57.416" endtime="20210905 16:19:57.417"></status>
</kw>
<kw name="Element Should Be Visible" library="SeleniumLibrary">
<doc>Verifies that the element identified by ``locator`` is visible.</doc>
<arguments>
<arg>${label_you_are_reviewing}</arg>
</arguments>
<msg timestamp="20210905 16:19:59.453" level="INFO">Element 'xpath://h3[text()="Sensibio H20 Triple Pack"]' is displayed.</msg>
<status status="PASS" starttime="20210905 16:19:57.417" endtime="20210905 16:19:59.453"></status>
</kw>
<status status="PASS" starttime="20210905 16:19:57.415" endtime="20210905 16:19:59.453"></status>
</kw>
<kw name="Verify Ratings Container Exists" library="productDetailsPage">
<kw name="Element Should Be Visible" library="SeleniumLibrary">
<doc>Verifies that the element identified by ``locator`` is visible.</doc>
<arguments>
<arg>${label_ratings_container}</arg>
</arguments>
<msg timestamp="20210905 16:20:01.491" level="INFO">Element 'xpath://span[contains(text(), "You are reviewing")]/../../..//div[@data-testid="rating-container"]' is displayed.</msg>
<status status="PASS" starttime="20210905 16:19:59.454" endtime="20210905 16:20:01.491"></status>
</kw>
<status status="PASS" starttime="20210905 16:19:59.454" endtime="20210905 16:20:01.491"></status>
</kw>
<kw name="Verify Input Nickname Exists" library="productDetailsPage">
<kw name="Element Should Be Visible" library="SeleniumLibrary">
<doc>Verifies that the element identified by ``locator`` is visible.</doc>
<arguments>
<arg>${input_nickname}</arg>
</arguments>
<msg timestamp="20210905 16:20:03.531" level="INFO">Element 'xpath://input[@data-testid="field-nickname"]' is displayed.</msg>
<status status="PASS" starttime="20210905 16:20:01.492" endtime="20210905 16:20:03.531"></status>
</kw>
<status status="PASS" starttime="20210905 16:20:01.492" endtime="20210905 16:20:03.531"></status>
</kw>
<kw name="Verify Input Email Exists" library="productDetailsPage">
<kw name="Element Should Be Visible" library="SeleniumLibrary">
<doc>Verifies that the element identified by ``locator`` is visible.</doc>
<arguments>
<arg>${input_email}</arg>
</arguments>
<msg timestamp="20210905 16:20:05.569" level="INFO">Element 'xpath://input[@data-testid="field-email"]' is displayed.</msg>
<status status="PASS" starttime="20210905 16:20:03.532" endtime="20210905 16:20:05.569"></status>
</kw>
<status status="PASS" starttime="20210905 16:20:03.532" endtime="20210905 16:20:05.569"></status>
</kw>
<kw name="Verify Input Review Summary Exists" library="productDetailsPage">
<kw name="Element Should Be Visible" library="SeleniumLibrary">
<doc>Verifies that the element identified by ``locator`` is visible.</doc>
<arguments>
<arg>${input_review_summary}</arg>
</arguments>
<msg timestamp="20210905 16:20:07.605" level="INFO">Element 'xpath://input[@data-testid="field-input-title"]' is displayed.</msg>
<status status="PASS" starttime="20210905 16:20:05.570" endtime="20210905 16:20:07.605"></status>
</kw>
<status status="PASS" starttime="20210905 16:20:05.570" endtime="20210905 16:20:07.605"></status>
</kw>
<kw name="Verify Combobox Regions Exists" library="productDetailsPage">
<kw name="Element Should Be Visible" library="SeleniumLibrary">
<doc>Verifies that the element identified by ``locator`` is visible.</doc>
<arguments>
<arg>${combobox_regions}</arg>
</arguments>
<msg timestamp="20210905 16:20:09.643" level="INFO">Element 'xpath://select[@data-testid="field-regions"]' is displayed.</msg>
<status status="PASS" starttime="20210905 16:20:07.606" endtime="20210905 16:20:09.643"></status>
</kw>
<status status="PASS" starttime="20210905 16:20:07.605" endtime="20210905 16:20:09.643"></status>
</kw>
<kw name="Verify Text Area Review Details Exists" library="productDetailsPage">
<kw name="Element Should Be Visible" library="SeleniumLibrary">
<doc>Verifies that the element identified by ``locator`` is visible.</doc>
<arguments>
<arg>${textarea_review_details}</arg>
</arguments>
<msg timestamp="20210905 16:20:11.681" level="INFO">Element 'xpath://textarea[@data-testid="field-textarea-detail"]' is displayed.</msg>
<status status="PASS" starttime="20210905 16:20:09.644" endtime="20210905 16:20:11.681"></status>
</kw>
<status status="PASS" starttime="20210905 16:20:09.644" endtime="20210905 16:20:11.681"></status>
</kw>
<kw name="Verify Upload Button Exists" library="productDetailsPage">
<kw name="Element Should Be Visible" library="SeleniumLibrary">
<doc>Verifies that the element identified by ``locator`` is visible.</doc>
<arguments>
<arg>${btn_upload}</arg>
</arguments>
<msg timestamp="20210905 16:20:13.720" level="INFO">Element 'xpath://div[contains(@data-testid,"UploadImageButton")]' is displayed.</msg>
<status status="PASS" starttime="20210905 16:20:11.682" endtime="20210905 16:20:13.720"></status>
</kw>
<status status="PASS" starttime="20210905 16:20:11.682" endtime="20210905 16:20:13.720"></status>
</kw>
<kw name="Verify Submit Review Button Exists" library="productDetailsPage">
<kw name="Element Should Be Visible" library="SeleniumLibrary">
<doc>Verifies that the element identified by ``locator`` is visible.</doc>
<arguments>
<arg>${btn_submit_review}</arg>
</arguments>
<msg timestamp="20210905 16:20:15.757" level="INFO">Element 'xpath://button[@data-testid="button-submit"]' is displayed.</msg>
<status status="PASS" starttime="20210905 16:20:13.721" endtime="20210905 16:20:15.757"></status>
</kw>
<status status="PASS" starttime="20210905 16:20:13.721" endtime="20210905 16:20:15.757"></status>
</kw>
<kw name="Verify Cancel Review Button Exists" library="productDetailsPage">
<kw name="Element Should Be Visible" library="SeleniumLibrary">
<doc>Verifies that the element identified by ``locator`` is visible.</doc>
<arguments>
<arg>${btn_cancel_review}</arg>
</arguments>
<msg timestamp="20210905 16:20:17.795" level="INFO">Element 'xpath://div[@data-testid="button-cancel"]' is displayed.</msg>
<status status="PASS" starttime="20210905 16:20:15.758" endtime="20210905 16:20:17.795"></status>
</kw>
<status status="PASS" starttime="20210905 16:20:15.758" endtime="20210905 16:20:17.795"></status>
</kw>
<kw name="Set Selenium Speed" library="SeleniumLibrary">
<doc>Sets the delay that is waited after each Selenium command.</doc>
<arguments>
<arg>${implicit_timeout}</arg>
</arguments>
<status status="PASS" starttime="20210905 16:20:17.796" endtime="20210905 16:20:17.796"></status>
</kw>
<status status="PASS" starttime="20210905 16:19:57.414" endtime="20210905 16:20:17.796"></status>
</kw>
<kw name="Fill All Customer Review Fields and Invalid Mail Format, Submit and Verify Error Message" library="productDetailsPage">
<arguments>
<arg>${ratings}</arg>
<arg>${nickname}</arg>
<arg>${email}</arg>
<arg>${review_summary}</arg>
<arg>${region}</arg>
<arg>${review_dettails}</arg>
<arg>${expected_error}</arg>
</arguments>
<kw name="Set Selenium Speed" library="SeleniumLibrary">
<doc>Sets the delay that is waited after each Selenium command.</doc>
<arguments>
<arg>1</arg>
</arguments>
<status status="PASS" starttime="20210905 16:20:17.798" endtime="20210905 16:20:17.798"></status>
</kw>
<kw name="Format String" library="String">
<doc>Formats a ``template`` using the given ``positional`` and ``named`` arguments.</doc>
<arguments>
<arg>${btn_ratings}</arg>
<arg>ratings=${ratings}</arg>
</arguments>
<assign>
<var>${btn_ratings}</var>
</assign>
<msg timestamp="20210905 16:20:17.799" level="INFO">${btn_ratings} = xpath://span[contains(text(), "You are reviewing")]/../../..//div[@data-testid="rating-container"]/span/span[5]</msg>
<status status="PASS" starttime="20210905 16:20:17.799" endtime="20210905 16:20:17.799"></status>
</kw>
<kw name="Common Click Element" library="CommonFunctions">
<arguments>
<arg>${btn_ratings}</arg>
</arguments>
<kw name="Wait Until Element Is Visible" library="SeleniumLibrary">
<doc>Waits until the element ``locator`` is visible.</doc>
<arguments>
<arg>${element}</arg>
<arg>${timeout}</arg>
<arg>Element ${element} is not visible</arg>
</arguments>
<status status="PASS" starttime="20210905 16:20:17.800" endtime="20210905 16:20:19.838"></status>
</kw>
<kw name="Scroll Element Into View" library="SeleniumLibrary">
<doc>Scrolls the element identified by ``locator`` into view.</doc>
<arguments>
<arg>${element}</arg>
</arguments>
<status status="PASS" starttime="20210905 16:20:19.838" endtime="20210905 16:20:22.148"></status>
</kw>
<kw name="Click Element" library="SeleniumLibrary">
<doc>Click the element identified by ``locator``.</doc>
<arguments>
<arg>${element}</arg>
</arguments>
<msg timestamp="20210905 16:20:22.149" level="INFO">Clicking element 'xpath://span[contains(text(), "You are reviewing")]/../../..//div[@data-testid="rating-container"]/span/span[5]'.</msg>
<status status="PASS" starttime="20210905 16:20:22.148" endtime="20210905 16:20:24.247"></status>
</kw>
<status status="PASS" starttime="20210905 16:20:17.800" endtime="20210905 16:20:24.247"></status>
</kw>
<kw name="Input Text" library="SeleniumLibrary">
<doc>Types the given ``text`` into the text field identified by ``locator``.</doc>
<arguments>
<arg>${input_nickname}</arg>
<arg>${nickname}</arg>
</arguments>
<msg timestamp="20210905 16:20:24.248" level="INFO">Typing text 'adam' into text field 'xpath://input[@data-testid="field-nickname"]'.</msg>
<status status="PASS" starttime="20210905 16:20:24.248" endtime="20210905 16:20:27.388"></status>
</kw>
<kw name="Input Text" library="SeleniumLibrary">
<doc>Types the given ``text`` into the text field identified by ``locator``.</doc>
<arguments>
<arg>${input_email}</arg>
<arg>${email}</arg>
</arguments>
<msg timestamp="20210905 16:20:27.389" level="INFO">Typing text 'adam' into text field 'xpath://input[@data-testid="field-email"]'.</msg>
<status status="PASS" starttime="20210905 16:20:27.388" endtime="20210905 16:20:30.514"></status>
</kw>
<kw name="Input Text" library="SeleniumLibrary">
<doc>Types the given ``text`` into the text field identified by ``locator``.</doc>
<arguments>
<arg>${input_review_summary}</arg>
<arg>${review_summary}</arg>
</arguments>
<msg timestamp="20210905 16:20:30.515" level="INFO">Typing text 'awesome' into text field 'xpath://input[@data-testid="field-input-title"]'.</msg>
<status status="PASS" starttime="20210905 16:20:30.514" endtime="20210905 16:20:33.689"></status>
</kw>
<kw name="Select From List By Label" library="SeleniumLibrary">
<doc>Selects options from selection list ``locator`` by ``labels``.</doc>
<arguments>
<arg>${combobox_regions}</arg>
<arg>${region}</arg>
</arguments>
<msg timestamp="20210905 16:20:33.690" level="INFO">Selecting options from selection list 'xpath://select[@data-testid="field-regions"]' by label Uthai Thani.</msg>
<status status="PASS" starttime="20210905 16:20:33.689" endtime="20210905 16:20:40.816"></status>
</kw>
<kw name="Input Text" library="SeleniumLibrary">
<doc>Types the given ``text`` into the text field identified by ``locator``.</doc>
<arguments>
<arg>${textarea_review_details}</arg>
<arg>${review_dettails}</arg>
</arguments>
<msg timestamp="20210905 16:20:40.817" level="INFO">Typing text 'Product is Awesome' into text field 'xpath://textarea[@data-testid="field-textarea-detail"]'.</msg>
<status status="PASS" starttime="20210905 16:20:40.816" endtime="20210905 16:20:44.039"></status>
</kw>
<kw name="Common Click Element" library="CommonFunctions">
<arguments>
<arg>${btn_submit_review}</arg>
</arguments>
<kw name="Wait Until Element Is Visible" library="SeleniumLibrary">
<doc>Waits until the element ``locator`` is visible.</doc>
<arguments>
<arg>${element}</arg>
<arg>${timeout}</arg>
<arg>Element ${element} is not visible</arg>
</arguments>
<status status="PASS" starttime="20210905 16:20:44.040" endtime="20210905 16:20:46.069"></status>
</kw>
<kw name="Scroll Element Into View" library="SeleniumLibrary">
<doc>Scrolls the element identified by ``locator`` into view.</doc>
<arguments>
<arg>${element}</arg>
</arguments>
<status status="PASS" starttime="20210905 16:20:46.069" endtime="20210905 16:20:48.365"></status>
</kw>
<kw name="Click Element" library="SeleniumLibrary">
<doc>Click the element identified by ``locator``.</doc>
<arguments>
<arg>${element}</arg>
</arguments>
<msg timestamp="20210905 16:20:48.366" level="INFO">Clicking element 'xpath://button[@data-testid="button-submit"]'.</msg>
<status status="PASS" starttime="20210905 16:20:48.365" endtime="20210905 16:20:50.471"></status>
</kw>
<status status="PASS" starttime="20210905 16:20:44.039" endtime="20210905 16:20:50.471"></status>
</kw>
<kw name="Get Element Attribute" library="SeleniumLibrary">
<doc>Returns the value of ``attribute`` from the element ``locator``.</doc>
<arguments>
<arg>${input_email}</arg>
<arg>validationMessage</arg>
</arguments>
<assign>
<var>${attribute}</var>
</assign>
<msg timestamp="20210905 16:20:52.496" level="INFO">${attribute} = Please include an '@' in the email address. 'adam' is missing an '@'.</msg>
<status status="PASS" starttime="20210905 16:20:50.472" endtime="20210905 16:20:52.496"></status>
</kw>
<kw name="Should Contain" library="BuiltIn">
<doc>Fails if ``container`` does not contain ``item`` one or more times.</doc>
<arguments>
<arg>${attribute}</arg>
<arg>${expected_error}</arg>
</arguments>
<status status="PASS" starttime="20210905 16:20:52.496" endtime="20210905 16:20:52.497"></status>
</kw>
<kw name="Set Selenium Speed" library="SeleniumLibrary">
<doc>Sets the delay that is waited after each Selenium command.</doc>
<arguments>
<arg>${implicit_timeout}</arg>
</arguments>
<status status="PASS" starttime="20210905 16:20:52.497" endtime="20210905 16:20:52.498"></status>
</kw>
<status status="PASS" starttime="20210905 16:20:17.797" endtime="20210905 16:20:52.498"></status>
</kw>
<status status="PASS" starttime="20210905 16:18:49.321" endtime="20210905 16:20:52.498"></status>
</kw>
<kw name="End Test Case" library="CommonFunctions" type="teardown">
<kw name="Close Browser" library="SeleniumLibrary">
<doc>Closes the current browser.</doc>
<status status="PASS" starttime="20210905 16:20:52.499" endtime="20210905 16:20:57.555"></status>
</kw>
<kw name="Log To Console" library="BuiltIn">
<doc>Logs the given message to the console.</doc>
<arguments>
<arg>Ending</arg>
</arguments>
<status status="PASS" starttime="20210905 16:20:57.555" endtime="20210905 16:20:57.556"></status>
</kw>
<status status="PASS" starttime="20210905 16:20:52.499" endtime="20210905 16:20:57.556"></status>
</kw>
<status status="PASS" starttime="20210905 16:18:41.897" endtime="20210905 16:20:57.557" critical="yes"></status>
</test>
<test id="s1-t2" name="Test Case 3">
<kw name="Open browser to page" library="CommonFunctions" type="setup">
<arguments>
<arg>${url}</arg>
<arg>${implicit_timeout}</arg>
</arguments>
<kw name="Evaluate" library="BuiltIn">
<doc>Evaluates the given expression in Python and returns the result.</doc>
<arguments>
<arg>sys.modules['selenium.webdriver'].ChromeOptions()</arg>
<arg>sys</arg>
</arguments>
<assign>
<var>${options}</var>
</assign>
<msg timestamp="20210905 16:20:57.563" level="INFO">${options} = &lt;selenium.webdriver.chrome.options.Options object at 0x0000023A8D0B4BB0&gt;</msg>
<status status="PASS" starttime="20210905 16:20:57.563" endtime="20210905 16:20:57.563"></status>
</kw>
<kw name="Create Dictionary" library="BuiltIn">
<doc>Creates and returns a dictionary based on the given ``items``.</doc>
<arguments>
<arg>"fasp"=True</arg>
</arguments>
<assign>
<var>${exclude}</var>
</assign>
<msg timestamp="20210905 16:20:57.564" level="INFO">${exclude} = {'"fasp"': 'True'}</msg>
<status status="PASS" starttime="20210905 16:20:57.563" endtime="20210905 16:20:57.564"></status>
</kw>
<kw name="Create Dictionary" library="BuiltIn">
<doc>Creates and returns a dictionary based on the given ``items``.</doc>
<arguments>
<arg>protocol_handler.excluded_schemes=${exclude}</arg>
</arguments>
<assign>
<var>${prefs}</var>
</assign>
<msg timestamp="20210905 16:20:57.565" level="INFO">${prefs} = {'protocol_handler.excluded_schemes': {'"fasp"': 'True'}}</msg>
<status status="PASS" starttime="20210905 16:20:57.564" endtime="20210905 16:20:57.565"></status>
</kw>
<kw name="Call Method" library="BuiltIn">
<doc>Calls the named method of the given object with the provided arguments.</doc>
<arguments>
<arg>${options}</arg>
<arg>add_argument</arg>
<arg>--disable-infobars</arg>
</arguments>
<status status="PASS" starttime="20210905 16:20:57.565" endtime="20210905 16:20:57.566"></status>
</kw>
<kw name="Call Method" library="BuiltIn">
<doc>Calls the named method of the given object with the provided arguments.</doc>
<arguments>
<arg>${options}</arg>
<arg>add_argument</arg>
<arg>--disable-notifications</arg>
</arguments>
<status status="PASS" starttime="20210905 16:20:57.566" endtime="20210905 16:20:57.566"></status>
</kw>
<kw name="Call Method" library="BuiltIn">
<doc>Calls the named method of the given object with the provided arguments.</doc>
<arguments>
<arg>${options}</arg>
<arg>add_experimental_option</arg>
<arg>prefs</arg>
<arg>${prefs}</arg>
</arguments>
<status status="PASS" starttime="20210905 16:20:57.566" endtime="20210905 16:20:57.567"></status>
</kw>
<kw name="Create Webdriver" library="SeleniumLibrary">
<doc>Creates an instance of Selenium WebDriver.</doc>
<arguments>
<arg>Chrome</arg>
<arg>chrome_options=${options}</arg>
</arguments>
<msg timestamp="20210905 16:20:57.568" level="INFO">Creating an instance of the Chrome WebDriver.</msg>
<status status="PASS" starttime="20210905 16:20:57.567" endtime="20210905 16:20:58.699"></status>
</kw>
<kw name="Maximize Browser Window" library="SeleniumLibrary">
<doc>Maximizes current browser window.</doc>
<status status="PASS" starttime="20210905 16:20:58.700" endtime="20210905 16:20:58.817"></status>
</kw>
<kw name="Set Selenium Speed" library="SeleniumLibrary">
<doc>Sets the delay that is waited after each Selenium command.</doc>
<arguments>
<arg>${speed}</arg>
</arguments>
<status status="PASS" starttime="20210905 16:20:58.817" endtime="20210905 16:20:58.818"></status>
</kw>
<kw name="Go To" library="SeleniumLibrary">
<doc>Navigates the current browser window to the provided ``url``.</doc>
<arguments>
<arg>${url}</arg>
</arguments>
<msg timestamp="20210905 16:20:58.818" level="INFO">Opening url 'https://www.robinson.co.th/en'</msg>
<status status="PASS" starttime="20210905 16:20:58.818" endtime="20210905 16:21:05.836"></status>
</kw>
<status status="PASS" starttime="20210905 16:20:57.562" endtime="20210905 16:21:05.836"></status>
</kw>
<kw name="Test Case 3">
<arguments>
<arg>https://www.robinson.co.th/en/clarins-cr-sr-serum-30-cds10370209</arg>
<arg>CLARINS</arg>
<arg>CR SR SERUM 30</arg>
<arg>CDS10370209</arg>
<arg>฿6,300</arg>
<arg>฿7,000</arg>
<arg>฿6,300</arg>
<arg>4</arg>
<arg>leonardo</arg>
<arg>leonardo@.com</arg>
<arg>good good</arg>
<arg>Surin</arg>
<arg>good good good</arg>
<arg>'.' is used at a wrong position in '.com'</arg>
</arguments>
<kw name="Go To" library="SeleniumLibrary">
<doc>Navigates the current browser window to the provided ``url``.</doc>
<arguments>
<arg>${product_details_url}</arg>
</arguments>
<msg timestamp="20210905 16:21:05.839" level="INFO">Opening url 'https://www.robinson.co.th/en/clarins-cr-sr-serum-30-cds10370209'</msg>
<status status="PASS" starttime="20210905 16:21:05.838" endtime="20210905 16:21:12.887"></status>
</kw>
<kw name="Verify Product Detail Page Information" library="productDetailsPage">
<arguments>
<arg>${brand_name}</arg>
<arg>${product_name}</arg>
<arg>${productID}</arg>
<arg>${product_discount_price}</arg>
<arg>${product_old_price}</arg>
</arguments>
<kw name="Set Selenium Speed" library="SeleniumLibrary">
<doc>Sets the delay that is waited after each Selenium command.</doc>
<arguments>
<arg>1</arg>
</arguments>
<status status="PASS" starttime="20210905 16:21:12.889" endtime="20210905 16:21:12.889"></status>
</kw>
<kw name="Verify Product Navigator Exists" library="productDetailsPage">
<kw name="Element Should Be Visible" library="SeleniumLibrary">
<doc>Verifies that the element identified by ``locator`` is visible.</doc>
<arguments>
<arg>${nav_productDetails}</arg>
</arguments>
<msg timestamp="20210905 16:21:14.947" level="INFO">Element 'xpath://div[@id="ProductDetailPage"]/div[@data-testid="breadcrumb"]' is displayed.</msg>
<status status="PASS" starttime="20210905 16:21:12.890" endtime="20210905 16:21:14.947"></status>
</kw>
<status status="PASS" starttime="20210905 16:21:12.889" endtime="20210905 16:21:14.947"></status>
</kw>
<kw name="Verify Brand Name Exists" library="productDetailsPage">
<arguments>
<arg>${brand_name}</arg>
</arguments>
<kw name="Element Should Be Visible" library="SeleniumLibrary">
<doc>Verifies that the element identified by ``locator`` is visible.</doc>
<arguments>
<arg>${label_brandName}</arg>
</arguments>
<msg timestamp="20210905 16:21:16.990" level="INFO">Element 'xpath://a[@data-testid="brandname-link"]' is displayed.</msg>
<status status="PASS" starttime="20210905 16:21:14.948" endtime="20210905 16:21:16.990"></status>
</kw>
<kw name="Get Text" library="SeleniumLibrary">
<doc>Returns the text value of the element identified by ``locator``.</doc>
<arguments>
<arg>${label_brandName}</arg>
</arguments>
<assign>
<var>${textBrandName}</var>
</assign>
<msg timestamp="20210905 16:21:19.033" level="INFO">${textBrandName} = CLARINS</msg>
<status status="PASS" starttime="20210905 16:21:16.990" endtime="20210905 16:21:19.033"></status>
</kw>
<kw name="Should Be Equal As Strings" library="BuiltIn">
<doc>Fails if objects are unequal after converting them to strings.</doc>
<arguments>
<arg>${textBrandName}</arg>
<arg>${brandName}</arg>
</arguments>
<status status="PASS" starttime="20210905 16:21:19.033" endtime="20210905 16:21:19.034"></status>
</kw>
<status status="PASS" starttime="20210905 16:21:14.947" endtime="20210905 16:21:19.034"></status>
</kw>
<kw name="Verify Product Name Exists" library="productDetailsPage">
<arguments>
<arg>${product_name}</arg>
</arguments>
<kw name="Element Should Be Visible" library="SeleniumLibrary">
<doc>Verifies that the element identified by ``locator`` is visible.</doc>
<arguments>
<arg>${label_productName}</arg>
</arguments>
<msg timestamp="20210905 16:21:21.071" level="INFO">Element 'xpath://div[contains(@id, "inf-viewProduct")]' is displayed.</msg>
<status status="PASS" starttime="20210905 16:21:19.035" endtime="20210905 16:21:21.071"></status>
</kw>
<kw name="Get Text" library="SeleniumLibrary">
<doc>Returns the text value of the element identified by ``locator``.</doc>
<arguments>
<arg>${label_productName}</arg>
</arguments>
<assign>
<var>${textProductName}</var>
</assign>
<msg timestamp="20210905 16:21:23.103" level="INFO">${textProductName} = CR SR SERUM 30</msg>
<status status="PASS" starttime="20210905 16:21:21.072" endtime="20210905 16:21:23.103"></status>
</kw>
<kw name="Should Be Equal As Strings" library="BuiltIn">
<doc>Fails if objects are unequal after converting them to strings.</doc>
<arguments>
<arg>${textProductName}</arg>
<arg>${productName}</arg>
</arguments>
<status status="PASS" starttime="20210905 16:21:23.103" endtime="20210905 16:21:23.104"></status>
</kw>
<status status="PASS" starttime="20210905 16:21:19.034" endtime="20210905 16:21:23.104"></status>
</kw>
<kw name="Verify Product Discount Price Exists" library="productDetailsPage">
<arguments>
<arg>${product_discount_price}</arg>
</arguments>
<kw name="Element Should Be Visible" library="SeleniumLibrary">
<doc>Verifies that the element identified by ``locator`` is visible.</doc>
<arguments>
<arg>${label_product_discount_price}</arg>
</arguments>
<msg timestamp="20210905 16:21:25.140" level="INFO">Element 'xpath://div[@data-testid="price-sell"]' is displayed.</msg>
<status status="PASS" starttime="20210905 16:21:23.105" endtime="20210905 16:21:25.140"></status>
</kw>
<kw name="Get Text" library="SeleniumLibrary">
<doc>Returns the text value of the element identified by ``locator``.</doc>
<arguments>
<arg>${label_product_discount_price}</arg>
</arguments>
<assign>
<var>${price}</var>
</assign>
<msg timestamp="20210905 16:21:27.162" level="INFO">${price} = ฿6,300</msg>
<status status="PASS" starttime="20210905 16:21:25.140" endtime="20210905 16:21:27.162"></status>
</kw>
<kw name="Should Be Equal As Strings" library="BuiltIn">
<doc>Fails if objects are unequal after converting them to strings.</doc>
<arguments>
<arg>${price}</arg>
<arg>${displayed_price}</arg>
</arguments>
<status status="PASS" starttime="20210905 16:21:27.162" endtime="20210905 16:21:27.163"></status>
</kw>
<status status="PASS" starttime="20210905 16:21:23.105" endtime="20210905 16:21:27.163"></status>
</kw>
<kw name="Verify Product Old Price Exists" library="productDetailsPage">
<arguments>
<arg>${product_old_price}</arg>
</arguments>
<kw name="Element Should Be Visible" library="SeleniumLibrary">
<doc>Verifies that the element identified by ``locator`` is visible.</doc>
<arguments>
<arg>${label_product_old_price}</arg>
</arguments>
<msg timestamp="20210905 16:21:29.199" level="INFO">Element 'xpath://div[contains(@id, "inf-viewPriceSave-")]' is displayed.</msg>
<status status="PASS" starttime="20210905 16:21:27.164" endtime="20210905 16:21:29.199"></status>
</kw>
<kw name="Get Text" library="SeleniumLibrary">
<doc>Returns the text value of the element identified by ``locator``.</doc>
<arguments>
<arg>${label_product_old_price}</arg>
</arguments>
<assign>
<var>${price}</var>
</assign>
<msg timestamp="20210905 16:21:31.232" level="INFO">${price} = ฿7,000</msg>
<status status="PASS" starttime="20210905 16:21:29.199" endtime="20210905 16:21:31.232"></status>
</kw>
<kw name="Should Be Equal As Strings" library="BuiltIn">
<doc>Fails if objects are unequal after converting them to strings.</doc>
<arguments>
<arg>${price}</arg>
<arg>${displayed_price}</arg>
</arguments>
<status status="PASS" starttime="20210905 16:21:31.232" endtime="20210905 16:21:31.233"></status>
</kw>
<status status="PASS" starttime="20210905 16:21:27.164" endtime="20210905 16:21:31.233"></status>
</kw>
<kw name="Verify Product Image Exists" library="productDetailsPage">
<arguments>
<arg>${product_name}</arg>
</arguments>
<kw name="Format String" library="String">
<doc>Formats a ``template`` using the given ``positional`` and ``named`` arguments.</doc>
<arguments>
<arg>${img_productImage}</arg>
<arg>productName=${productName}</arg>
</arguments>
<assign>
<var>${img_productImage}</var>
</assign>
<msg timestamp="20210905 16:21:31.235" level="INFO">${img_productImage} = xpath://img[@alt="CR SR SERUM 30"]</msg>
<status status="PASS" starttime="20210905 16:21:31.234" endtime="20210905 16:21:31.235"></status>
</kw>
<kw name="Element Should Be Visible" library="SeleniumLibrary">
<doc>Verifies that the element identified by ``locator`` is visible.</doc>
<arguments>
<arg>${img_productImage}</arg>
</arguments>
<msg timestamp="20210905 16:21:33.272" level="INFO">Element 'xpath://img[@alt="CR SR SERUM 30"]' is displayed.</msg>
<status status="PASS" starttime="20210905 16:21:31.235" endtime="20210905 16:21:33.272"></status>
</kw>
<status status="PASS" starttime="20210905 16:21:31.233" endtime="20210905 16:21:33.272"></status>
</kw>
<kw name="Verify Quantity Drop Down Exists" library="productDetailsPage">
<kw name="Element Should Be Visible" library="SeleniumLibrary">
<doc>Verifies that the element identified by ``locator`` is visible.</doc>
<arguments>
<arg>${dropdown_quantity}</arg>
</arguments>
<msg timestamp="20210905 16:21:35.317" level="INFO">Element 'xpath://div[contains(@id, "sel-addQty-")]/..' is displayed.</msg>
<status status="PASS" starttime="20210905 16:21:33.273" endtime="20210905 16:21:35.317"></status>
</kw>
<status status="PASS" starttime="20210905 16:21:33.273" endtime="20210905 16:21:35.317"></status>
</kw>
<kw name="Verify Add To Bag Button Exists" library="productDetailsPage">
<arguments>
<arg>${productID}</arg>
</arguments>
<kw name="Format String" library="String">
<doc>Formats a ``template`` using the given ``positional`` and ``named`` arguments.</doc>
<arguments>
<arg>${btn_addToBag}</arg>
<arg>productID=${productID}</arg>
</arguments>
<assign>
<var>${btn_addToBag}</var>
</assign>
<msg timestamp="20210905 16:21:35.319" level="INFO">${btn_addToBag} = xpath://div[@id="btn-addCart-CDS10370209"]</msg>
<status status="PASS" starttime="20210905 16:21:35.318" endtime="20210905 16:21:35.319"></status>
</kw>
<kw name="Element Should Be Visible" library="SeleniumLibrary">
<doc>Verifies that the element identified by ``locator`` is visible.</doc>
<arguments>
<arg>${btn_addToBag}</arg>
</arguments>
<msg timestamp="20210905 16:21:37.360" level="INFO">Element 'xpath://div[@id="btn-addCart-CDS10370209"]' is displayed.</msg>
<status status="PASS" starttime="20210905 16:21:35.320" endtime="20210905 16:21:37.360"></status>
</kw>
<status status="PASS" starttime="20210905 16:21:35.318" endtime="20210905 16:21:37.360"></status>
</kw>
<kw name="Verify Add To Wish List Button Exists" library="productDetailsPage">
<kw name="Element Should Be Visible" library="SeleniumLibrary">
<doc>Verifies that the element identified by ``locator`` is visible.</doc>
<arguments>
<arg>${btn_addToWishList}</arg>
</arguments>
<msg timestamp="20210905 16:21:39.397" level="INFO">Element 'xpath://div[@data-testid="inf-viewAddToWishlistV2View-Container"]/..' is displayed.</msg>
<status status="PASS" starttime="20210905 16:21:37.361" endtime="20210905 16:21:39.397"></status>
</kw>
<status status="PASS" starttime="20210905 16:21:37.361" endtime="20210905 16:21:39.397"></status>
</kw>
<kw name="Verify Product Details Area Exists" library="productDetailsPage">
<kw name="Element Should Be Visible" library="SeleniumLibrary">
<doc>Verifies that the element identified by ``locator`` is visible.</doc>
<arguments>
<arg>${area_product_details}</arg>
</arguments>
<msg timestamp="20210905 16:21:41.433" level="INFO">Element 'xpath://div[@id="tabDetail"]' is displayed.</msg>
<status status="PASS" starttime="20210905 16:21:39.398" endtime="20210905 16:21:41.433"></status>
</kw>
<status status="PASS" starttime="20210905 16:21:39.398" endtime="20210905 16:21:41.433"></status>
</kw>
<kw name="Verify Customer Review Area Exists" library="productDetailsPage">
<kw name="Element Should Be Visible" library="SeleniumLibrary">
<doc>Verifies that the element identified by ``locator`` is visible.</doc>
<arguments>
<arg>${area_customer_review}</arg>
</arguments>
<msg timestamp="20210905 16:21:43.470" level="INFO">Element 'xpath://div[@id="review-section"]' is displayed.</msg>
<status status="PASS" starttime="20210905 16:21:41.434" endtime="20210905 16:21:43.470"></status>
</kw>
<status status="PASS" starttime="20210905 16:21:41.434" endtime="20210905 16:21:43.470"></status>
</kw>
<kw name="Execute Javascript" library="SeleniumLibrary">
<doc>Executes the given JavaScript code with possible arguments.</doc>
<arguments>
<arg>window.scrollTo(0, document.body.scrollHeight)</arg>
</arguments>
<msg timestamp="20210905 16:21:43.471" level="INFO">Executing JavaScript:
window.scrollTo(0, document.body.scrollHeight)
Without any arguments.</msg>
<status status="PASS" starttime="20210905 16:21:43.471" endtime="20210905 16:21:44.541"></status>
</kw>
<kw name="Verify Similar Product Area Exists" library="productDetailsPage">
<kw name="Element Should Be Visible" library="SeleniumLibrary">
<doc>Verifies that the element identified by ``locator`` is visible.</doc>
<arguments>
<arg>${area_similar_product}</arg>
</arguments>
<msg timestamp="20210905 16:21:46.644" level="INFO">Element 'xpath://div[@id="SimilarProduct"]' is displayed.</msg>
<status status="PASS" starttime="20210905 16:21:44.541" endtime="20210905 16:21:46.644"></status>
</kw>
<status status="PASS" starttime="20210905 16:21:44.541" endtime="20210905 16:21:46.644"></status>
</kw>
<kw name="Verify You May Like Area Exists" library="productDetailsPage">
<kw name="Element Should Be Visible" library="SeleniumLibrary">
<doc>Verifies that the element identified by ``locator`` is visible.</doc>
<arguments>
<arg>${area_you_may_like}</arg>
</arguments>
<msg timestamp="20210905 16:21:48.682" level="INFO">Element 'xpath://div[@id="YouMayLike"]' is displayed.</msg>
<status status="PASS" starttime="20210905 16:21:46.645" endtime="20210905 16:21:48.682"></status>
</kw>
<status status="PASS" starttime="20210905 16:21:46.645" endtime="20210905 16:21:48.682"></status>
</kw>
<kw name="Verify Facebook Share Button Exists" library="productDetailsPage">
<arguments>
<arg>${productID}</arg>
</arguments>
<kw name="Format String" library="String">
<doc>Formats a ``template`` using the given ``positional`` and ``named`` arguments.</doc>
<arguments>
<arg>${btn_share_facebook_page}</arg>
<arg>productID=${productID}</arg>
</arguments>
<assign>
<var>${btn_share_facebook_page}</var>
</assign>
<msg timestamp="20210905 16:21:48.684" level="INFO">${btn_share_facebook_page} = xpath://a[@id="lnk-shareProductToFacebook-CDS10370209"]</msg>
<status status="PASS" starttime="20210905 16:21:48.683" endtime="20210905 16:21:48.684"></status>
</kw>
<kw name="Element Should Be Visible" library="SeleniumLibrary">
<doc>Verifies that the element identified by ``locator`` is visible.</doc>
<arguments>
<arg>${btn_share_facebook_page}</arg>
</arguments>
<msg timestamp="20210905 16:21:50.721" level="INFO">Element 'xpath://a[@id="lnk-shareProductToFacebook-CDS10370209"]' is displayed.</msg>
<status status="PASS" starttime="20210905 16:21:48.684" endtime="20210905 16:21:50.721"></status>
</kw>
<status status="PASS" starttime="20210905 16:21:48.683" endtime="20210905 16:21:50.721"></status>
</kw>
<kw name="Verify Twitter Share Button Exists" library="productDetailsPage">
<arguments>
<arg>${productID}</arg>
</arguments>
<kw name="Format String" library="String">
<doc>Formats a ``template`` using the given ``positional`` and ``named`` arguments.</doc>
<arguments>
<arg>${btn_share_twitter_page}</arg>
<arg>productID=${productID}</arg>
</arguments>
<assign>
<var>${btn_share_twitter_page}</var>
</assign>
<msg timestamp="20210905 16:21:50.723" level="INFO">${btn_share_twitter_page} = xpath://a[@id="lnk-shareProductToTwitter-CDS10370209"]</msg>
<status status="PASS" starttime="20210905 16:21:50.722" endtime="20210905 16:21:50.723"></status>
</kw>
<kw name="Element Should Be Visible" library="SeleniumLibrary">
<doc>Verifies that the element identified by ``locator`` is visible.</doc>
<arguments>
<arg>${btn_share_twitter_page}</arg>
</arguments>
<msg timestamp="20210905 16:21:52.759" level="INFO">Element 'xpath://a[@id="lnk-shareProductToTwitter-CDS10370209"]' is displayed.</msg>
<status status="PASS" starttime="20210905 16:21:50.723" endtime="20210905 16:21:52.759"></status>
</kw>
<status status="PASS" starttime="20210905 16:21:50.722" endtime="20210905 16:21:52.759"></status>
</kw>
<kw name="Verify Mail Share Button Exists" library="productDetailsPage">
<arguments>
<arg>${productID}</arg>
</arguments>
<kw name="Format String" library="String">
<doc>Formats a ``template`` using the given ``positional`` and ``named`` arguments.</doc>
<arguments>
<arg>${btn_share_mail_page}</arg>
<arg>productID=${productID}</arg>
</arguments>
<assign>
<var>${btn_share_mail_page}</var>
</assign>
<msg timestamp="20210905 16:21:52.761" level="INFO">${btn_share_mail_page} = xpath://a[@id="lnk-shareProductToEmail-CDS10370209"]</msg>
<status status="PASS" starttime="20210905 16:21:52.760" endtime="20210905 16:21:52.761"></status>
</kw>
<kw name="Element Should Be Visible" library="SeleniumLibrary">
<doc>Verifies that the element identified by ``locator`` is visible.</doc>
<arguments>
<arg>${btn_share_mail_page}</arg>
</arguments>
<msg timestamp="20210905 16:21:54.798" level="INFO">Element 'xpath://a[@id="lnk-shareProductToEmail-CDS10370209"]' is displayed.</msg>
<status status="PASS" starttime="20210905 16:21:52.761" endtime="20210905 16:21:54.798"></status>
</kw>
<status status="PASS" starttime="20210905 16:21:52.760" endtime="20210905 16:21:54.798"></status>
</kw>
<kw name="Verify Line Share Button Exists" library="productDetailsPage">
<arguments>
<arg>${productID}</arg>
</arguments>
<kw name="Format String" library="String">
<doc>Formats a ``template`` using the given ``positional`` and ``named`` arguments.</doc>
<arguments>
<arg>${btn_share_line_page}</arg>
<arg>productID=${productID}</arg>
</arguments>
<assign>
<var>${btn_share_line_page}</var>
</assign>
<msg timestamp="20210905 16:21:54.800" level="INFO">${btn_share_line_page} = xpath://a[@id="lnk-shareProductToLine-CDS10370209"]</msg>
<status status="PASS" starttime="20210905 16:21:54.799" endtime="20210905 16:21:54.800"></status>
</kw>
<kw name="Element Should Be Visible" library="SeleniumLibrary">
<doc>Verifies that the element identified by ``locator`` is visible.</doc>
<arguments>
<arg>${btn_share_line_page}</arg>
</arguments>
<msg timestamp="20210905 16:21:56.837" level="INFO">Element 'xpath://a[@id="lnk-shareProductToLine-CDS10370209"]' is displayed.</msg>
<status status="PASS" starttime="20210905 16:21:54.800" endtime="20210905 16:21:56.837"></status>
</kw>
<status status="PASS" starttime="20210905 16:21:54.799" endtime="20210905 16:21:56.837"></status>
</kw>
<kw name="Set Selenium Speed" library="SeleniumLibrary">
<doc>Sets the delay that is waited after each Selenium command.</doc>
<arguments>
<arg>${implicit_timeout}</arg>
</arguments>
<status status="PASS" starttime="20210905 16:21:56.838" endtime="20210905 16:21:56.838"></status>
</kw>
<status status="PASS" starttime="20210905 16:21:12.887" endtime="20210905 16:21:56.839"></status>
</kw>
<kw name="Click Add A Review Button" library="productDetailsPage">
<kw name="Common Click Element" library="CommonFunctions">
<arguments>
<arg>${btn_add_customer_review}</arg>
</arguments>
<kw name="Wait Until Element Is Visible" library="SeleniumLibrary">
<doc>Waits until the element ``locator`` is visible.</doc>
<arguments>
<arg>${element}</arg>
<arg>${timeout}</arg>
<arg>Element ${element} is not visible</arg>
</arguments>
<status status="PASS" starttime="20210905 16:21:56.840" endtime="20210905 16:22:02.877"></status>
</kw>
<kw name="Scroll Element Into View" library="SeleniumLibrary">
<doc>Scrolls the element identified by ``locator`` into view.</doc>
<arguments>
<arg>${element}</arg>
</arguments>
<status status="PASS" starttime="20210905 16:22:02.877" endtime="20210905 16:22:09.169"></status>
</kw>
<kw name="Click Element" library="SeleniumLibrary">
<doc>Click the element identified by ``locator``.</doc>
<arguments>
<arg>${element}</arg>
</arguments>
<msg timestamp="20210905 16:22:09.170" level="INFO">Clicking element 'xpath://a[@data-testid="button-show-popup"]'.</msg>
<status status="PASS" starttime="20210905 16:22:09.169" endtime="20210905 16:22:15.778"></status>
</kw>
<status status="PASS" starttime="20210905 16:21:56.840" endtime="20210905 16:22:15.778"></status>
</kw>
<status status="PASS" starttime="20210905 16:21:56.839" endtime="20210905 16:22:15.778"></status>
</kw>
<kw name="Verify Customer Review Field Information" library="productDetailsPage">
<arguments>
<arg>${product_name}</arg>
</arguments>
<kw name="Set Selenium Speed" library="SeleniumLibrary">
<doc>Sets the delay that is waited after each Selenium command.</doc>
<arguments>
<arg>1</arg>
</arguments>
<status status="PASS" starttime="20210905 16:22:15.780" endtime="20210905 16:22:15.780"></status>
</kw>
<kw name="Verify You Are Reviewing label" library="productDetailsPage">
<arguments>
<arg>${product_name}</arg>
</arguments>
<kw name="Format String" library="String">
<doc>Formats a ``template`` using the given ``positional`` and ``named`` arguments.</doc>
<arguments>
<arg>${label_you_are_reviewing}</arg>
<arg>productName=${product_name}</arg>
</arguments>
<assign>
<var>${label_you_are_reviewing}</var>
</assign>
<msg timestamp="20210905 16:22:15.782" level="INFO">${label_you_are_reviewing} = xpath://h3[text()="CR SR SERUM 30"]</msg>
<status status="PASS" starttime="20210905 16:22:15.781" endtime="20210905 16:22:15.782"></status>
</kw>
<kw name="Element Should Be Visible" library="SeleniumLibrary">
<doc>Verifies that the element identified by ``locator`` is visible.</doc>
<arguments>
<arg>${label_you_are_reviewing}</arg>
</arguments>
<msg timestamp="20210905 16:22:17.818" level="INFO">Element 'xpath://h3[text()="CR SR SERUM 30"]' is displayed.</msg>
<status status="PASS" starttime="20210905 16:22:15.782" endtime="20210905 16:22:17.818"></status>
</kw>
<status status="PASS" starttime="20210905 16:22:15.780" endtime="20210905 16:22:17.818"></status>
</kw>
<kw name="Verify Ratings Container Exists" library="productDetailsPage">
<kw name="Element Should Be Visible" library="SeleniumLibrary">
<doc>Verifies that the element identified by ``locator`` is visible.</doc>
<arguments>
<arg>${label_ratings_container}</arg>
</arguments>
<msg timestamp="20210905 16:22:19.855" level="INFO">Element 'xpath://span[contains(text(), "You are reviewing")]/../../..//div[@data-testid="rating-container"]' is displayed.</msg>
<status status="PASS" starttime="20210905 16:22:17.819" endtime="20210905 16:22:19.855"></status>
</kw>
<status status="PASS" starttime="20210905 16:22:17.819" endtime="20210905 16:22:19.855"></status>
</kw>
<kw name="Verify Input Nickname Exists" library="productDetailsPage">
<kw name="Element Should Be Visible" library="SeleniumLibrary">
<doc>Verifies that the element identified by ``locator`` is visible.</doc>
<arguments>
<arg>${input_nickname}</arg>
</arguments>
<msg timestamp="20210905 16:22:21.893" level="INFO">Element 'xpath://input[@data-testid="field-nickname"]' is displayed.</msg>
<status status="PASS" starttime="20210905 16:22:19.856" endtime="20210905 16:22:21.893"></status>
</kw>
<status status="PASS" starttime="20210905 16:22:19.856" endtime="20210905 16:22:21.893"></status>
</kw>
<kw name="Verify Input Email Exists" library="productDetailsPage">
<kw name="Element Should Be Visible" library="SeleniumLibrary">
<doc>Verifies that the element identified by ``locator`` is visible.</doc>
<arguments>
<arg>${input_email}</arg>
</arguments>
<msg timestamp="20210905 16:22:23.931" level="INFO">Element 'xpath://input[@data-testid="field-email"]' is displayed.</msg>
<status status="PASS" starttime="20210905 16:22:21.894" endtime="20210905 16:22:23.931"></status>
</kw>
<status status="PASS" starttime="20210905 16:22:21.894" endtime="20210905 16:22:23.931"></status>
</kw>
<kw name="Verify Input Review Summary Exists" library="productDetailsPage">
<kw name="Element Should Be Visible" library="SeleniumLibrary">
<doc>Verifies that the element identified by ``locator`` is visible.</doc>
<arguments>
<arg>${input_review_summary}</arg>
</arguments>
<msg timestamp="20210905 16:22:25.968" level="INFO">Element 'xpath://input[@data-testid="field-input-title"]' is displayed.</msg>
<status status="PASS" starttime="20210905 16:22:23.933" endtime="20210905 16:22:25.968"></status>
</kw>
<status status="PASS" starttime="20210905 16:22:23.932" endtime="20210905 16:22:25.968"></status>
</kw>
<kw name="Verify Combobox Regions Exists" library="productDetailsPage">
<kw name="Element Should Be Visible" library="SeleniumLibrary">
<doc>Verifies that the element identified by ``locator`` is visible.</doc>
<arguments>
<arg>${combobox_regions}</arg>
</arguments>
<msg timestamp="20210905 16:22:28.005" level="INFO">Element 'xpath://select[@data-testid="field-regions"]' is displayed.</msg>
<status status="PASS" starttime="20210905 16:22:25.969" endtime="20210905 16:22:28.005"></status>
</kw>
<status status="PASS" starttime="20210905 16:22:25.969" endtime="20210905 16:22:28.005"></status>
</kw>
<kw name="Verify Text Area Review Details Exists" library="productDetailsPage">
<kw name="Element Should Be Visible" library="SeleniumLibrary">
<doc>Verifies that the element identified by ``locator`` is visible.</doc>
<arguments>
<arg>${textarea_review_details}</arg>
</arguments>
<msg timestamp="20210905 16:22:30.045" level="INFO">Element 'xpath://textarea[@data-testid="field-textarea-detail"]' is displayed.</msg>
<status status="PASS" starttime="20210905 16:22:28.006" endtime="20210905 16:22:30.045"></status>
</kw>
<status status="PASS" starttime="20210905 16:22:28.006" endtime="20210905 16:22:30.045"></status>
</kw>
<kw name="Verify Upload Button Exists" library="productDetailsPage">
<kw name="Element Should Be Visible" library="SeleniumLibrary">
<doc>Verifies that the element identified by ``locator`` is visible.</doc>
<arguments>
<arg>${btn_upload}</arg>
</arguments>
<msg timestamp="20210905 16:22:32.083" level="INFO">Element 'xpath://div[contains(@data-testid,"UploadImageButton")]' is displayed.</msg>
<status status="PASS" starttime="20210905 16:22:30.046" endtime="20210905 16:22:32.083"></status>
</kw>
<status status="PASS" starttime="20210905 16:22:30.046" endtime="20210905 16:22:32.083"></status>
</kw>
<kw name="Verify Submit Review Button Exists" library="productDetailsPage">
<kw name="Element Should Be Visible" library="SeleniumLibrary">
<doc>Verifies that the element identified by ``locator`` is visible.</doc>
<arguments>
<arg>${btn_submit_review}</arg>
</arguments>
<msg timestamp="20210905 16:22:34.120" level="INFO">Element 'xpath://button[@data-testid="button-submit"]' is displayed.</msg>
<status status="PASS" starttime="20210905 16:22:32.084" endtime="20210905 16:22:34.120"></status>
</kw>
<status status="PASS" starttime="20210905 16:22:32.084" endtime="20210905 16:22:34.120"></status>
</kw>
<kw name="Verify Cancel Review Button Exists" library="productDetailsPage">
<kw name="Element Should Be Visible" library="SeleniumLibrary">
<doc>Verifies that the element identified by ``locator`` is visible.</doc>
<arguments>
<arg>${btn_cancel_review}</arg>
</arguments>
<msg timestamp="20210905 16:22:36.158" level="INFO">Element 'xpath://div[@data-testid="button-cancel"]' is displayed.</msg>
<status status="PASS" starttime="20210905 16:22:34.121" endtime="20210905 16:22:36.158"></status>
</kw>
<status status="PASS" starttime="20210905 16:22:34.121" endtime="20210905 16:22:36.158"></status>
</kw>
<kw name="Set Selenium Speed" library="SeleniumLibrary">
<doc>Sets the delay that is waited after each Selenium command.</doc>
<arguments>
<arg>${implicit_timeout}</arg>
</arguments>
<status status="PASS" starttime="20210905 16:22:36.159" endtime="20210905 16:22:36.159"></status>
</kw>
<status status="PASS" starttime="20210905 16:22:15.779" endtime="20210905 16:22:36.160"></status>
</kw>
<kw name="Fill All Customer Review Fields and Invalid Mail Format, Submit and Verify Error Message" library="productDetailsPage">
<arguments>
<arg>${ratings}</arg>
<arg>${nickname}</arg>
<arg>${email}</arg>
<arg>${review_summary}</arg>
<arg>${region}</arg>
<arg>${review_dettails}</arg>
<arg>${expected_error}</arg>
</arguments>
<kw name="Set Selenium Speed" library="SeleniumLibrary">
<doc>Sets the delay that is waited after each Selenium command.</doc>
<arguments>
<arg>1</arg>
</arguments>
<status status="PASS" starttime="20210905 16:22:36.161" endtime="20210905 16:22:36.162"></status>
</kw>
<kw name="Format String" library="String">
<doc>Formats a ``template`` using the given ``positional`` and ``named`` arguments.</doc>
<arguments>
<arg>${btn_ratings}</arg>
<arg>ratings=${ratings}</arg>
</arguments>
<assign>
<var>${btn_ratings}</var>
</assign>
<msg timestamp="20210905 16:22:36.162" level="INFO">${btn_ratings} = xpath://span[contains(text(), "You are reviewing")]/../../..//div[@data-testid="rating-container"]/span/span[4]</msg>
<status status="PASS" starttime="20210905 16:22:36.162" endtime="20210905 16:22:36.162"></status>
</kw>
<kw name="Common Click Element" library="CommonFunctions">
<arguments>
<arg>${btn_ratings}</arg>
</arguments>
<kw name="Wait Until Element Is Visible" library="SeleniumLibrary">
<doc>Waits until the element ``locator`` is visible.</doc>
<arguments>
<arg>${element}</arg>
<arg>${timeout}</arg>
<arg>Element ${element} is not visible</arg>
</arguments>
<status status="PASS" starttime="20210905 16:22:36.163" endtime="20210905 16:22:38.200"></status>
</kw>
<kw name="Scroll Element Into View" library="SeleniumLibrary">
<doc>Scrolls the element identified by ``locator`` into view.</doc>
<arguments>
<arg>${element}</arg>
</arguments>
<status status="PASS" starttime="20210905 16:22:38.200" endtime="20210905 16:22:40.506"></status>
</kw>
<kw name="Click Element" library="SeleniumLibrary">
<doc>Click the element identified by ``locator``.</doc>
<arguments>
<arg>${element}</arg>
</arguments>
<msg timestamp="20210905 16:22:40.507" level="INFO">Clicking element 'xpath://span[contains(text(), "You are reviewing")]/../../..//div[@data-testid="rating-container"]/span/span[4]'.</msg>
<status status="PASS" starttime="20210905 16:22:40.506" endtime="20210905 16:22:42.619"></status>
</kw>
<status status="PASS" starttime="20210905 16:22:36.163" endtime="20210905 16:22:42.619"></status>
</kw>
<kw name="Input Text" library="SeleniumLibrary">
<doc>Types the given ``text`` into the text field identified by ``locator``.</doc>
<arguments>
<arg>${input_nickname}</arg>
<arg>${nickname}</arg>
</arguments>
<msg timestamp="20210905 16:22:42.620" level="INFO">Typing text 'leonardo' into text field 'xpath://input[@data-testid="field-nickname"]'.</msg>
<status status="PASS" starttime="20210905 16:22:42.619" endtime="20210905 16:22:45.774"></status>
</kw>
<kw name="Input Text" library="SeleniumLibrary">
<doc>Types the given ``text`` into the text field identified by ``locator``.</doc>
<arguments>
<arg>${input_email}</arg>
<arg>${email}</arg>
</arguments>
<msg timestamp="20210905 16:22:45.775" level="INFO">Typing text 'leonardo@.com' into text field 'xpath://input[@data-testid="field-email"]'.</msg>
<status status="PASS" starttime="20210905 16:22:45.774" endtime="20210905 16:22:48.923"></status>
</kw>
<kw name="Input Text" library="SeleniumLibrary">
<doc>Types the given ``text`` into the text field identified by ``locator``.</doc>
<arguments>
<arg>${input_review_summary}</arg>
<arg>${review_summary}</arg>
</arguments>
<msg timestamp="20210905 16:22:48.924" level="INFO">Typing text 'good good' into text field 'xpath://input[@data-testid="field-input-title"]'.</msg>
<status status="PASS" starttime="20210905 16:22:48.923" endtime="20210905 16:22:52.114"></status>
</kw>
<kw name="Select From List By Label" library="SeleniumLibrary">
<doc>Selects options from selection list ``locator`` by ``labels``.</doc>
<arguments>
<arg>${combobox_regions}</arg>
<arg>${region}</arg>
</arguments>
<msg timestamp="20210905 16:22:52.115" level="INFO">Selecting options from selection list 'xpath://select[@data-testid="field-regions"]' by label Surin.</msg>
<status status="PASS" starttime="20210905 16:22:52.114" endtime="20210905 16:22:59.242"></status>
</kw>
<kw name="Input Text" library="SeleniumLibrary">
<doc>Types the given ``text`` into the text field identified by ``locator``.</doc>
<arguments>
<arg>${textarea_review_details}</arg>
<arg>${review_dettails}</arg>
</arguments>
<msg timestamp="20210905 16:22:59.243" level="INFO">Typing text 'good good good' into text field 'xpath://textarea[@data-testid="field-textarea-detail"]'.</msg>
<status status="PASS" starttime="20210905 16:22:59.242" endtime="20210905 16:23:02.473"></status>
</kw>
<kw name="Common Click Element" library="CommonFunctions">
<arguments>
<arg>${btn_submit_review}</arg>
</arguments>
<kw name="Wait Until Element Is Visible" library="SeleniumLibrary">
<doc>Waits until the element ``locator`` is visible.</doc>
<arguments>
<arg>${element}</arg>
<arg>${timeout}</arg>
<arg>Element ${element} is not visible</arg>
</arguments>
<status status="PASS" starttime="20210905 16:23:02.474" endtime="20210905 16:23:04.503"></status>
</kw>
<kw name="Scroll Element Into View" library="SeleniumLibrary">
<doc>Scrolls the element identified by ``locator`` into view.</doc>
<arguments>
<arg>${element}</arg>
</arguments>
<status status="PASS" starttime="20210905 16:23:04.503" endtime="20210905 16:23:06.806"></status>
</kw>
<kw name="Click Element" library="SeleniumLibrary">
<doc>Click the element identified by ``locator``.</doc>
<arguments>
<arg>${element}</arg>
</arguments>
<msg timestamp="20210905 16:23:06.807" level="INFO">Clicking element 'xpath://button[@data-testid="button-submit"]'.</msg>
<status status="PASS" starttime="20210905 16:23:06.806" endtime="20210905 16:23:08.942"></status>
</kw>
<status status="PASS" starttime="20210905 16:23:02.473" endtime="20210905 16:23:08.942"></status>
</kw>
<kw name="Get Element Attribute" library="SeleniumLibrary">
<doc>Returns the value of ``attribute`` from the element ``locator``.</doc>
<arguments>
<arg>${input_email}</arg>
<arg>validationMessage</arg>
</arguments>
<assign>
<var>${attribute}</var>
</assign>
<msg timestamp="20210905 16:23:10.966" level="INFO">${attribute} = '.' is used at a wrong position in '.com'.</msg>
<status status="PASS" starttime="20210905 16:23:08.943" endtime="20210905 16:23:10.966"></status>
</kw>
<kw name="Should Contain" library="BuiltIn">
<doc>Fails if ``container`` does not contain ``item`` one or more times.</doc>
<arguments>
<arg>${attribute}</arg>
<arg>${expected_error}</arg>
</arguments>
<status status="PASS" starttime="20210905 16:23:10.966" endtime="20210905 16:23:10.967"></status>
</kw>
<kw name="Set Selenium Speed" library="SeleniumLibrary">
<doc>Sets the delay that is waited after each Selenium command.</doc>
<arguments>
<arg>${implicit_timeout}</arg>
</arguments>
<status status="PASS" starttime="20210905 16:23:10.967" endtime="20210905 16:23:10.968"></status>
</kw>
<status status="PASS" starttime="20210905 16:22:36.160" endtime="20210905 16:23:10.968"></status>
</kw>
<status status="PASS" starttime="20210905 16:21:05.837" endtime="20210905 16:23:10.968"></status>
</kw>
<kw name="End Test Case" library="CommonFunctions" type="teardown">
<kw name="Close Browser" library="SeleniumLibrary">
<doc>Closes the current browser.</doc>
<status status="PASS" starttime="20210905 16:23:10.969" endtime="20210905 16:23:16.023"></status>
</kw>
<kw name="Log To Console" library="BuiltIn">
<doc>Logs the given message to the console.</doc>
<arguments>
<arg>Ending</arg>
</arguments>
<status status="PASS" starttime="20210905 16:23:16.023" endtime="20210905 16:23:16.024"></status>
</kw>
[...]
<arguments>
<arg>${btn_share_mail_page}</arg>
</arguments>
<msg timestamp="20210905 16:28:51.826" level="INFO">Element 'xpath://a[@id="lnk-shareProductToEmail-CDS6584825"]' is displayed.</msg>
<status status="PASS" starttime="20210905 16:28:49.789" endtime="20210905 16:28:51.826"></status>
</kw>
<status status="PASS" starttime="20210905 16:28:49.787" endtime="20210905 16:28:51.826"></status>
</kw>
<kw name="Verify Line Share Button Exists" library="productDetailsPage">
<arguments>
<arg>${productID}</arg>
</arguments>
<kw name="Format String" library="String">
<doc>Formats a ``template`` using the given ``positional`` and ``named`` arguments.</doc>
<arguments>
<arg>${btn_share_line_page}</arg>
<arg>productID=${productID}</arg>
</arguments>
<assign>
<var>${btn_share_line_page}</var>
</assign>
<msg timestamp="20210905 16:28:51.828" level="INFO">${btn_share_line_page} = xpath://a[@id="lnk-shareProductToLine-CDS6584825"]</msg>
<status status="PASS" starttime="20210905 16:28:51.827" endtime="20210905 16:28:51.828"></status>
</kw>
<kw name="Element Should Be Visible" library="SeleniumLibrary">
<doc>Verifies that the element identified by ``locator`` is visible.</doc>
<arguments>
<arg>${btn_share_line_page}</arg>
</arguments>
<msg timestamp="20210905 16:28:53.864" level="INFO">Element 'xpath://a[@id="lnk-shareProductToLine-CDS6584825"]' is displayed.</msg>
<status status="PASS" starttime="20210905 16:28:51.828" endtime="20210905 16:28:53.864"></status>
</kw>
<status status="PASS" starttime="20210905 16:28:51.826" endtime="20210905 16:28:53.864"></status>
</kw>
<kw name="Set Selenium Speed" library="SeleniumLibrary">
<doc>Sets the delay that is waited after each Selenium command.</doc>
<arguments>
<arg>${implicit_timeout}</arg>
</arguments>
<status status="PASS" starttime="20210905 16:28:53.865" endtime="20210905 16:28:53.865"></status>
</kw>
<status status="PASS" starttime="20210905 16:28:09.998" endtime="20210905 16:28:53.865"></status>
</kw>
<kw name="Click Add A Review Button" library="productDetailsPage">
<kw name="Common Click Element" library="CommonFunctions">
<arguments>
<arg>${btn_add_customer_review}</arg>
</arguments>
<kw name="Wait Until Element Is Visible" library="SeleniumLibrary">
<doc>Waits until the element ``locator`` is visible.</doc>
<arguments>
<arg>${element}</arg>
<arg>${timeout}</arg>
<arg>Element ${element} is not visible</arg>
</arguments>
<status status="PASS" starttime="20210905 16:28:53.867" endtime="20210905 16:28:59.903"></status>
</kw>
<kw name="Scroll Element Into View" library="SeleniumLibrary">
<doc>Scrolls the element identified by ``locator`` into view.</doc>
<arguments>
<arg>${element}</arg>
</arguments>
<status status="PASS" starttime="20210905 16:28:59.903" endtime="20210905 16:29:06.208"></status>
</kw>
<kw name="Click Element" library="SeleniumLibrary">
<doc>Click the element identified by ``locator``.</doc>
<arguments>
<arg>${element}</arg>
</arguments>
<msg timestamp="20210905 16:29:06.209" level="INFO">Clicking element 'xpath://a[@data-testid="button-show-popup"]'.</msg>
<status status="PASS" starttime="20210905 16:29:06.208" endtime="20210905 16:29:12.856"></status>
</kw>
<status status="PASS" starttime="20210905 16:28:53.866" endtime="20210905 16:29:12.856"></status>
</kw>
<status status="PASS" starttime="20210905 16:28:53.866" endtime="20210905 16:29:12.856"></status>
</kw>
<kw name="Verify Customer Review Field Information" library="productDetailsPage">
<arguments>
<arg>${product_name}</arg>
</arguments>
<kw name="Set Selenium Speed" library="SeleniumLibrary">
<doc>Sets the delay that is waited after each Selenium command.</doc>
<arguments>
<arg>1</arg>
</arguments>
<status status="PASS" starttime="20210905 16:29:12.857" endtime="20210905 16:29:12.858"></status>
</kw>
<kw name="Verify You Are Reviewing label" library="productDetailsPage">
<arguments>
<arg>${product_name}</arg>
</arguments>
<kw name="Format String" library="String">
<doc>Formats a ``template`` using the given ``positional`` and ``named`` arguments.</doc>
<arguments>
<arg>${label_you_are_reviewing}</arg>
<arg>productName=${product_name}</arg>
</arguments>
<assign>
<var>${label_you_are_reviewing}</var>
</assign>
<msg timestamp="20210905 16:29:12.860" level="INFO">${label_you_are_reviewing} = xpath://h3[text()="The Treatment Lotion 150 mL"]</msg>
<status status="PASS" starttime="20210905 16:29:12.859" endtime="20210905 16:29:12.860"></status>
</kw>
<kw name="Element Should Be Visible" library="SeleniumLibrary">
<doc>Verifies that the element identified by ``locator`` is visible.</doc>
<arguments>
<arg>${label_you_are_reviewing}</arg>
</arguments>
<msg timestamp="20210905 16:29:14.896" level="INFO">Element 'xpath://h3[text()="The Treatment Lotion 150 mL"]' is displayed.</msg>
<status status="PASS" starttime="20210905 16:29:12.860" endtime="20210905 16:29:14.896"></status>
</kw>
<status status="PASS" starttime="20210905 16:29:12.858" endtime="20210905 16:29:14.896"></status>
</kw>
<kw name="Verify Ratings Container Exists" library="productDetailsPage">
<kw name="Element Should Be Visible" library="SeleniumLibrary">
<doc>Verifies that the element identified by ``locator`` is visible.</doc>
<arguments>
<arg>${label_ratings_container}</arg>
</arguments>
<msg timestamp="20210905 16:29:16.934" level="INFO">Element 'xpath://span[contains(text(), "You are reviewing")]/../../..//div[@data-testid="rating-container"]' is displayed.</msg>
<status status="PASS" starttime="20210905 16:29:14.897" endtime="20210905 16:29:16.934"></status>
</kw>
<status status="PASS" starttime="20210905 16:29:14.897" endtime="20210905 16:29:16.934"></status>
</kw>
<kw name="Verify Input Nickname Exists" library="productDetailsPage">
<kw name="Element Should Be Visible" library="SeleniumLibrary">
<doc>Verifies that the element identified by ``locator`` is visible.</doc>
<arguments>
<arg>${input_nickname}</arg>
</arguments>
<msg timestamp="20210905 16:29:18.971" level="INFO">Element 'xpath://input[@data-testid="field-nickname"]' is displayed.</msg>
<status status="PASS" starttime="20210905 16:29:16.935" endtime="20210905 16:29:18.971"></status>
</kw>
<status status="PASS" starttime="20210905 16:29:16.935" endtime="20210905 16:29:18.971"></status>
</kw>
<kw name="Verify Input Email Exists" library="productDetailsPage">
<kw name="Element Should Be Visible" library="SeleniumLibrary">
<doc>Verifies that the element identified by ``locator`` is visible.</doc>
<arguments>
<arg>${input_email}</arg>
</arguments>
<msg timestamp="20210905 16:29:21.015" level="INFO">Element 'xpath://input[@data-testid="field-email"]' is displayed.</msg>
<status status="PASS" starttime="20210905 16:29:18.972" endtime="20210905 16:29:21.015"></status>
</kw>
<status status="PASS" starttime="20210905 16:29:18.972" endtime="20210905 16:29:21.015"></status>
</kw>
<kw name="Verify Input Review Summary Exists" library="productDetailsPage">
<kw name="Element Should Be Visible" library="SeleniumLibrary">
<doc>Verifies that the element identified by ``locator`` is visible.</doc>
<arguments>
<arg>${input_review_summary}</arg>
</arguments>
<msg timestamp="20210905 16:29:23.052" level="INFO">Element 'xpath://input[@data-testid="field-input-title"]' is displayed.</msg>
<status status="PASS" starttime="20210905 16:29:21.016" endtime="20210905 16:29:23.052"></status>
</kw>
<status status="PASS" starttime="20210905 16:29:21.016" endtime="20210905 16:29:23.052"></status>
</kw>
<kw name="Verify Combobox Regions Exists" library="productDetailsPage">
<kw name="Element Should Be Visible" library="SeleniumLibrary">
<doc>Verifies that the element identified by ``locator`` is visible.</doc>
<arguments>
<arg>${combobox_regions}</arg>
</arguments>
<msg timestamp="20210905 16:29:25.089" level="INFO">Element 'xpath://select[@data-testid="field-regions"]' is displayed.</msg>
<status status="PASS" starttime="20210905 16:29:23.053" endtime="20210905 16:29:25.089"></status>
</kw>
<status status="PASS" starttime="20210905 16:29:23.053" endtime="20210905 16:29:25.089"></status>
</kw>
<kw name="Verify Text Area Review Details Exists" library="productDetailsPage">
<kw name="Element Should Be Visible" library="SeleniumLibrary">
<doc>Verifies that the element identified by ``locator`` is visible.</doc>
<arguments>
<arg>${textarea_review_details}</arg>
</arguments>
<msg timestamp="20210905 16:29:27.127" level="INFO">Element 'xpath://textarea[@data-testid="field-textarea-detail"]' is displayed.</msg>
<status status="PASS" starttime="20210905 16:29:25.090" endtime="20210905 16:29:27.127"></status>
</kw>
<status status="PASS" starttime="20210905 16:29:25.090" endtime="20210905 16:29:27.127"></status>
</kw>
<kw name="Verify Upload Button Exists" library="productDetailsPage">
<kw name="Element Should Be Visible" library="SeleniumLibrary">
<doc>Verifies that the element identified by ``locator`` is visible.</doc>
<arguments>
<arg>${btn_upload}</arg>
</arguments>
<msg timestamp="20210905 16:29:29.166" level="INFO">Element 'xpath://div[contains(@data-testid,"UploadImageButton")]' is displayed.</msg>
<status status="PASS" starttime="20210905 16:29:27.128" endtime="20210905 16:29:29.166"></status>
</kw>
<status status="PASS" starttime="20210905 16:29:27.128" endtime="20210905 16:29:29.166"></status>
</kw>
<kw name="Verify Submit Review Button Exists" library="productDetailsPage">
<kw name="Element Should Be Visible" library="SeleniumLibrary">
<doc>Verifies that the element identified by ``locator`` is visible.</doc>
<arguments>
<arg>${btn_submit_review}</arg>
</arguments>
<msg timestamp="20210905 16:29:31.202" level="INFO">Element 'xpath://button[@data-testid="button-submit"]' is displayed.</msg>
<status status="PASS" starttime="20210905 16:29:29.167" endtime="20210905 16:29:31.202"></status>
</kw>
<status status="PASS" starttime="20210905 16:29:29.167" endtime="20210905 16:29:31.202"></status>
</kw>
<kw name="Verify Cancel Review Button Exists" library="productDetailsPage">
<kw name="Element Should Be Visible" library="SeleniumLibrary">
<doc>Verifies that the element identified by ``locator`` is visible.</doc>
<arguments>
<arg>${btn_cancel_review}</arg>
</arguments>
<msg timestamp="20210905 16:29:33.240" level="INFO">Element 'xpath://div[@data-testid="button-cancel"]' is displayed.</msg>
<status status="PASS" starttime="20210905 16:29:31.203" endtime="20210905 16:29:33.240"></status>
</kw>
<status status="PASS" starttime="20210905 16:29:31.202" endtime="20210905 16:29:33.240"></status>
</kw>
<kw name="Set Selenium Speed" library="SeleniumLibrary">
<doc>Sets the delay that is waited after each Selenium command.</doc>
<arguments>
<arg>${implicit_timeout}</arg>
</arguments>
<status status="PASS" starttime="20210905 16:29:33.241" endtime="20210905 16:29:33.241"></status>
</kw>
<status status="PASS" starttime="20210905 16:29:12.857" endtime="20210905 16:29:33.241"></status>
</kw>
<kw name="Fill All Customer Review Fields and Invalid Mail Format, Submit and Verify Error Message" library="productDetailsPage">
<arguments>
<arg>${ratings}</arg>
<arg>${nickname}</arg>
<arg>${email}</arg>
<arg>${review_summary}</arg>
<arg>${region}</arg>
<arg>${review_dettails}</arg>
<arg>${expected_error}</arg>
</arguments>
<kw name="Set Selenium Speed" library="SeleniumLibrary">
<doc>Sets the delay that is waited after each Selenium command.</doc>
<arguments>
<arg>1</arg>
</arguments>
<status status="PASS" starttime="20210905 16:29:33.243" endtime="20210905 16:29:33.244"></status>
</kw>
<kw name="Format String" library="String">
<doc>Formats a ``template`` using the given ``positional`` and ``named`` arguments.</doc>
<arguments>
<arg>${btn_ratings}</arg>
<arg>ratings=${ratings}</arg>
</arguments>
<assign>
<var>${btn_ratings}</var>
</assign>
<msg timestamp="20210905 16:29:33.244" level="INFO">${btn_ratings} = xpath://span[contains(text(), "You are reviewing")]/../../..//div[@data-testid="rating-container"]/span/span[1]</msg>
<status status="PASS" starttime="20210905 16:29:33.244" endtime="20210905 16:29:33.245"></status>
</kw>
<kw name="Common Click Element" library="CommonFunctions">
<arguments>
<arg>${btn_ratings}</arg>
</arguments>
<kw name="Wait Until Element Is Visible" library="SeleniumLibrary">
<doc>Waits until the element ``locator`` is visible.</doc>
<arguments>
<arg>${element}</arg>
<arg>${timeout}</arg>
<arg>Element ${element} is not visible</arg>
</arguments>
<status status="PASS" starttime="20210905 16:29:33.246" endtime="20210905 16:29:35.284"></status>
</kw>
<kw name="Scroll Element Into View" library="SeleniumLibrary">
<doc>Scrolls the element identified by ``locator`` into view.</doc>
<arguments>
<arg>${element}</arg>
</arguments>
<status status="PASS" starttime="20210905 16:29:35.284" endtime="20210905 16:29:37.574"></status>
</kw>
<kw name="Click Element" library="SeleniumLibrary">
<doc>Click the element identified by ``locator``.</doc>
<arguments>
<arg>${element}</arg>
</arguments>
<msg timestamp="20210905 16:29:37.575" level="INFO">Clicking element 'xpath://span[contains(text(), "You are reviewing")]/../../..//div[@data-testid="rating-container"]/span/span[1]'.</msg>
<status status="PASS" starttime="20210905 16:29:37.574" endtime="20210905 16:29:39.689"></status>
</kw>
<status status="PASS" starttime="20210905 16:29:33.245" endtime="20210905 16:29:39.689"></status>
</kw>
<kw name="Input Text" library="SeleniumLibrary">
<doc>Types the given ``text`` into the text field identified by ``locator``.</doc>
<arguments>
<arg>${input_nickname}</arg>
<arg>${nickname}</arg>
</arguments>
<msg timestamp="20210905 16:29:39.690" level="INFO">Typing text 'wutang' into text field 'xpath://input[@data-testid="field-nickname"]'.</msg>
<status status="PASS" starttime="20210905 16:29:39.689" endtime="20210905 16:29:42.837"></status>
</kw>
<kw name="Input Text" library="SeleniumLibrary">
<doc>Types the given ``text`` into the text field identified by ``locator``.</doc>
<arguments>
<arg>${input_email}</arg>
<arg>${email}</arg>
</arguments>
<msg timestamp="20210905 16:29:42.838" level="INFO">Typing text 'wutang' into text field 'xpath://input[@data-testid="field-email"]'.</msg>
<status status="PASS" starttime="20210905 16:29:42.837" endtime="20210905 16:29:45.972"></status>
</kw>
<kw name="Input Text" library="SeleniumLibrary">
<doc>Types the given ``text`` into the text field identified by ``locator``.</doc>
<arguments>
<arg>${input_review_summary}</arg>
<arg>${review_summary}</arg>
</arguments>
<msg timestamp="20210905 16:29:45.973" level="INFO">Typing text 'bad bad' into text field 'xpath://input[@data-testid="field-input-title"]'.</msg>
<status status="PASS" starttime="20210905 16:29:45.972" endtime="20210905 16:29:49.162"></status>
</kw>
<kw name="Select From List By Label" library="SeleniumLibrary">
<doc>Selects options from selection list ``locator`` by ``labels``.</doc>
<arguments>
<arg>${combobox_regions}</arg>
<arg>${region}</arg>
</arguments>
<msg timestamp="20210905 16:29:49.163" level="INFO">Selecting options from selection list 'xpath://select[@data-testid="field-regions"]' by label Saraburi.</msg>
<status status="PASS" starttime="20210905 16:29:49.162" endtime="20210905 16:29:56.279"></status>
</kw>
<kw name="Input Text" library="SeleniumLibrary">
<doc>Types the given ``text`` into the text field identified by ``locator``.</doc>
<arguments>
<arg>${textarea_review_details}</arg>
<arg>${review_dettails}</arg>
</arguments>
<msg timestamp="20210905 16:29:56.279" level="INFO">Typing text 'bad bad bad' into text field 'xpath://textarea[@data-testid="field-textarea-detail"]'.</msg>
<status status="PASS" starttime="20210905 16:29:56.279" endtime="20210905 16:29:59.504"></status>
</kw>
<kw name="Common Click Element" library="CommonFunctions">
<arguments>
<arg>${btn_submit_review}</arg>
</arguments>
<kw name="Wait Until Element Is Visible" library="SeleniumLibrary">
<doc>Waits until the element ``locator`` is visible.</doc>
<arguments>
<arg>${element}</arg>
<arg>${timeout}</arg>
<arg>Element ${element} is not visible</arg>
</arguments>
<status status="PASS" starttime="20210905 16:29:59.505" endtime="20210905 16:30:01.532"></status>
</kw>
<kw name="Scroll Element Into View" library="SeleniumLibrary">
<doc>Scrolls the element identified by ``locator`` into view.</doc>
<arguments>
<arg>${element}</arg>
</arguments>
<status status="PASS" starttime="20210905 16:30:01.532" endtime="20210905 16:30:03.826"></status>
</kw>
<kw name="Click Element" library="SeleniumLibrary">
<doc>Click the element identified by ``locator``.</doc>
<arguments>
<arg>${element}</arg>
</arguments>
<msg timestamp="20210905 16:30:03.827" level="INFO">Clicking element 'xpath://button[@data-testid="button-submit"]'.</msg>
<status status="PASS" starttime="20210905 16:30:03.826" endtime="20210905 16:30:05.963"></status>
</kw>
<status status="PASS" starttime="20210905 16:29:59.504" endtime="20210905 16:30:05.963"></status>
</kw>
<kw name="Get Element Attribute" library="SeleniumLibrary">
<doc>Returns the value of ``attribute`` from the element ``locator``.</doc>
<arguments>
<arg>${input_email}</arg>
<arg>validationMessage</arg>
</arguments>
<assign>
<var>${attribute}</var>
</assign>
<msg timestamp="20210905 16:30:07.993" level="INFO">${attribute} = Please include an '@' in the email address. 'wutang' is missing an '@'.</msg>
<status status="PASS" starttime="20210905 16:30:05.963" endtime="20210905 16:30:07.993"></status>
</kw>
<kw name="Should Contain" library="BuiltIn">
<doc>Fails if ``container`` does not contain ``item`` one or more times.</doc>
<arguments>
<arg>${attribute}</arg>
<arg>${expected_error}</arg>
</arguments>
<status status="PASS" starttime="20210905 16:30:07.993" endtime="20210905 16:30:07.994"></status>
</kw>
<kw name="Set Selenium Speed" library="SeleniumLibrary">
<doc>Sets the delay that is waited after each Selenium command.</doc>
<arguments>
<arg>${implicit_timeout}</arg>
</arguments>
<status status="PASS" starttime="20210905 16:30:07.994" endtime="20210905 16:30:07.994"></status>
</kw>
<status status="PASS" starttime="20210905 16:29:33.242" endtime="20210905 16:30:07.994"></status>
</kw>
<status status="PASS" starttime="20210905 16:28:04.934" endtime="20210905 16:30:07.994"></status>
</kw>
<kw name="End Test Case" library="CommonFunctions" type="teardown">
<kw name="Close Browser" library="SeleniumLibrary">
<doc>Closes the current browser.</doc>
<status status="PASS" starttime="20210905 16:30:07.996" endtime="20210905 16:30:13.050"></status>
</kw>
<kw name="Log To Console" library="BuiltIn">
<doc>Logs the given message to the console.</doc>
<arguments>
<arg>Ending</arg>
</arguments>
<status status="PASS" starttime="20210905 16:30:13.050" endtime="20210905 16:30:13.051"></status>
</kw>
<status status="PASS" starttime="20210905 16:30:07.996" endtime="20210905 16:30:13.051"></status>
</kw>
<status status="PASS" starttime="20210905 16:27:55.378" endtime="20210905 16:30:13.052" critical="yes"></status>
</test>
<status status="PASS" starttime="20210905 16:18:41.358" endtime="20210905 16:30:13.054"></status>
</suite>
<statistics>
<total>
<stat pass="5" fail="0">Critical Tests</stat>
<stat pass="5" fail="0">All Tests</stat>
</total>
<tag>
</tag>
<suite>
<stat pass="5" fail="0" id="s1" name="TC03 Invalid Email Review">TC03 Invalid Email Review</stat>
</suite>
</statistics>
<errors>
<msg timestamp="20210905 16:20:57.558" level="WARN">Multiple test cases with name 'Test Case 3' executed in test suite 'TC03 Invalid Email Review'.</msg>
<msg timestamp="20210905 16:23:16.027" level="WARN">Multiple test cases with name 'Test Case 3' executed in test suite 'TC03 Invalid Email Review'.</msg>
<msg timestamp="20210905 16:25:31.473" level="WARN">Multiple test cases with name 'Test Case 3' executed in test suite 'TC03 Invalid Email Review'.</msg>
<msg timestamp="20210905 16:27:55.378" level="WARN">Multiple test cases with name 'Test Case 3' executed in test suite 'TC03 Invalid Email Review'.</msg>
</errors>
</robot>
